ERROR - 2022-04-21 01:12:05 --> Error connecting to the database: Access denied for user ''@'localhost' (using password: NO)
CRITICAL - 2022-04-21 01:12:05 --> Unable to connect to the database.
Main connection [MySQLi]: Access denied for user ''@'localhost' (using password: NO)
#0 C:\xampp\htdocs\ci4\system\Database\BaseConnection.php(577): CodeIgniter\Database\BaseConnection->initialize()
#1 C:\xampp\htdocs\ci4\app\Models\Common_model.php(29): CodeIgniter\Database\BaseConnection->query('SELECT jobs.job...')
#2 C:\xampp\htdocs\ci4\app\Controllers\Home.php(14): App\Models\Common_model->getRecord()
#3 C:\xampp\htdocs\ci4\system\CodeIgniter.php(832): App\Controllers\Home->Jobs('JobsPortal')
#4 C:\xampp\htdocs\ci4\system\CodeIgniter.php(419): CodeIgniter\CodeIgniter->runController(Object(App\Controllers\Home))
#5 C:\xampp\htdocs\ci4\system\CodeIgniter.php(326): CodeIgniter\CodeIgniter->handleRequest(NULL, Object(Config\Cache), false)
#6 C:\xampp\htdocs\ci4\index.php(37): CodeIgniter\CodeIgniter->run()
#7 {main}
ERROR - 2022-04-21 01:12:58 --> Error connecting to the database: Access denied for user ''@'localhost' (using password: NO)
CRITICAL - 2022-04-21 01:12:58 --> Unable to connect to the database.
Main connection [MySQLi]: Access denied for user ''@'localhost' (using password: NO)
#0 C:\xampp\htdocs\ci4\system\Database\BaseConnection.php(577): CodeIgniter\Database\BaseConnection->initialize()
#1 C:\xampp\htdocs\ci4\app\Models\Common_model.php(29): CodeIgniter\Database\BaseConnection->query('SELECT jobs.job...')
#2 C:\xampp\htdocs\ci4\app\Controllers\Home.php(14): App\Models\Common_model->getRecord()
#3 C:\xampp\htdocs\ci4\system\CodeIgniter.php(832): App\Controllers\Home->Jobs('JobsPortal')
#4 C:\xampp\htdocs\ci4\system\CodeIgniter.php(419): CodeIgniter\CodeIgniter->runController(Object(App\Controllers\Home))
#5 C:\xampp\htdocs\ci4\system\CodeIgniter.php(326): CodeIgniter\CodeIgniter->handleRequest(NULL, Object(Config\Cache), false)
#6 C:\xampp\htdocs\ci4\index.php(37): CodeIgniter\CodeIgniter->run()
#7 {main}
ERROR - 2022-04-21 01:13:28 --> Error connecting to the database: Access denied for user ''@'localhost' (using password: NO)
CRITICAL - 2022-04-21 01:13:28 --> Unable to connect to the database.
Main connection [MySQLi]: Access denied for user ''@'localhost' (using password: NO)
#0 C:\xampp\htdocs\ci4\system\Database\BaseConnection.php(577): CodeIgniter\Database\BaseConnection->initialize()
#1 C:\xampp\htdocs\ci4\app\Models\Common_model.php(29): CodeIgniter\Database\BaseConnection->query('SELECT jobs.job...')
#2 C:\xampp\htdocs\ci4\app\Controllers\Home.php(14): App\Models\Common_model->getRecord()
#3 C:\xampp\htdocs\ci4\system\CodeIgniter.php(832): App\Controllers\Home->Jobs('JobsPortal')
#4 C:\xampp\htdocs\ci4\system\CodeIgniter.php(419): CodeIgniter\CodeIgniter->runController(Object(App\Controllers\Home))
#5 C:\xampp\htdocs\ci4\system\CodeIgniter.php(326): CodeIgniter\CodeIgniter->handleRequest(NULL, Object(Config\Cache), false)
#6 C:\xampp\htdocs\ci4\index.php(37): CodeIgniter\CodeIgniter->run()
#7 {main}
ERROR - 2022-04-21 01:13:29 --> Error connecting to the database: Access denied for user ''@'localhost' (using password: NO)
CRITICAL - 2022-04-21 01:13:29 --> Unable to connect to the database.
Main connection [MySQLi]: Access denied for user ''@'localhost' (using password: NO)
#0 C:\xampp\htdocs\ci4\system\Database\BaseConnection.php(577): CodeIgniter\Database\BaseConnection->initialize()
#1 C:\xampp\htdocs\ci4\app\Models\Common_model.php(29): CodeIgniter\Database\BaseConnection->query('SELECT jobs.job...')
#2 C:\xampp\htdocs\ci4\app\Controllers\Home.php(14): App\Models\Common_model->getRecord()
#3 C:\xampp\htdocs\ci4\system\CodeIgniter.php(832): App\Controllers\Home->Jobs('JobsPortal')
#4 C:\xampp\htdocs\ci4\system\CodeIgniter.php(419): CodeIgniter\CodeIgniter->runController(Object(App\Controllers\Home))
#5 C:\xampp\htdocs\ci4\system\CodeIgniter.php(326): CodeIgniter\CodeIgniter->handleRequest(NULL, Object(Config\Cache), false)
#6 C:\xampp\htdocs\ci4\index.php(37): CodeIgniter\CodeIgniter->run()
#7 {main}
ERROR - 2022-04-21 01:13:29 --> Error connecting to the database: Access denied for user ''@'localhost' (using password: NO)
CRITICAL - 2022-04-21 01:13:29 --> Unable to connect to the database.
Main connection [MySQLi]: Access denied for user ''@'localhost' (using password: NO)
#0 C:\xampp\htdocs\ci4\system\Database\BaseConnection.php(577): CodeIgniter\Database\BaseConnection->initialize()
#1 C:\xampp\htdocs\ci4\app\Models\Common_model.php(29): CodeIgniter\Database\BaseConnection->query('SELECT jobs.job...')
#2 C:\xampp\htdocs\ci4\app\Controllers\Home.php(14): App\Models\Common_model->getRecord()
#3 C:\xampp\htdocs\ci4\system\CodeIgniter.php(832): App\Controllers\Home->Jobs('JobsPortal')
#4 C:\xampp\htdocs\ci4\system\CodeIgniter.php(419): CodeIgniter\CodeIgniter->runController(Object(App\Controllers\Home))
#5 C:\xampp\htdocs\ci4\system\CodeIgniter.php(326): CodeIgniter\CodeIgniter->handleRequest(NULL, Object(Config\Cache), false)
#6 C:\xampp\htdocs\ci4\index.php(37): CodeIgniter\CodeIgniter->run()
#7 {main}
ERROR - 2022-04-21 01:13:29 --> Error connecting to the database: Access denied for user ''@'localhost' (using password: NO)
CRITICAL - 2022-04-21 01:13:29 --> Unable to connect to the database.
Main connection [MySQLi]: Access denied for user ''@'localhost' (using password: NO)
#0 C:\xampp\htdocs\ci4\system\Database\BaseConnection.php(577): CodeIgniter\Database\BaseConnection->initialize()
#1 C:\xampp\htdocs\ci4\app\Models\Common_model.php(29): CodeIgniter\Database\BaseConnection->query('SELECT jobs.job...')
#2 C:\xampp\htdocs\ci4\app\Controllers\Home.php(14): App\Models\Common_model->getRecord()
#3 C:\xampp\htdocs\ci4\system\CodeIgniter.php(832): App\Controllers\Home->Jobs('JobsPortal')
#4 C:\xampp\htdocs\ci4\system\CodeIgniter.php(419): CodeIgniter\CodeIgniter->runController(Object(App\Controllers\Home))
#5 C:\xampp\htdocs\ci4\system\CodeIgniter.php(326): CodeIgniter\CodeIgniter->handleRequest(NULL, Object(Config\Cache), false)
#6 C:\xampp\htdocs\ci4\index.php(37): CodeIgniter\CodeIgniter->run()
#7 {main}
ERROR - 2022-04-21 01:13:47 --> Error connecting to the database: Access denied for user ''@'localhost' (using password: NO)
CRITICAL - 2022-04-21 01:13:47 --> Unable to connect to the database.
Main connection [MySQLi]: Access denied for user ''@'localhost' (using password: NO)
#0 C:\xampp\htdocs\ci4\system\Database\BaseConnection.php(577): CodeIgniter\Database\BaseConnection->initialize()
#1 C:\xampp\htdocs\ci4\app\Models\Common_model.php(29): CodeIgniter\Database\BaseConnection->query('SELECT jobs.job...')
#2 C:\xampp\htdocs\ci4\app\Controllers\Home.php(14): App\Models\Common_model->getRecord()
#3 C:\xampp\htdocs\ci4\system\CodeIgniter.php(832): App\Controllers\Home->Jobs('JobsPortal')
#4 C:\xampp\htdocs\ci4\system\CodeIgniter.php(419): CodeIgniter\CodeIgniter->runController(Object(App\Controllers\Home))
#5 C:\xampp\htdocs\ci4\system\CodeIgniter.php(326): CodeIgniter\CodeIgniter->handleRequest(NULL, Object(Config\Cache), false)
#6 C:\xampp\htdocs\ci4\index.php(37): CodeIgniter\CodeIgniter->run()
#7 {main}
ERROR - 2022-04-21 01:15:19 --> Error connecting to the database: Access denied for user ''@'localhost' (using password: NO)
CRITICAL - 2022-04-21 01:15:19 --> Unable to connect to the database.
Main connection [MySQLi]: Access denied for user ''@'localhost' (using password: NO)
#0 C:\xampp\htdocs\ci4\system\Database\BaseConnection.php(577): CodeIgniter\Database\BaseConnection->initialize()
#1 C:\xampp\htdocs\ci4\app\Models\Common_model.php(29): CodeIgniter\Database\BaseConnection->query('SELECT jobs.job...')
#2 C:\xampp\htdocs\ci4\app\Controllers\Home.php(14): App\Models\Common_model->getRecord()
#3 C:\xampp\htdocs\ci4\system\CodeIgniter.php(832): App\Controllers\Home->Jobs('JobsPortal')
#4 C:\xampp\htdocs\ci4\system\CodeIgniter.php(419): CodeIgniter\CodeIgniter->runController(Object(App\Controllers\Home))
#5 C:\xampp\htdocs\ci4\system\CodeIgniter.php(326): CodeIgniter\CodeIgniter->handleRequest(NULL, Object(Config\Cache), false)
#6 C:\xampp\htdocs\ci4\index.php(37): CodeIgniter\CodeIgniter->run()
#7 {main}
ERROR - 2022-04-21 01:15:35 --> Error connecting to the database: Access denied for user ''@'localhost' (using password: NO)
CRITICAL - 2022-04-21 01:15:35 --> Unable to connect to the database.
Main connection [MySQLi]: Access denied for user ''@'localhost' (using password: NO)
#0 C:\xampp\htdocs\ci4\system\Database\BaseConnection.php(577): CodeIgniter\Database\BaseConnection->initialize()
#1 C:\xampp\htdocs\ci4\app\Models\Common_model.php(29): CodeIgniter\Database\BaseConnection->query('SELECT jobs.job...')
#2 C:\xampp\htdocs\ci4\app\Controllers\Home.php(15): App\Models\Common_model->getRecord()
#3 C:\xampp\htdocs\ci4\system\CodeIgniter.php(832): App\Controllers\Home->Jobs('JobsPortal')
#4 C:\xampp\htdocs\ci4\system\CodeIgniter.php(419): CodeIgniter\CodeIgniter->runController(Object(App\Controllers\Home))
#5 C:\xampp\htdocs\ci4\system\CodeIgniter.php(326): CodeIgniter\CodeIgniter->handleRequest(NULL, Object(Config\Cache), false)
#6 C:\xampp\htdocs\ci4\index.php(37): CodeIgniter\CodeIgniter->run()
#7 {main}
ERROR - 2022-04-21 01:17:15 --> Error connecting to the database: Access denied for user ''@'localhost' (using password: NO)
CRITICAL - 2022-04-21 01:17:15 --> Unable to connect to the database.
Main connection [MySQLi]: Access denied for user ''@'localhost' (using password: NO)
#0 C:\xampp\htdocs\ci4\system\Database\BaseConnection.php(577): CodeIgniter\Database\BaseConnection->initialize()
#1 C:\xampp\htdocs\ci4\app\Models\Common_model.php(29): CodeIgniter\Database\BaseConnection->query('SELECT jobs.job...')
#2 C:\xampp\htdocs\ci4\app\Controllers\Home.php(15): App\Models\Common_model->getRecord()
#3 C:\xampp\htdocs\ci4\system\CodeIgniter.php(832): App\Controllers\Home->Jobs('JobsPortal')
#4 C:\xampp\htdocs\ci4\system\CodeIgniter.php(419): CodeIgniter\CodeIgniter->runController(Object(App\Controllers\Home))
#5 C:\xampp\htdocs\ci4\system\CodeIgniter.php(326): CodeIgniter\CodeIgniter->handleRequest(NULL, Object(Config\Cache), false)
#6 C:\xampp\htdocs\ci4\index.php(37): CodeIgniter\CodeIgniter->run()
#7 {main}
ERROR - 2022-04-21 01:17:27 --> Error connecting to the database: Access denied for user ''@'localhost' (using password: NO)
CRITICAL - 2022-04-21 01:17:27 --> Unable to connect to the database.
Main connection [MySQLi]: Access denied for user ''@'localhost' (using password: NO)
#0 C:\xampp\htdocs\ci4\system\Database\BaseConnection.php(577): CodeIgniter\Database\BaseConnection->initialize()
#1 C:\xampp\htdocs\ci4\app\Models\Common_model.php(29): CodeIgniter\Database\BaseConnection->query('SELECT jobs.job...')
#2 C:\xampp\htdocs\ci4\app\Controllers\Home.php(14): App\Models\Common_model->getRecord()
#3 C:\xampp\htdocs\ci4\system\CodeIgniter.php(832): App\Controllers\Home->Jobs('JobsPortal')
#4 C:\xampp\htdocs\ci4\system\CodeIgniter.php(419): CodeIgniter\CodeIgniter->runController(Object(App\Controllers\Home))
#5 C:\xampp\htdocs\ci4\system\CodeIgniter.php(326): CodeIgniter\CodeIgniter->handleRequest(NULL, Object(Config\Cache), false)
#6 C:\xampp\htdocs\ci4\index.php(37): CodeIgniter\CodeIgniter->run()
#7 {main}
ERROR - 2022-04-21 01:18:18 --> Error connecting to the database: Access denied for user ''@'localhost' (using password: NO)
CRITICAL - 2022-04-21 01:18:18 --> Unable to connect to the database.
Main connection [MySQLi]: Access denied for user ''@'localhost' (using password: NO)
#0 C:\xampp\htdocs\ci4\system\Database\BaseConnection.php(577): CodeIgniter\Database\BaseConnection->initialize()
#1 C:\xampp\htdocs\ci4\app\Models\Common_model.php(30): CodeIgniter\Database\BaseConnection->query('SELECT jobs.job...')
#2 C:\xampp\htdocs\ci4\app\Controllers\Home.php(14): App\Models\Common_model->getRecord()
#3 C:\xampp\htdocs\ci4\system\CodeIgniter.php(832): App\Controllers\Home->Jobs('JobsPortal')
#4 C:\xampp\htdocs\ci4\system\CodeIgniter.php(419): CodeIgniter\CodeIgniter->runController(Object(App\Controllers\Home))
#5 C:\xampp\htdocs\ci4\system\CodeIgniter.php(326): CodeIgniter\CodeIgniter->handleRequest(NULL, Object(Config\Cache), false)
#6 C:\xampp\htdocs\ci4\index.php(37): CodeIgniter\CodeIgniter->run()
#7 {main}
ERROR - 2022-04-21 01:18:56 --> Error connecting to the database: Access denied for user ''@'localhost' (using password: NO)
CRITICAL - 2022-04-21 01:18:56 --> Unable to connect to the database.
Main connection [MySQLi]: Access denied for user ''@'localhost' (using password: NO)
#0 C:\xampp\htdocs\ci4\system\Database\BaseConnection.php(577): CodeIgniter\Database\BaseConnection->initialize()
#1 C:\xampp\htdocs\ci4\app\Models\Common_model.php(29): CodeIgniter\Database\BaseConnection->query('SELECT jobs.job...')
#2 C:\xampp\htdocs\ci4\app\Controllers\Home.php(14): App\Models\Common_model->getRecord()
#3 C:\xampp\htdocs\ci4\system\CodeIgniter.php(832): App\Controllers\Home->Jobs('JobsPortal')
#4 C:\xampp\htdocs\ci4\system\CodeIgniter.php(419): CodeIgniter\CodeIgniter->runController(Object(App\Controllers\Home))
#5 C:\xampp\htdocs\ci4\system\CodeIgniter.php(326): CodeIgniter\CodeIgniter->handleRequest(NULL, Object(Config\Cache), false)
#6 C:\xampp\htdocs\ci4\index.php(37): CodeIgniter\CodeIgniter->run()
#7 {main}
ERROR - 2022-04-21 01:22:21 --> Error connecting to the database: Access denied for user ''@'localhost' (using password: NO)
CRITICAL - 2022-04-21 01:22:21 --> Unable to connect to the database.
Main connection [MySQLi]: Access denied for user ''@'localhost' (using password: NO)
#0 C:\xampp\htdocs\ci4\system\Database\BaseConnection.php(577): CodeIgniter\Database\BaseConnection->initialize()
#1 C:\xampp\htdocs\ci4\app\Models\Common_model.php(29): CodeIgniter\Database\BaseConnection->query('SELECT jobs.job...')
#2 C:\xampp\htdocs\ci4\app\Controllers\Home.php(14): App\Models\Common_model->getRecord()
#3 C:\xampp\htdocs\ci4\system\CodeIgniter.php(832): App\Controllers\Home->Jobs('JobsPortal')
#4 C:\xampp\htdocs\ci4\system\CodeIgniter.php(419): CodeIgniter\CodeIgniter->runController(Object(App\Controllers\Home))
#5 C:\xampp\htdocs\ci4\system\CodeIgniter.php(326): CodeIgniter\CodeIgniter->handleRequest(NULL, Object(Config\Cache), false)
#6 C:\xampp\htdocs\ci4\index.php(37): CodeIgniter\CodeIgniter->run()
#7 {main}
ERROR - 2022-04-21 22:57:56 --> Unknown column '$id' in 'where clause'
CRITICAL - 2022-04-21 22:57:56 --> Call to a member function getResult() on bool
#0 C:\xampp\htdocs\ci4\app\Controllers\Home.php(25): App\Models\Common_model->getJobDescript(1)
#1 C:\xampp\htdocs\ci4\system\CodeIgniter.php(832): App\Controllers\Home->Jobs_Details('Jobs_details', '1')
#2 C:\xampp\htdocs\ci4\system\CodeIgniter.php(419): CodeIgniter\CodeIgniter->runController(Object(App\Controllers\Home))
#3 C:\xampp\htdocs\ci4\system\CodeIgniter.php(326): CodeIgniter\CodeIgniter->handleRequest(NULL, Object(Config\Cache), false)
#4 C:\xampp\htdocs\ci4\index.php(37): CodeIgniter\CodeIgniter->run()
#5 {main}
ERROR - 2022-04-21 22:58:55 --> Unknown column '$id' in 'where clause'
CRITICAL - 2022-04-21 22:58:55 --> Call to a member function getResult() on bool
#0 C:\xampp\htdocs\ci4\app\Controllers\Home.php(25): App\Models\Common_model->getJobDescript(1)
#1 C:\xampp\htdocs\ci4\system\CodeIgniter.php(832): App\Controllers\Home->Jobs_Details('Jobs_details', '1')
#2 C:\xampp\htdocs\ci4\system\CodeIgniter.php(419): CodeIgniter\CodeIgniter->runController(Object(App\Controllers\Home))
#3 C:\xampp\htdocs\ci4\system\CodeIgniter.php(326): CodeIgniter\CodeIgniter->handleRequest(NULL, Object(Config\Cache), false)
#4 C:\xampp\htdocs\ci4\index.php(37): CodeIgniter\CodeIgniter->run()
#5 {main}
CRITICAL - 2022-04-21 23:01:44 --> Undefined property: App\Controllers\Home::$uri
#0 C:\xampp\htdocs\ci4\app\Controllers\Home.php(25): CodeIgniter\Debug\Exceptions->errorHandler(2, 'Undefined prope...', 'C:\\xampp\\htdocs...', 25)
#1 C:\xampp\htdocs\ci4\system\CodeIgniter.php(832): App\Controllers\Home->Jobs_Details('Jobs_details', '1')
#2 C:\xampp\htdocs\ci4\system\CodeIgniter.php(419): CodeIgniter\CodeIgniter->runController(Object(App\Controllers\Home))
#3 C:\xampp\htdocs\ci4\system\CodeIgniter.php(326): CodeIgniter\CodeIgniter->handleRequest(NULL, Object(Config\Cache), false)
#4 C:\xampp\htdocs\ci4\index.php(37): CodeIgniter\CodeIgniter->run()
#5 {main}
CRITICAL - 2022-04-21 23:03:15 --> Undefined property: App\Controllers\Home::$uri
#0 C:\xampp\htdocs\ci4\app\Controllers\Home.php(25): CodeIgniter\Debug\Exceptions->errorHandler(2, 'Undefined prope...', 'C:\\xampp\\htdocs...', 25)
#1 C:\xampp\htdocs\ci4\system\CodeIgniter.php(832): App\Controllers\Home->Jobs_Details('Jobs_details', '1')
#2 C:\xampp\htdocs\ci4\system\CodeIgniter.php(419): CodeIgniter\CodeIgniter->runController(Object(App\Controllers\Home))
#3 C:\xampp\htdocs\ci4\system\CodeIgniter.php(326): CodeIgniter\CodeIgniter->handleRequest(NULL, Object(Config\Cache), false)
#4 C:\xampp\htdocs\ci4\index.php(37): CodeIgniter\CodeIgniter->run()
#5 {main}
CRITICAL - 2022-04-21 23:03:35 --> Undefined property: App\Controllers\Home::$uri
#0 C:\xampp\htdocs\ci4\app\Controllers\Home.php(25): CodeIgniter\Debug\Exceptions->errorHandler(2, 'Undefined prope...', 'C:\\xampp\\htdocs...', 25)
#1 C:\xampp\htdocs\ci4\system\CodeIgniter.php(832): App\Controllers\Home->Jobs_Details('Jobs_details', '1')
#2 C:\xampp\htdocs\ci4\system\CodeIgniter.php(419): CodeIgniter\CodeIgniter->runController(Object(App\Controllers\Home))
#3 C:\xampp\htdocs\ci4\system\CodeIgniter.php(326): CodeIgniter\CodeIgniter->handleRequest(NULL, Object(Config\Cache), false)
#4 C:\xampp\htdocs\ci4\index.php(37): CodeIgniter\CodeIgniter->run()
#5 {main}
CRITICAL - 2022-04-21 23:03:37 --> Undefined property: App\Controllers\Home::$uri
#0 C:\xampp\htdocs\ci4\app\Controllers\Home.php(25): CodeIgniter\Debug\Exceptions->errorHandler(2, 'Undefined prope...', 'C:\\xampp\\htdocs...', 25)
#1 C:\xampp\htdocs\ci4\system\CodeIgniter.php(832): App\Controllers\Home->Jobs_Details('Jobs_details', '1')
#2 C:\xampp\htdocs\ci4\system\CodeIgniter.php(419): CodeIgniter\CodeIgniter->runController(Object(App\Controllers\Home))
#3 C:\xampp\htdocs\ci4\system\CodeIgniter.php(326): CodeIgniter\CodeIgniter->handleRequest(NULL, Object(Config\Cache), false)
#4 C:\xampp\htdocs\ci4\index.php(37): CodeIgniter\CodeIgniter->run()
#5 {main}
CRITICAL - 2022-04-21 23:03:45 --> Undefined property: App\Controllers\Home::$uri
#0 C:\xampp\htdocs\ci4\app\Controllers\Home.php(25): CodeIgniter\Debug\Exceptions->errorHandler(2, 'Undefined prope...', 'C:\\xampp\\htdocs...', 25)
#1 C:\xampp\htdocs\ci4\system\CodeIgniter.php(832): App\Controllers\Home->Jobs_Details('Jobs_details', '1')
#2 C:\xampp\htdocs\ci4\system\CodeIgniter.php(419): CodeIgniter\CodeIgniter->runController(Object(App\Controllers\Home))
#3 C:\xampp\htdocs\ci4\system\CodeIgniter.php(326): CodeIgniter\CodeIgniter->handleRequest(NULL, Object(Config\Cache), false)
#4 C:\xampp\htdocs\ci4\index.php(37): CodeIgniter\CodeIgniter->run()
#5 {main}
CRITICAL - 2022-04-21 23:04:51 --> Undefined property: App\Controllers\Home::$uri
#0 C:\xampp\htdocs\ci4\app\Controllers\Home.php(25): CodeIgniter\Debug\Exceptions->errorHandler(2, 'Undefined prope...', 'C:\\xampp\\htdocs...', 25)
#1 C:\xampp\htdocs\ci4\system\CodeIgniter.php(832): App\Controllers\Home->Jobs_Details('Jobs_details', '1')
#2 C:\xampp\htdocs\ci4\system\CodeIgniter.php(419): CodeIgniter\CodeIgniter->runController(Object(App\Controllers\Home))
#3 C:\xampp\htdocs\ci4\system\CodeIgniter.php(326): CodeIgniter\CodeIgniter->handleRequest(NULL, Object(Config\Cache), false)
#4 C:\xampp\htdocs\ci4\index.php(37): CodeIgniter\CodeIgniter->run()
#5 {main}
CRITICAL - 2022-04-21 23:05:01 --> Undefined property: App\Controllers\Home::$uri
#0 C:\xampp\htdocs\ci4\app\Controllers\Home.php(25): CodeIgniter\Debug\Exceptions->errorHandler(2, 'Undefined prope...', 'C:\\xampp\\htdocs...', 25)
#1 C:\xampp\htdocs\ci4\system\CodeIgniter.php(832): App\Controllers\Home->Jobs_Details('Jobs_details', '1')
#2 C:\xampp\htdocs\ci4\system\CodeIgniter.php(419): CodeIgniter\CodeIgniter->runController(Object(App\Controllers\Home))
#3 C:\xampp\htdocs\ci4\system\CodeIgniter.php(326): CodeIgniter\CodeIgniter->handleRequest(NULL, Object(Config\Cache), false)
#4 C:\xampp\htdocs\ci4\index.php(37): CodeIgniter\CodeIgniter->run()
#5 {main}
CRITICAL - 2022-04-21 23:08:13 --> Undefined property: App\Controllers\Home::$input
#0 C:\xampp\htdocs\ci4\app\Controllers\Home.php(25): CodeIgniter\Debug\Exceptions->errorHandler(2, 'Undefined prope...', 'C:\\xampp\\htdocs...', 25)
#1 C:\xampp\htdocs\ci4\system\CodeIgniter.php(832): App\Controllers\Home->Jobs_Details('Jobs_details', '1')
#2 C:\xampp\htdocs\ci4\system\CodeIgniter.php(419): CodeIgniter\CodeIgniter->runController(Object(App\Controllers\Home))
#3 C:\xampp\htdocs\ci4\system\CodeIgniter.php(326): CodeIgniter\CodeIgniter->handleRequest(NULL, Object(Config\Cache), false)
#4 C:\xampp\htdocs\ci4\index.php(37): CodeIgniter\CodeIgniter->run()
#5 {main}
CRITICAL - 2022-04-21 23:08:14 --> Undefined property: App\Controllers\Home::$input
#0 C:\xampp\htdocs\ci4\app\Controllers\Home.php(25): CodeIgniter\Debug\Exceptions->errorHandler(2, 'Undefined prope...', 'C:\\xampp\\htdocs...', 25)
#1 C:\xampp\htdocs\ci4\system\CodeIgniter.php(832): App\Controllers\Home->Jobs_Details('Jobs_details', '1')
#2 C:\xampp\htdocs\ci4\system\CodeIgniter.php(419): CodeIgniter\CodeIgniter->runController(Object(App\Controllers\Home))
#3 C:\xampp\htdocs\ci4\system\CodeIgniter.php(326): CodeIgniter\CodeIgniter->handleRequest(NULL, Object(Config\Cache), false)
#4 C:\xampp\htdocs\ci4\index.php(37): CodeIgniter\CodeIgniter->run()
#5 {main}
CRITICAL - 2022-04-21 23:08:14 --> Undefined property: App\Controllers\Home::$input
#0 C:\xampp\htdocs\ci4\app\Controllers\Home.php(25): CodeIgniter\Debug\Exceptions->errorHandler(2, 'Undefined prope...', 'C:\\xampp\\htdocs...', 25)
#1 C:\xampp\htdocs\ci4\system\CodeIgniter.php(832): App\Controllers\Home->Jobs_Details('Jobs_details', '1')
#2 C:\xampp\htdocs\ci4\system\CodeIgniter.php(419): CodeIgniter\CodeIgniter->runController(Object(App\Controllers\Home))
#3 C:\xampp\htdocs\ci4\system\CodeIgniter.php(326): CodeIgniter\CodeIgniter->handleRequest(NULL, Object(Config\Cache), false)
#4 C:\xampp\htdocs\ci4\index.php(37): CodeIgniter\CodeIgniter->run()
#5 {main}
CRITICAL - 2022-04-21 23:08:34 --> Undefined property: App\Controllers\Home::$input
#0 C:\xampp\htdocs\ci4\app\Controllers\Home.php(25): CodeIgniter\Debug\Exceptions->errorHandler(2, 'Undefined prope...', 'C:\\xampp\\htdocs...', 25)
#1 C:\xampp\htdocs\ci4\system\CodeIgniter.php(832): App\Controllers\Home->Jobs_Details('Jobs_details', '1')
#2 C:\xampp\htdocs\ci4\system\CodeIgniter.php(419): CodeIgniter\CodeIgniter->runController(Object(App\Controllers\Home))
#3 C:\xampp\htdocs\ci4\system\CodeIgniter.php(326): CodeIgniter\CodeIgniter->handleRequest(NULL, Object(Config\Cache), false)
#4 C:\xampp\htdocs\ci4\index.php(37): CodeIgniter\CodeIgniter->run()
#5 {main}
CRITICAL - 2022-04-21 23:09:23 --> Undefined property: App\Controllers\Home::$input
#0 C:\xampp\htdocs\ci4\app\Controllers\Home.php(25): CodeIgniter\Debug\Exceptions->errorHandler(2, 'Undefined prope...', 'C:\\xampp\\htdocs...', 25)
#1 C:\xampp\htdocs\ci4\system\CodeIgniter.php(832): App\Controllers\Home->Jobs_Details('Jobs_details', '1')
#2 C:\xampp\htdocs\ci4\system\CodeIgniter.php(419): CodeIgniter\CodeIgniter->runController(Object(App\Controllers\Home))
#3 C:\xampp\htdocs\ci4\system\CodeIgniter.php(326): CodeIgniter\CodeIgniter->handleRequest(NULL, Object(Config\Cache), false)
#4 C:\xampp\htdocs\ci4\index.php(37): CodeIgniter\CodeIgniter->run()
#5 {main}
CRITICAL - 2022-04-21 23:09:24 --> Undefined property: App\Controllers\Home::$input
#0 C:\xampp\htdocs\ci4\app\Controllers\Home.php(25): CodeIgniter\Debug\Exceptions->errorHandler(2, 'Undefined prope...', 'C:\\xampp\\htdocs...', 25)
#1 C:\xampp\htdocs\ci4\system\CodeIgniter.php(832): App\Controllers\Home->Jobs_Details('Jobs_details', '1')
#2 C:\xampp\htdocs\ci4\system\CodeIgniter.php(419): CodeIgniter\CodeIgniter->runController(Object(App\Controllers\Home))
#3 C:\xampp\htdocs\ci4\system\CodeIgniter.php(326): CodeIgniter\CodeIgniter->handleRequest(NULL, Object(Config\Cache), false)
#4 C:\xampp\htdocs\ci4\index.php(37): CodeIgniter\CodeIgniter->run()
#5 {main}
CRITICAL - 2022-04-21 23:09:24 --> Undefined property: App\Controllers\Home::$input
#0 C:\xampp\htdocs\ci4\app\Controllers\Home.php(25): CodeIgniter\Debug\Exceptions->errorHandler(2, 'Undefined prope...', 'C:\\xampp\\htdocs...', 25)
#1 C:\xampp\htdocs\ci4\system\CodeIgniter.php(832): App\Controllers\Home->Jobs_Details('Jobs_details', '1')
#2 C:\xampp\htdocs\ci4\system\CodeIgniter.php(419): CodeIgniter\CodeIgniter->runController(Object(App\Controllers\Home))
#3 C:\xampp\htdocs\ci4\system\CodeIgniter.php(326): CodeIgniter\CodeIgniter->handleRequest(NULL, Object(Config\Cache), false)
#4 C:\xampp\htdocs\ci4\index.php(37): CodeIgniter\CodeIgniter->run()
#5 {main}
CRITICAL - 2022-04-21 23:09:24 --> Undefined property: App\Controllers\Home::$input
#0 C:\xampp\htdocs\ci4\app\Controllers\Home.php(25): CodeIgniter\Debug\Exceptions->errorHandler(2, 'Undefined prope...', 'C:\\xampp\\htdocs...', 25)
#1 C:\xampp\htdocs\ci4\system\CodeIgniter.php(832): App\Controllers\Home->Jobs_Details('Jobs_details', '1')
#2 C:\xampp\htdocs\ci4\system\CodeIgniter.php(419): CodeIgniter\CodeIgniter->runController(Object(App\Controllers\Home))
#3 C:\xampp\htdocs\ci4\system\CodeIgniter.php(326): CodeIgniter\CodeIgniter->handleRequest(NULL, Object(Config\Cache), false)
#4 C:\xampp\htdocs\ci4\index.php(37): CodeIgniter\CodeIgniter->run()
#5 {main}
CRITICAL - 2022-04-21 23:09:24 --> Undefined property: App\Controllers\Home::$input
#0 C:\xampp\htdocs\ci4\app\Controllers\Home.php(25): CodeIgniter\Debug\Exceptions->errorHandler(2, 'Undefined prope...', 'C:\\xampp\\htdocs...', 25)
#1 C:\xampp\htdocs\ci4\system\CodeIgniter.php(832): App\Controllers\Home->Jobs_Details('Jobs_details', '1')
#2 C:\xampp\htdocs\ci4\system\CodeIgniter.php(419): CodeIgniter\CodeIgniter->runController(Object(App\Controllers\Home))
#3 C:\xampp\htdocs\ci4\system\CodeIgniter.php(326): CodeIgniter\CodeIgniter->handleRequest(NULL, Object(Config\Cache), false)
#4 C:\xampp\htdocs\ci4\index.php(37): CodeIgniter\CodeIgniter->run()
#5 {main}
CRITICAL - 2022-04-21 23:09:25 --> Undefined property: App\Controllers\Home::$input
#0 C:\xampp\htdocs\ci4\app\Controllers\Home.php(25): CodeIgniter\Debug\Exceptions->errorHandler(2, 'Undefined prope...', 'C:\\xampp\\htdocs...', 25)
#1 C:\xampp\htdocs\ci4\system\CodeIgniter.php(832): App\Controllers\Home->Jobs_Details('Jobs_details', '1')
#2 C:\xampp\htdocs\ci4\system\CodeIgniter.php(419): CodeIgniter\CodeIgniter->runController(Object(App\Controllers\Home))
#3 C:\xampp\htdocs\ci4\system\CodeIgniter.php(326): CodeIgniter\CodeIgniter->handleRequest(NULL, Object(Config\Cache), false)
#4 C:\xampp\htdocs\ci4\index.php(37): CodeIgniter\CodeIgniter->run()
#5 {main}
CRITICAL - 2022-04-21 23:15:53 --> Undefined property: App\Controllers\Home::$input
#0 C:\xampp\htdocs\ci4\app\Controllers\Home.php(25): CodeIgniter\Debug\Exceptions->errorHandler(2, 'Undefined prope...', 'C:\\xampp\\htdocs...', 25)
#1 C:\xampp\htdocs\ci4\system\CodeIgniter.php(832): App\Controllers\Home->Jobs_Details('Jobs_details', '1')
#2 C:\xampp\htdocs\ci4\system\CodeIgniter.php(419): CodeIgniter\CodeIgniter->runController(Object(App\Controllers\Home))
#3 C:\xampp\htdocs\ci4\system\CodeIgniter.php(326): CodeIgniter\CodeIgniter->handleRequest(NULL, Object(Config\Cache), false)
#4 C:\xampp\htdocs\ci4\index.php(37): CodeIgniter\CodeIgniter->run()
#5 {main}
CRITICAL - 2022-04-21 23:33:07 --> Attempt to read property "education" on array
#0 C:\xampp\htdocs\ci4\app\Controllers\Home.php(31): CodeIgniter\Debug\Exceptions->errorHandler(2, 'Attempt to read...', 'C:\\xampp\\htdocs...', 31)
#1 C:\xampp\htdocs\ci4\system\CodeIgniter.php(832): App\Controllers\Home->Jobs_Details('Jobs_details', '1')
#2 C:\xampp\htdocs\ci4\system\CodeIgniter.php(419): CodeIgniter\CodeIgniter->runController(Object(App\Controllers\Home))
#3 C:\xampp\htdocs\ci4\system\CodeIgniter.php(326): CodeIgniter\CodeIgniter->handleRequest(NULL, Object(Config\Cache), false)
#4 C:\xampp\htdocs\ci4\index.php(37): CodeIgniter\CodeIgniter->run()
#5 {main}
CRITICAL - 2022-04-21 23:33:12 --> Attempt to read property "education" on array
#0 C:\xampp\htdocs\ci4\app\Controllers\Home.php(31): CodeIgniter\Debug\Exceptions->errorHandler(2, 'Attempt to read...', 'C:\\xampp\\htdocs...', 31)
#1 C:\xampp\htdocs\ci4\system\CodeIgniter.php(832): App\Controllers\Home->Jobs_Details('Jobs_details', '1')
#2 C:\xampp\htdocs\ci4\system\CodeIgniter.php(419): CodeIgniter\CodeIgniter->runController(Object(App\Controllers\Home))
#3 C:\xampp\htdocs\ci4\system\CodeIgniter.php(326): CodeIgniter\CodeIgniter->handleRequest(NULL, Object(Config\Cache), false)
#4 C:\xampp\htdocs\ci4\index.php(37): CodeIgniter\CodeIgniter->run()
#5 {main}
CRITICAL - 2022-04-21 23:33:36 --> Undefined variable $jobDescript
#0 C:\xampp\htdocs\ci4\app\Controllers\Home.php(27): CodeIgniter\Debug\Exceptions->errorHandler(2, 'Undefined varia...', 'C:\\xampp\\htdocs...', 27)
#1 C:\xampp\htdocs\ci4\system\CodeIgniter.php(832): App\Controllers\Home->Jobs_Details('Jobs_details', '1')
#2 C:\xampp\htdocs\ci4\system\CodeIgniter.php(419): CodeIgniter\CodeIgniter->runController(Object(App\Controllers\Home))
#3 C:\xampp\htdocs\ci4\system\CodeIgniter.php(326): CodeIgniter\CodeIgniter->handleRequest(NULL, Object(Config\Cache), false)
#4 C:\xampp\htdocs\ci4\index.php(37): CodeIgniter\CodeIgniter->run()
#5 {main}
