CRITICAL - 2022-04-23 05:38:31 --> Invalid file: template/content.php
#0 C:\xampp\htdocs\adminPanel\system\View\View.php(198): CodeIgniter\Exceptions\FrameworkException::forInvalidFile('template/conten...')
#1 C:\xampp\htdocs\adminPanel\system\Common.php(1089): CodeIgniter\View\View->render('template/conten...', Array, true)
#2 C:\xampp\htdocs\adminPanel\app\Controllers\Dashboard.php(10): view('template/conten...', Array)
#3 C:\xampp\htdocs\adminPanel\system\CodeIgniter.php(832): App\Controllers\Dashboard->index()
#4 C:\xampp\htdocs\adminPanel\system\CodeIgniter.php(419): CodeIgniter\CodeIgniter->runController(Object(App\Controllers\Dashboard))
#5 C:\xampp\htdocs\adminPanel\system\CodeIgniter.php(326): CodeIgniter\CodeIgniter->handleRequest(NULL, Object(Config\Cache), false)
#6 C:\xampp\htdocs\adminPanel\index.php(37): CodeIgniter\CodeIgniter->run()
#7 {main}
CRITICAL - 2022-04-23 05:39:07 --> Invalid file: BasicTemplate/menu.php
#0 C:\xampp\htdocs\adminPanel\system\View\View.php(198): CodeIgniter\Exceptions\FrameworkException::forInvalidFile('BasicTemplate/m...')
#1 C:\xampp\htdocs\adminPanel\system\Common.php(1089): CodeIgniter\View\View->render('BasicTemplate/m...', Array, true)
#2 C:\xampp\htdocs\adminPanel\app\Views\BasicTemplate\content.php(3): view('BasicTemplate/m...')
#3 C:\xampp\htdocs\adminPanel\system\View\View.php(210): include('C:\\xampp\\htdocs...')
#4 C:\xampp\htdocs\adminPanel\system\View\View.php(213): CodeIgniter\View\View->CodeIgniter\View\{closure}()
#5 C:\xampp\htdocs\adminPanel\system\Common.php(1089): CodeIgniter\View\View->render('BasicTemplate/c...', Array, true)
#6 C:\xampp\htdocs\adminPanel\app\Controllers\Dashboard.php(10): view('BasicTemplate/c...', Array)
#7 C:\xampp\htdocs\adminPanel\system\CodeIgniter.php(832): App\Controllers\Dashboard->index()
#8 C:\xampp\htdocs\adminPanel\system\CodeIgniter.php(419): CodeIgniter\CodeIgniter->runController(Object(App\Controllers\Dashboard))
#9 C:\xampp\htdocs\adminPanel\system\CodeIgniter.php(326): CodeIgniter\CodeIgniter->handleRequest(NULL, Object(Config\Cache), false)
#10 C:\xampp\htdocs\adminPanel\index.php(37): CodeIgniter\CodeIgniter->run()
#11 {main}
CRITICAL - 2022-04-23 05:39:08 --> Invalid file: BasicTemplate/menu.php
#0 C:\xampp\htdocs\adminPanel\system\View\View.php(198): CodeIgniter\Exceptions\FrameworkException::forInvalidFile('BasicTemplate/m...')
#1 C:\xampp\htdocs\adminPanel\system\Common.php(1089): CodeIgniter\View\View->render('BasicTemplate/m...', Array, true)
#2 C:\xampp\htdocs\adminPanel\app\Views\BasicTemplate\content.php(3): view('BasicTemplate/m...')
#3 C:\xampp\htdocs\adminPanel\system\View\View.php(210): include('C:\\xampp\\htdocs...')
#4 C:\xampp\htdocs\adminPanel\system\View\View.php(213): CodeIgniter\View\View->CodeIgniter\View\{closure}()
#5 C:\xampp\htdocs\adminPanel\system\Common.php(1089): CodeIgniter\View\View->render('BasicTemplate/c...', Array, true)
#6 C:\xampp\htdocs\adminPanel\app\Controllers\Dashboard.php(10): view('BasicTemplate/c...', Array)
#7 C:\xampp\htdocs\adminPanel\system\CodeIgniter.php(832): App\Controllers\Dashboard->index()
#8 C:\xampp\htdocs\adminPanel\system\CodeIgniter.php(419): CodeIgniter\CodeIgniter->runController(Object(App\Controllers\Dashboard))
#9 C:\xampp\htdocs\adminPanel\system\CodeIgniter.php(326): CodeIgniter\CodeIgniter->handleRequest(NULL, Object(Config\Cache), false)
#10 C:\xampp\htdocs\adminPanel\index.php(37): CodeIgniter\CodeIgniter->run()
#11 {main}
CRITICAL - 2022-04-23 05:39:09 --> Invalid file: BasicTemplate/menu.php
#0 C:\xampp\htdocs\adminPanel\system\View\View.php(198): CodeIgniter\Exceptions\FrameworkException::forInvalidFile('BasicTemplate/m...')
#1 C:\xampp\htdocs\adminPanel\system\Common.php(1089): CodeIgniter\View\View->render('BasicTemplate/m...', Array, true)
#2 C:\xampp\htdocs\adminPanel\app\Views\BasicTemplate\content.php(3): view('BasicTemplate/m...')
#3 C:\xampp\htdocs\adminPanel\system\View\View.php(210): include('C:\\xampp\\htdocs...')
#4 C:\xampp\htdocs\adminPanel\system\View\View.php(213): CodeIgniter\View\View->CodeIgniter\View\{closure}()
#5 C:\xampp\htdocs\adminPanel\system\Common.php(1089): CodeIgniter\View\View->render('BasicTemplate/c...', Array, true)
#6 C:\xampp\htdocs\adminPanel\app\Controllers\Dashboard.php(10): view('BasicTemplate/c...', Array)
#7 C:\xampp\htdocs\adminPanel\system\CodeIgniter.php(832): App\Controllers\Dashboard->index()
#8 C:\xampp\htdocs\adminPanel\system\CodeIgniter.php(419): CodeIgniter\CodeIgniter->runController(Object(App\Controllers\Dashboard))
#9 C:\xampp\htdocs\adminPanel\system\CodeIgniter.php(326): CodeIgniter\CodeIgniter->handleRequest(NULL, Object(Config\Cache), false)
#10 C:\xampp\htdocs\adminPanel\index.php(37): CodeIgniter\CodeIgniter->run()
#11 {main}
CRITICAL - 2022-04-23 05:39:31 --> Invalid file: BasicTemplate/menu.php
#0 C:\xampp\htdocs\adminPanel\system\View\View.php(198): CodeIgniter\Exceptions\FrameworkException::forInvalidFile('BasicTemplate/m...')
#1 C:\xampp\htdocs\adminPanel\system\Common.php(1089): CodeIgniter\View\View->render('BasicTemplate/m...', Array, true)
#2 C:\xampp\htdocs\adminPanel\app\Views\BasicTemplate\content.php(3): view('BasicTemplate/m...')
#3 C:\xampp\htdocs\adminPanel\system\View\View.php(210): include('C:\\xampp\\htdocs...')
#4 C:\xampp\htdocs\adminPanel\system\View\View.php(213): CodeIgniter\View\View->CodeIgniter\View\{closure}()
#5 C:\xampp\htdocs\adminPanel\system\Common.php(1089): CodeIgniter\View\View->render('BasicTemplate/c...', Array, true)
#6 C:\xampp\htdocs\adminPanel\app\Controllers\Dashboard.php(10): view('BasicTemplate/c...', Array)
#7 C:\xampp\htdocs\adminPanel\system\CodeIgniter.php(832): App\Controllers\Dashboard->index()
#8 C:\xampp\htdocs\adminPanel\system\CodeIgniter.php(419): CodeIgniter\CodeIgniter->runController(Object(App\Controllers\Dashboard))
#9 C:\xampp\htdocs\adminPanel\system\CodeIgniter.php(326): CodeIgniter\CodeIgniter->handleRequest(NULL, Object(Config\Cache), false)
#10 C:\xampp\htdocs\adminPanel\index.php(37): CodeIgniter\CodeIgniter->run()
#11 {main}
