ERROR - 2022-05-13 04:35:33 --> Error connecting to the database: Access denied for user '****'@'localhost' (using password: YES)
CRITICAL - 2022-05-13 04:35:33 --> Unable to connect to the database.
Main connection [MySQLi]: Access denied for user '****'@'localhost' (using password: YES)
#0 C:\xampp\htdocs\jobs.samug.com\adminPanel\system\Database\BaseConnection.php(577): CodeIgniter\Database\BaseConnection->initialize()
#1 C:\xampp\htdocs\jobs.samug.com\adminPanel\system\Database\BaseBuilder.php(1455): CodeIgniter\Database\BaseConnection->query('SELECT *\nFROM `...', Array, false)
#2 C:\xampp\htdocs\jobs.samug.com\adminPanel\app\Models\Common_model.php(18): CodeIgniter\Database\BaseBuilder->get()
#3 C:\xampp\htdocs\jobs.samug.com\adminPanel\app\Controllers\Adminpage.php(449): App\Models\Common_model->getRecords('requirement_det...', '*', Array)
#4 C:\xampp\htdocs\jobs.samug.com\adminPanel\system\CodeIgniter.php(832): App\Controllers\Adminpage->jobDesc()
#5 C:\xampp\htdocs\jobs.samug.com\adminPanel\system\CodeIgniter.php(419): CodeIgniter\CodeIgniter->runController(Object(App\Controllers\Adminpage))
#6 C:\xampp\htdocs\jobs.samug.com\adminPanel\system\CodeIgniter.php(326): CodeIgniter\CodeIgniter->handleRequest(NULL, Object(Config\Cache), false)
#7 C:\xampp\htdocs\jobs.samug.com\adminPanel\index.php(37): CodeIgniter\CodeIgniter->run()
#8 {main}
CRITICAL - 2022-05-13 04:58:11 --> Required parameter $ord_fields follows optional parameter $fields
#0 C:\xampp\htdocs\jobs.samug.com\adminPanel\system\Autoloader\Autoloader.php(264): CodeIgniter\Debug\Exceptions->errorHandler(8192, 'Required parame...', 'C:\\xampp\\htdocs...', 20)
#1 C:\xampp\htdocs\jobs.samug.com\adminPanel\system\Autoloader\Autoloader.php(264): include_once()
#2 C:\xampp\htdocs\jobs.samug.com\adminPanel\system\Autoloader\Autoloader.php(241): CodeIgniter\Autoloader\Autoloader->includeFile('C:\\xampp\\htdocs...')
#3 C:\xampp\htdocs\jobs.samug.com\adminPanel\system\Autoloader\Autoloader.php(219): CodeIgniter\Autoloader\Autoloader->loadInNamespace('App\\Models\\Comm...')
#4 C:\xampp\htdocs\jobs.samug.com\adminPanel\app\Controllers\BaseController.php(55): CodeIgniter\Autoloader\Autoloader->loadClass('App\\Models\\Comm...')
#5 C:\xampp\htdocs\jobs.samug.com\adminPanel\system\CodeIgniter.php(810): App\Controllers\BaseController->initController(Object(CodeIgniter\HTTP\IncomingRequest), Object(CodeIgniter\HTTP\Response), Object(CodeIgniter\Log\Logger))
#6 C:\xampp\htdocs\jobs.samug.com\adminPanel\system\CodeIgniter.php(410): CodeIgniter\CodeIgniter->createController()
#7 C:\xampp\htdocs\jobs.samug.com\adminPanel\system\CodeIgniter.php(326): CodeIgniter\CodeIgniter->handleRequest(NULL, Object(Config\Cache), false)
#8 C:\xampp\htdocs\jobs.samug.com\adminPanel\index.php(37): CodeIgniter\CodeIgniter->run()
#9 {main}
CRITICAL - 2022-05-13 04:59:10 --> Required parameter $ord_fields follows optional parameter $fields
#0 C:\xampp\htdocs\jobs.samug.com\adminPanel\system\Autoloader\Autoloader.php(264): CodeIgniter\Debug\Exceptions->errorHandler(8192, 'Required parame...', 'C:\\xampp\\htdocs...', 20)
#1 C:\xampp\htdocs\jobs.samug.com\adminPanel\system\Autoloader\Autoloader.php(264): include_once()
#2 C:\xampp\htdocs\jobs.samug.com\adminPanel\system\Autoloader\Autoloader.php(241): CodeIgniter\Autoloader\Autoloader->includeFile('C:\\xampp\\htdocs...')
#3 C:\xampp\htdocs\jobs.samug.com\adminPanel\system\Autoloader\Autoloader.php(219): CodeIgniter\Autoloader\Autoloader->loadInNamespace('App\\Models\\Comm...')
#4 C:\xampp\htdocs\jobs.samug.com\adminPanel\app\Controllers\BaseController.php(55): CodeIgniter\Autoloader\Autoloader->loadClass('App\\Models\\Comm...')
#5 C:\xampp\htdocs\jobs.samug.com\adminPanel\system\CodeIgniter.php(810): App\Controllers\BaseController->initController(Object(CodeIgniter\HTTP\IncomingRequest), Object(CodeIgniter\HTTP\Response), Object(CodeIgniter\Log\Logger))
#6 C:\xampp\htdocs\jobs.samug.com\adminPanel\system\CodeIgniter.php(410): CodeIgniter\CodeIgniter->createController()
#7 C:\xampp\htdocs\jobs.samug.com\adminPanel\system\CodeIgniter.php(326): CodeIgniter\CodeIgniter->handleRequest(NULL, Object(Config\Cache), false)
#8 C:\xampp\htdocs\jobs.samug.com\adminPanel\index.php(37): CodeIgniter\CodeIgniter->run()
#9 {main}
CRITICAL - 2022-05-13 05:01:00 --> Required parameter $ord_fields follows optional parameter $fields
#0 C:\xampp\htdocs\jobs.samug.com\adminPanel\system\Autoloader\Autoloader.php(264): CodeIgniter\Debug\Exceptions->errorHandler(8192, 'Required parame...', 'C:\\xampp\\htdocs...', 20)
#1 C:\xampp\htdocs\jobs.samug.com\adminPanel\system\Autoloader\Autoloader.php(264): include_once()
#2 C:\xampp\htdocs\jobs.samug.com\adminPanel\system\Autoloader\Autoloader.php(241): CodeIgniter\Autoloader\Autoloader->includeFile('C:\\xampp\\htdocs...')
#3 C:\xampp\htdocs\jobs.samug.com\adminPanel\system\Autoloader\Autoloader.php(219): CodeIgniter\Autoloader\Autoloader->loadInNamespace('App\\Models\\Comm...')
#4 C:\xampp\htdocs\jobs.samug.com\adminPanel\app\Controllers\BaseController.php(55): CodeIgniter\Autoloader\Autoloader->loadClass('App\\Models\\Comm...')
#5 C:\xampp\htdocs\jobs.samug.com\adminPanel\system\CodeIgniter.php(810): App\Controllers\BaseController->initController(Object(CodeIgniter\HTTP\IncomingRequest), Object(CodeIgniter\HTTP\Response), Object(CodeIgniter\Log\Logger))
#6 C:\xampp\htdocs\jobs.samug.com\adminPanel\system\CodeIgniter.php(410): CodeIgniter\CodeIgniter->createController()
#7 C:\xampp\htdocs\jobs.samug.com\adminPanel\system\CodeIgniter.php(326): CodeIgniter\CodeIgniter->handleRequest(NULL, Object(Config\Cache), false)
#8 C:\xampp\htdocs\jobs.samug.com\adminPanel\index.php(37): CodeIgniter\CodeIgniter->run()
#9 {main}
CRITICAL - 2022-05-13 05:01:33 --> Required parameter $ord_fields follows optional parameter $fields
#0 C:\xampp\htdocs\jobs.samug.com\adminPanel\system\Autoloader\Autoloader.php(264): CodeIgniter\Debug\Exceptions->errorHandler(8192, 'Required parame...', 'C:\\xampp\\htdocs...', 20)
#1 C:\xampp\htdocs\jobs.samug.com\adminPanel\system\Autoloader\Autoloader.php(264): include_once()
#2 C:\xampp\htdocs\jobs.samug.com\adminPanel\system\Autoloader\Autoloader.php(241): CodeIgniter\Autoloader\Autoloader->includeFile('C:\\xampp\\htdocs...')
#3 C:\xampp\htdocs\jobs.samug.com\adminPanel\system\Autoloader\Autoloader.php(219): CodeIgniter\Autoloader\Autoloader->loadInNamespace('App\\Models\\Comm...')
#4 C:\xampp\htdocs\jobs.samug.com\adminPanel\app\Controllers\BaseController.php(55): CodeIgniter\Autoloader\Autoloader->loadClass('App\\Models\\Comm...')
#5 C:\xampp\htdocs\jobs.samug.com\adminPanel\system\CodeIgniter.php(810): App\Controllers\BaseController->initController(Object(CodeIgniter\HTTP\IncomingRequest), Object(CodeIgniter\HTTP\Response), Object(CodeIgniter\Log\Logger))
#6 C:\xampp\htdocs\jobs.samug.com\adminPanel\system\CodeIgniter.php(410): CodeIgniter\CodeIgniter->createController()
#7 C:\xampp\htdocs\jobs.samug.com\adminPanel\system\CodeIgniter.php(326): CodeIgniter\CodeIgniter->handleRequest(NULL, Object(Config\Cache), false)
#8 C:\xampp\htdocs\jobs.samug.com\adminPanel\index.php(37): CodeIgniter\CodeIgniter->run()
#9 {main}
CRITICAL - 2022-05-13 05:01:34 --> Required parameter $ord_fields follows optional parameter $fields
#0 C:\xampp\htdocs\jobs.samug.com\adminPanel\system\Autoloader\Autoloader.php(264): CodeIgniter\Debug\Exceptions->errorHandler(8192, 'Required parame...', 'C:\\xampp\\htdocs...', 20)
#1 C:\xampp\htdocs\jobs.samug.com\adminPanel\system\Autoloader\Autoloader.php(264): include_once()
#2 C:\xampp\htdocs\jobs.samug.com\adminPanel\system\Autoloader\Autoloader.php(241): CodeIgniter\Autoloader\Autoloader->includeFile('C:\\xampp\\htdocs...')
#3 C:\xampp\htdocs\jobs.samug.com\adminPanel\system\Autoloader\Autoloader.php(219): CodeIgniter\Autoloader\Autoloader->loadInNamespace('App\\Models\\Comm...')
#4 C:\xampp\htdocs\jobs.samug.com\adminPanel\app\Controllers\BaseController.php(55): CodeIgniter\Autoloader\Autoloader->loadClass('App\\Models\\Comm...')
#5 C:\xampp\htdocs\jobs.samug.com\adminPanel\system\CodeIgniter.php(810): App\Controllers\BaseController->initController(Object(CodeIgniter\HTTP\IncomingRequest), Object(CodeIgniter\HTTP\Response), Object(CodeIgniter\Log\Logger))
#6 C:\xampp\htdocs\jobs.samug.com\adminPanel\system\CodeIgniter.php(410): CodeIgniter\CodeIgniter->createController()
#7 C:\xampp\htdocs\jobs.samug.com\adminPanel\system\CodeIgniter.php(326): CodeIgniter\CodeIgniter->handleRequest(NULL, Object(Config\Cache), false)
#8 C:\xampp\htdocs\jobs.samug.com\adminPanel\index.php(37): CodeIgniter\CodeIgniter->run()
#9 {main}
CRITICAL - 2022-05-13 05:02:51 --> Required parameter $ord_fields follows optional parameter $fields
#0 C:\xampp\htdocs\jobs.samug.com\adminPanel\system\Autoloader\Autoloader.php(264): CodeIgniter\Debug\Exceptions->errorHandler(8192, 'Required parame...', 'C:\\xampp\\htdocs...', 20)
#1 C:\xampp\htdocs\jobs.samug.com\adminPanel\system\Autoloader\Autoloader.php(264): include_once()
#2 C:\xampp\htdocs\jobs.samug.com\adminPanel\system\Autoloader\Autoloader.php(241): CodeIgniter\Autoloader\Autoloader->includeFile('C:\\xampp\\htdocs...')
#3 C:\xampp\htdocs\jobs.samug.com\adminPanel\system\Autoloader\Autoloader.php(219): CodeIgniter\Autoloader\Autoloader->loadInNamespace('App\\Models\\Comm...')
#4 C:\xampp\htdocs\jobs.samug.com\adminPanel\app\Controllers\BaseController.php(55): CodeIgniter\Autoloader\Autoloader->loadClass('App\\Models\\Comm...')
#5 C:\xampp\htdocs\jobs.samug.com\adminPanel\system\CodeIgniter.php(810): App\Controllers\BaseController->initController(Object(CodeIgniter\HTTP\IncomingRequest), Object(CodeIgniter\HTTP\Response), Object(CodeIgniter\Log\Logger))
#6 C:\xampp\htdocs\jobs.samug.com\adminPanel\system\CodeIgniter.php(410): CodeIgniter\CodeIgniter->createController()
#7 C:\xampp\htdocs\jobs.samug.com\adminPanel\system\CodeIgniter.php(326): CodeIgniter\CodeIgniter->handleRequest(NULL, Object(Config\Cache), false)
#8 C:\xampp\htdocs\jobs.samug.com\adminPanel\index.php(37): CodeIgniter\CodeIgniter->run()
#9 {main}
CRITICAL - 2022-05-13 05:02:52 --> Required parameter $ord_fields follows optional parameter $fields
#0 C:\xampp\htdocs\jobs.samug.com\adminPanel\system\Autoloader\Autoloader.php(264): CodeIgniter\Debug\Exceptions->errorHandler(8192, 'Required parame...', 'C:\\xampp\\htdocs...', 20)
#1 C:\xampp\htdocs\jobs.samug.com\adminPanel\system\Autoloader\Autoloader.php(264): include_once()
#2 C:\xampp\htdocs\jobs.samug.com\adminPanel\system\Autoloader\Autoloader.php(241): CodeIgniter\Autoloader\Autoloader->includeFile('C:\\xampp\\htdocs...')
#3 C:\xampp\htdocs\jobs.samug.com\adminPanel\system\Autoloader\Autoloader.php(219): CodeIgniter\Autoloader\Autoloader->loadInNamespace('App\\Models\\Comm...')
#4 C:\xampp\htdocs\jobs.samug.com\adminPanel\app\Controllers\BaseController.php(55): CodeIgniter\Autoloader\Autoloader->loadClass('App\\Models\\Comm...')
#5 C:\xampp\htdocs\jobs.samug.com\adminPanel\system\CodeIgniter.php(810): App\Controllers\BaseController->initController(Object(CodeIgniter\HTTP\IncomingRequest), Object(CodeIgniter\HTTP\Response), Object(CodeIgniter\Log\Logger))
#6 C:\xampp\htdocs\jobs.samug.com\adminPanel\system\CodeIgniter.php(410): CodeIgniter\CodeIgniter->createController()
#7 C:\xampp\htdocs\jobs.samug.com\adminPanel\system\CodeIgniter.php(326): CodeIgniter\CodeIgniter->handleRequest(NULL, Object(Config\Cache), false)
#8 C:\xampp\htdocs\jobs.samug.com\adminPanel\index.php(37): CodeIgniter\CodeIgniter->run()
#9 {main}
CRITICAL - 2022-05-13 05:02:56 --> Required parameter $ord_fields follows optional parameter $fields
#0 C:\xampp\htdocs\jobs.samug.com\adminPanel\system\Autoloader\Autoloader.php(264): CodeIgniter\Debug\Exceptions->errorHandler(8192, 'Required parame...', 'C:\\xampp\\htdocs...', 20)
#1 C:\xampp\htdocs\jobs.samug.com\adminPanel\system\Autoloader\Autoloader.php(264): include_once()
#2 C:\xampp\htdocs\jobs.samug.com\adminPanel\system\Autoloader\Autoloader.php(241): CodeIgniter\Autoloader\Autoloader->includeFile('C:\\xampp\\htdocs...')
#3 C:\xampp\htdocs\jobs.samug.com\adminPanel\system\Autoloader\Autoloader.php(219): CodeIgniter\Autoloader\Autoloader->loadInNamespace('App\\Models\\Comm...')
#4 C:\xampp\htdocs\jobs.samug.com\adminPanel\app\Controllers\BaseController.php(55): CodeIgniter\Autoloader\Autoloader->loadClass('App\\Models\\Comm...')
#5 C:\xampp\htdocs\jobs.samug.com\adminPanel\system\CodeIgniter.php(810): App\Controllers\BaseController->initController(Object(CodeIgniter\HTTP\IncomingRequest), Object(CodeIgniter\HTTP\Response), Object(CodeIgniter\Log\Logger))
#6 C:\xampp\htdocs\jobs.samug.com\adminPanel\system\CodeIgniter.php(410): CodeIgniter\CodeIgniter->createController()
#7 C:\xampp\htdocs\jobs.samug.com\adminPanel\system\CodeIgniter.php(326): CodeIgniter\CodeIgniter->handleRequest(NULL, Object(Config\Cache), false)
#8 C:\xampp\htdocs\jobs.samug.com\adminPanel\index.php(37): CodeIgniter\CodeIgniter->run()
#9 {main}
CRITICAL - 2022-05-13 05:03:34 --> Required parameter $ord_fields follows optional parameter $fields
#0 C:\xampp\htdocs\jobs.samug.com\adminPanel\system\Autoloader\Autoloader.php(264): CodeIgniter\Debug\Exceptions->errorHandler(8192, 'Required parame...', 'C:\\xampp\\htdocs...', 20)
#1 C:\xampp\htdocs\jobs.samug.com\adminPanel\system\Autoloader\Autoloader.php(264): include_once()
#2 C:\xampp\htdocs\jobs.samug.com\adminPanel\system\Autoloader\Autoloader.php(241): CodeIgniter\Autoloader\Autoloader->includeFile('C:\\xampp\\htdocs...')
#3 C:\xampp\htdocs\jobs.samug.com\adminPanel\system\Autoloader\Autoloader.php(219): CodeIgniter\Autoloader\Autoloader->loadInNamespace('App\\Models\\Comm...')
#4 C:\xampp\htdocs\jobs.samug.com\adminPanel\app\Controllers\BaseController.php(55): CodeIgniter\Autoloader\Autoloader->loadClass('App\\Models\\Comm...')
#5 C:\xampp\htdocs\jobs.samug.com\adminPanel\system\CodeIgniter.php(810): App\Controllers\BaseController->initController(Object(CodeIgniter\HTTP\IncomingRequest), Object(CodeIgniter\HTTP\Response), Object(CodeIgniter\Log\Logger))
#6 C:\xampp\htdocs\jobs.samug.com\adminPanel\system\CodeIgniter.php(410): CodeIgniter\CodeIgniter->createController()
#7 C:\xampp\htdocs\jobs.samug.com\adminPanel\system\CodeIgniter.php(326): CodeIgniter\CodeIgniter->handleRequest(NULL, Object(Config\Cache), false)
#8 C:\xampp\htdocs\jobs.samug.com\adminPanel\index.php(37): CodeIgniter\CodeIgniter->run()
#9 {main}
CRITICAL - 2022-05-13 05:03:35 --> Required parameter $ord_fields follows optional parameter $fields
#0 C:\xampp\htdocs\jobs.samug.com\adminPanel\system\Autoloader\Autoloader.php(264): CodeIgniter\Debug\Exceptions->errorHandler(8192, 'Required parame...', 'C:\\xampp\\htdocs...', 20)
#1 C:\xampp\htdocs\jobs.samug.com\adminPanel\system\Autoloader\Autoloader.php(264): include_once()
#2 C:\xampp\htdocs\jobs.samug.com\adminPanel\system\Autoloader\Autoloader.php(241): CodeIgniter\Autoloader\Autoloader->includeFile('C:\\xampp\\htdocs...')
#3 C:\xampp\htdocs\jobs.samug.com\adminPanel\system\Autoloader\Autoloader.php(219): CodeIgniter\Autoloader\Autoloader->loadInNamespace('App\\Models\\Comm...')
#4 C:\xampp\htdocs\jobs.samug.com\adminPanel\app\Controllers\BaseController.php(55): CodeIgniter\Autoloader\Autoloader->loadClass('App\\Models\\Comm...')
#5 C:\xampp\htdocs\jobs.samug.com\adminPanel\system\CodeIgniter.php(810): App\Controllers\BaseController->initController(Object(CodeIgniter\HTTP\IncomingRequest), Object(CodeIgniter\HTTP\Response), Object(CodeIgniter\Log\Logger))
#6 C:\xampp\htdocs\jobs.samug.com\adminPanel\system\CodeIgniter.php(410): CodeIgniter\CodeIgniter->createController()
#7 C:\xampp\htdocs\jobs.samug.com\adminPanel\system\CodeIgniter.php(326): CodeIgniter\CodeIgniter->handleRequest(NULL, Object(Config\Cache), false)
#8 C:\xampp\htdocs\jobs.samug.com\adminPanel\index.php(37): CodeIgniter\CodeIgniter->run()
#9 {main}
CRITICAL - 2022-05-13 05:03:57 --> Required parameter $ord_fields follows optional parameter $fields
#0 C:\xampp\htdocs\jobs.samug.com\adminPanel\system\Autoloader\Autoloader.php(264): CodeIgniter\Debug\Exceptions->errorHandler(8192, 'Required parame...', 'C:\\xampp\\htdocs...', 20)
#1 C:\xampp\htdocs\jobs.samug.com\adminPanel\system\Autoloader\Autoloader.php(264): include_once()
#2 C:\xampp\htdocs\jobs.samug.com\adminPanel\system\Autoloader\Autoloader.php(241): CodeIgniter\Autoloader\Autoloader->includeFile('C:\\xampp\\htdocs...')
#3 C:\xampp\htdocs\jobs.samug.com\adminPanel\system\Autoloader\Autoloader.php(219): CodeIgniter\Autoloader\Autoloader->loadInNamespace('App\\Models\\Comm...')
#4 C:\xampp\htdocs\jobs.samug.com\adminPanel\app\Controllers\BaseController.php(55): CodeIgniter\Autoloader\Autoloader->loadClass('App\\Models\\Comm...')
#5 C:\xampp\htdocs\jobs.samug.com\adminPanel\system\CodeIgniter.php(810): App\Controllers\BaseController->initController(Object(CodeIgniter\HTTP\IncomingRequest), Object(CodeIgniter\HTTP\Response), Object(CodeIgniter\Log\Logger))
#6 C:\xampp\htdocs\jobs.samug.com\adminPanel\system\CodeIgniter.php(410): CodeIgniter\CodeIgniter->createController()
#7 C:\xampp\htdocs\jobs.samug.com\adminPanel\system\CodeIgniter.php(326): CodeIgniter\CodeIgniter->handleRequest(NULL, Object(Config\Cache), false)
#8 C:\xampp\htdocs\jobs.samug.com\adminPanel\index.php(37): CodeIgniter\CodeIgniter->run()
#9 {main}
CRITICAL - 2022-05-13 05:04:24 --> Required parameter $ord_fields follows optional parameter $fields
#0 C:\xampp\htdocs\jobs.samug.com\adminPanel\system\Autoloader\Autoloader.php(264): CodeIgniter\Debug\Exceptions->errorHandler(8192, 'Required parame...', 'C:\\xampp\\htdocs...', 20)
#1 C:\xampp\htdocs\jobs.samug.com\adminPanel\system\Autoloader\Autoloader.php(264): include_once()
#2 C:\xampp\htdocs\jobs.samug.com\adminPanel\system\Autoloader\Autoloader.php(241): CodeIgniter\Autoloader\Autoloader->includeFile('C:\\xampp\\htdocs...')
#3 C:\xampp\htdocs\jobs.samug.com\adminPanel\system\Autoloader\Autoloader.php(219): CodeIgniter\Autoloader\Autoloader->loadInNamespace('App\\Models\\Comm...')
#4 C:\xampp\htdocs\jobs.samug.com\adminPanel\app\Controllers\BaseController.php(55): CodeIgniter\Autoloader\Autoloader->loadClass('App\\Models\\Comm...')
#5 C:\xampp\htdocs\jobs.samug.com\adminPanel\system\CodeIgniter.php(810): App\Controllers\BaseController->initController(Object(CodeIgniter\HTTP\IncomingRequest), Object(CodeIgniter\HTTP\Response), Object(CodeIgniter\Log\Logger))
#6 C:\xampp\htdocs\jobs.samug.com\adminPanel\system\CodeIgniter.php(410): CodeIgniter\CodeIgniter->createController()
#7 C:\xampp\htdocs\jobs.samug.com\adminPanel\system\CodeIgniter.php(326): CodeIgniter\CodeIgniter->handleRequest(NULL, Object(Config\Cache), false)
#8 C:\xampp\htdocs\jobs.samug.com\adminPanel\index.php(37): CodeIgniter\CodeIgniter->run()
#9 {main}
CRITICAL - 2022-05-13 05:04:28 --> Required parameter $ord_fields follows optional parameter $fields
#0 C:\xampp\htdocs\jobs.samug.com\adminPanel\system\Autoloader\Autoloader.php(264): CodeIgniter\Debug\Exceptions->errorHandler(8192, 'Required parame...', 'C:\\xampp\\htdocs...', 20)
#1 C:\xampp\htdocs\jobs.samug.com\adminPanel\system\Autoloader\Autoloader.php(264): include_once()
#2 C:\xampp\htdocs\jobs.samug.com\adminPanel\system\Autoloader\Autoloader.php(241): CodeIgniter\Autoloader\Autoloader->includeFile('C:\\xampp\\htdocs...')
#3 C:\xampp\htdocs\jobs.samug.com\adminPanel\system\Autoloader\Autoloader.php(219): CodeIgniter\Autoloader\Autoloader->loadInNamespace('App\\Models\\Comm...')
#4 C:\xampp\htdocs\jobs.samug.com\adminPanel\app\Controllers\BaseController.php(55): CodeIgniter\Autoloader\Autoloader->loadClass('App\\Models\\Comm...')
#5 C:\xampp\htdocs\jobs.samug.com\adminPanel\system\CodeIgniter.php(810): App\Controllers\BaseController->initController(Object(CodeIgniter\HTTP\IncomingRequest), Object(CodeIgniter\HTTP\Response), Object(CodeIgniter\Log\Logger))
#6 C:\xampp\htdocs\jobs.samug.com\adminPanel\system\CodeIgniter.php(410): CodeIgniter\CodeIgniter->createController()
#7 C:\xampp\htdocs\jobs.samug.com\adminPanel\system\CodeIgniter.php(326): CodeIgniter\CodeIgniter->handleRequest(NULL, Object(Config\Cache), false)
#8 C:\xampp\htdocs\jobs.samug.com\adminPanel\index.php(37): CodeIgniter\CodeIgniter->run()
#9 {main}
CRITICAL - 2022-05-13 05:04:28 --> Required parameter $ord_fields follows optional parameter $fields
#0 C:\xampp\htdocs\jobs.samug.com\adminPanel\system\Autoloader\Autoloader.php(264): CodeIgniter\Debug\Exceptions->errorHandler(8192, 'Required parame...', 'C:\\xampp\\htdocs...', 20)
#1 C:\xampp\htdocs\jobs.samug.com\adminPanel\system\Autoloader\Autoloader.php(264): include_once()
#2 C:\xampp\htdocs\jobs.samug.com\adminPanel\system\Autoloader\Autoloader.php(241): CodeIgniter\Autoloader\Autoloader->includeFile('C:\\xampp\\htdocs...')
#3 C:\xampp\htdocs\jobs.samug.com\adminPanel\system\Autoloader\Autoloader.php(219): CodeIgniter\Autoloader\Autoloader->loadInNamespace('App\\Models\\Comm...')
#4 C:\xampp\htdocs\jobs.samug.com\adminPanel\app\Controllers\BaseController.php(55): CodeIgniter\Autoloader\Autoloader->loadClass('App\\Models\\Comm...')
#5 C:\xampp\htdocs\jobs.samug.com\adminPanel\system\CodeIgniter.php(810): App\Controllers\BaseController->initController(Object(CodeIgniter\HTTP\IncomingRequest), Object(CodeIgniter\HTTP\Response), Object(CodeIgniter\Log\Logger))
#6 C:\xampp\htdocs\jobs.samug.com\adminPanel\system\CodeIgniter.php(410): CodeIgniter\CodeIgniter->createController()
#7 C:\xampp\htdocs\jobs.samug.com\adminPanel\system\CodeIgniter.php(326): CodeIgniter\CodeIgniter->handleRequest(NULL, Object(Config\Cache), false)
#8 C:\xampp\htdocs\jobs.samug.com\adminPanel\index.php(37): CodeIgniter\CodeIgniter->run()
#9 {main}
CRITICAL - 2022-05-13 05:04:29 --> Required parameter $ord_fields follows optional parameter $fields
#0 C:\xampp\htdocs\jobs.samug.com\adminPanel\system\Autoloader\Autoloader.php(264): CodeIgniter\Debug\Exceptions->errorHandler(8192, 'Required parame...', 'C:\\xampp\\htdocs...', 20)
#1 C:\xampp\htdocs\jobs.samug.com\adminPanel\system\Autoloader\Autoloader.php(264): include_once()
#2 C:\xampp\htdocs\jobs.samug.com\adminPanel\system\Autoloader\Autoloader.php(241): CodeIgniter\Autoloader\Autoloader->includeFile('C:\\xampp\\htdocs...')
#3 C:\xampp\htdocs\jobs.samug.com\adminPanel\system\Autoloader\Autoloader.php(219): CodeIgniter\Autoloader\Autoloader->loadInNamespace('App\\Models\\Comm...')
#4 C:\xampp\htdocs\jobs.samug.com\adminPanel\app\Controllers\BaseController.php(55): CodeIgniter\Autoloader\Autoloader->loadClass('App\\Models\\Comm...')
#5 C:\xampp\htdocs\jobs.samug.com\adminPanel\system\CodeIgniter.php(810): App\Controllers\BaseController->initController(Object(CodeIgniter\HTTP\IncomingRequest), Object(CodeIgniter\HTTP\Response), Object(CodeIgniter\Log\Logger))
#6 C:\xampp\htdocs\jobs.samug.com\adminPanel\system\CodeIgniter.php(410): CodeIgniter\CodeIgniter->createController()
#7 C:\xampp\htdocs\jobs.samug.com\adminPanel\system\CodeIgniter.php(326): CodeIgniter\CodeIgniter->handleRequest(NULL, Object(Config\Cache), false)
#8 C:\xampp\htdocs\jobs.samug.com\adminPanel\index.php(37): CodeIgniter\CodeIgniter->run()
#9 {main}
CRITICAL - 2022-05-13 05:04:44 --> Required parameter $ord_fields follows optional parameter $fields
#0 C:\xampp\htdocs\jobs.samug.com\adminPanel\system\Autoloader\Autoloader.php(264): CodeIgniter\Debug\Exceptions->errorHandler(8192, 'Required parame...', 'C:\\xampp\\htdocs...', 20)
#1 C:\xampp\htdocs\jobs.samug.com\adminPanel\system\Autoloader\Autoloader.php(264): include_once()
#2 C:\xampp\htdocs\jobs.samug.com\adminPanel\system\Autoloader\Autoloader.php(241): CodeIgniter\Autoloader\Autoloader->includeFile('C:\\xampp\\htdocs...')
#3 C:\xampp\htdocs\jobs.samug.com\adminPanel\system\Autoloader\Autoloader.php(219): CodeIgniter\Autoloader\Autoloader->loadInNamespace('App\\Models\\Comm...')
#4 C:\xampp\htdocs\jobs.samug.com\adminPanel\app\Controllers\BaseController.php(55): CodeIgniter\Autoloader\Autoloader->loadClass('App\\Models\\Comm...')
#5 C:\xampp\htdocs\jobs.samug.com\adminPanel\system\CodeIgniter.php(810): App\Controllers\BaseController->initController(Object(CodeIgniter\HTTP\IncomingRequest), Object(CodeIgniter\HTTP\Response), Object(CodeIgniter\Log\Logger))
#6 C:\xampp\htdocs\jobs.samug.com\adminPanel\system\CodeIgniter.php(410): CodeIgniter\CodeIgniter->createController()
#7 C:\xampp\htdocs\jobs.samug.com\adminPanel\system\CodeIgniter.php(326): CodeIgniter\CodeIgniter->handleRequest(NULL, Object(Config\Cache), false)
#8 C:\xampp\htdocs\jobs.samug.com\adminPanel\index.php(37): CodeIgniter\CodeIgniter->run()
#9 {main}
CRITICAL - 2022-05-13 05:04:45 --> Required parameter $ord_fields follows optional parameter $fields
#0 C:\xampp\htdocs\jobs.samug.com\adminPanel\system\Autoloader\Autoloader.php(264): CodeIgniter\Debug\Exceptions->errorHandler(8192, 'Required parame...', 'C:\\xampp\\htdocs...', 20)
#1 C:\xampp\htdocs\jobs.samug.com\adminPanel\system\Autoloader\Autoloader.php(264): include_once()
#2 C:\xampp\htdocs\jobs.samug.com\adminPanel\system\Autoloader\Autoloader.php(241): CodeIgniter\Autoloader\Autoloader->includeFile('C:\\xampp\\htdocs...')
#3 C:\xampp\htdocs\jobs.samug.com\adminPanel\system\Autoloader\Autoloader.php(219): CodeIgniter\Autoloader\Autoloader->loadInNamespace('App\\Models\\Comm...')
#4 C:\xampp\htdocs\jobs.samug.com\adminPanel\app\Controllers\BaseController.php(55): CodeIgniter\Autoloader\Autoloader->loadClass('App\\Models\\Comm...')
#5 C:\xampp\htdocs\jobs.samug.com\adminPanel\system\CodeIgniter.php(810): App\Controllers\BaseController->initController(Object(CodeIgniter\HTTP\IncomingRequest), Object(CodeIgniter\HTTP\Response), Object(CodeIgniter\Log\Logger))
#6 C:\xampp\htdocs\jobs.samug.com\adminPanel\system\CodeIgniter.php(410): CodeIgniter\CodeIgniter->createController()
#7 C:\xampp\htdocs\jobs.samug.com\adminPanel\system\CodeIgniter.php(326): CodeIgniter\CodeIgniter->handleRequest(NULL, Object(Config\Cache), false)
#8 C:\xampp\htdocs\jobs.samug.com\adminPanel\index.php(37): CodeIgniter\CodeIgniter->run()
#9 {main}
CRITICAL - 2022-05-13 05:04:46 --> Required parameter $ord_fields follows optional parameter $fields
#0 C:\xampp\htdocs\jobs.samug.com\adminPanel\system\Autoloader\Autoloader.php(264): CodeIgniter\Debug\Exceptions->errorHandler(8192, 'Required parame...', 'C:\\xampp\\htdocs...', 20)
#1 C:\xampp\htdocs\jobs.samug.com\adminPanel\system\Autoloader\Autoloader.php(264): include_once()
#2 C:\xampp\htdocs\jobs.samug.com\adminPanel\system\Autoloader\Autoloader.php(241): CodeIgniter\Autoloader\Autoloader->includeFile('C:\\xampp\\htdocs...')
#3 C:\xampp\htdocs\jobs.samug.com\adminPanel\system\Autoloader\Autoloader.php(219): CodeIgniter\Autoloader\Autoloader->loadInNamespace('App\\Models\\Comm...')
#4 C:\xampp\htdocs\jobs.samug.com\adminPanel\app\Controllers\BaseController.php(55): CodeIgniter\Autoloader\Autoloader->loadClass('App\\Models\\Comm...')
#5 C:\xampp\htdocs\jobs.samug.com\adminPanel\system\CodeIgniter.php(810): App\Controllers\BaseController->initController(Object(CodeIgniter\HTTP\IncomingRequest), Object(CodeIgniter\HTTP\Response), Object(CodeIgniter\Log\Logger))
#6 C:\xampp\htdocs\jobs.samug.com\adminPanel\system\CodeIgniter.php(410): CodeIgniter\CodeIgniter->createController()
#7 C:\xampp\htdocs\jobs.samug.com\adminPanel\system\CodeIgniter.php(326): CodeIgniter\CodeIgniter->handleRequest(NULL, Object(Config\Cache), false)
#8 C:\xampp\htdocs\jobs.samug.com\adminPanel\index.php(37): CodeIgniter\CodeIgniter->run()
#9 {main}
CRITICAL - 2022-05-13 05:04:47 --> Required parameter $ord_fields follows optional parameter $fields
#0 C:\xampp\htdocs\jobs.samug.com\adminPanel\system\Autoloader\Autoloader.php(264): CodeIgniter\Debug\Exceptions->errorHandler(8192, 'Required parame...', 'C:\\xampp\\htdocs...', 20)
#1 C:\xampp\htdocs\jobs.samug.com\adminPanel\system\Autoloader\Autoloader.php(264): include_once()
#2 C:\xampp\htdocs\jobs.samug.com\adminPanel\system\Autoloader\Autoloader.php(241): CodeIgniter\Autoloader\Autoloader->includeFile('C:\\xampp\\htdocs...')
#3 C:\xampp\htdocs\jobs.samug.com\adminPanel\system\Autoloader\Autoloader.php(219): CodeIgniter\Autoloader\Autoloader->loadInNamespace('App\\Models\\Comm...')
#4 C:\xampp\htdocs\jobs.samug.com\adminPanel\app\Controllers\BaseController.php(55): CodeIgniter\Autoloader\Autoloader->loadClass('App\\Models\\Comm...')
#5 C:\xampp\htdocs\jobs.samug.com\adminPanel\system\CodeIgniter.php(810): App\Controllers\BaseController->initController(Object(CodeIgniter\HTTP\IncomingRequest), Object(CodeIgniter\HTTP\Response), Object(CodeIgniter\Log\Logger))
#6 C:\xampp\htdocs\jobs.samug.com\adminPanel\system\CodeIgniter.php(410): CodeIgniter\CodeIgniter->createController()
#7 C:\xampp\htdocs\jobs.samug.com\adminPanel\system\CodeIgniter.php(326): CodeIgniter\CodeIgniter->handleRequest(NULL, Object(Config\Cache), false)
#8 C:\xampp\htdocs\jobs.samug.com\adminPanel\index.php(37): CodeIgniter\CodeIgniter->run()
#9 {main}
CRITICAL - 2022-05-13 05:04:48 --> Required parameter $ord_fields follows optional parameter $fields
#0 C:\xampp\htdocs\jobs.samug.com\adminPanel\system\Autoloader\Autoloader.php(264): CodeIgniter\Debug\Exceptions->errorHandler(8192, 'Required parame...', 'C:\\xampp\\htdocs...', 20)
#1 C:\xampp\htdocs\jobs.samug.com\adminPanel\system\Autoloader\Autoloader.php(264): include_once()
#2 C:\xampp\htdocs\jobs.samug.com\adminPanel\system\Autoloader\Autoloader.php(241): CodeIgniter\Autoloader\Autoloader->includeFile('C:\\xampp\\htdocs...')
#3 C:\xampp\htdocs\jobs.samug.com\adminPanel\system\Autoloader\Autoloader.php(219): CodeIgniter\Autoloader\Autoloader->loadInNamespace('App\\Models\\Comm...')
#4 C:\xampp\htdocs\jobs.samug.com\adminPanel\app\Controllers\BaseController.php(55): CodeIgniter\Autoloader\Autoloader->loadClass('App\\Models\\Comm...')
#5 C:\xampp\htdocs\jobs.samug.com\adminPanel\system\CodeIgniter.php(810): App\Controllers\BaseController->initController(Object(CodeIgniter\HTTP\IncomingRequest), Object(CodeIgniter\HTTP\Response), Object(CodeIgniter\Log\Logger))
#6 C:\xampp\htdocs\jobs.samug.com\adminPanel\system\CodeIgniter.php(410): CodeIgniter\CodeIgniter->createController()
#7 C:\xampp\htdocs\jobs.samug.com\adminPanel\system\CodeIgniter.php(326): CodeIgniter\CodeIgniter->handleRequest(NULL, Object(Config\Cache), false)
#8 C:\xampp\htdocs\jobs.samug.com\adminPanel\index.php(37): CodeIgniter\CodeIgniter->run()
#9 {main}
CRITICAL - 2022-05-13 05:04:49 --> Required parameter $ord_fields follows optional parameter $fields
#0 C:\xampp\htdocs\jobs.samug.com\adminPanel\system\Autoloader\Autoloader.php(264): CodeIgniter\Debug\Exceptions->errorHandler(8192, 'Required parame...', 'C:\\xampp\\htdocs...', 20)
#1 C:\xampp\htdocs\jobs.samug.com\adminPanel\system\Autoloader\Autoloader.php(264): include_once()
#2 C:\xampp\htdocs\jobs.samug.com\adminPanel\system\Autoloader\Autoloader.php(241): CodeIgniter\Autoloader\Autoloader->includeFile('C:\\xampp\\htdocs...')
#3 C:\xampp\htdocs\jobs.samug.com\adminPanel\system\Autoloader\Autoloader.php(219): CodeIgniter\Autoloader\Autoloader->loadInNamespace('App\\Models\\Comm...')
#4 C:\xampp\htdocs\jobs.samug.com\adminPanel\app\Controllers\BaseController.php(55): CodeIgniter\Autoloader\Autoloader->loadClass('App\\Models\\Comm...')
#5 C:\xampp\htdocs\jobs.samug.com\adminPanel\system\CodeIgniter.php(810): App\Controllers\BaseController->initController(Object(CodeIgniter\HTTP\IncomingRequest), Object(CodeIgniter\HTTP\Response), Object(CodeIgniter\Log\Logger))
#6 C:\xampp\htdocs\jobs.samug.com\adminPanel\system\CodeIgniter.php(410): CodeIgniter\CodeIgniter->createController()
#7 C:\xampp\htdocs\jobs.samug.com\adminPanel\system\CodeIgniter.php(326): CodeIgniter\CodeIgniter->handleRequest(NULL, Object(Config\Cache), false)
#8 C:\xampp\htdocs\jobs.samug.com\adminPanel\index.php(37): CodeIgniter\CodeIgniter->run()
#9 {main}
