ERROR - 2022-05-11 09:04:39 --> Error connecting to the database: Access denied for user '****'@'localhost' (using password: YES)
CRITICAL - 2022-05-11 09:04:39 --> Unable to connect to the database.
Main connection [MySQLi]: Access denied for user '****'@'localhost' (using password: YES)
#0 /var/www/vhosts/samug.com/jobs.samug.com/adminPanel/system/Database/BaseConnection.php(577): CodeIgniter\Database\BaseConnection->initialize()
#1 /var/www/vhosts/samug.com/jobs.samug.com/adminPanel/system/Database/BaseBuilder.php(1455): CodeIgniter\Database\BaseConnection->query()
#2 /var/www/vhosts/samug.com/jobs.samug.com/adminPanel/app/Models/Common_model.php(41): CodeIgniter\Database\BaseBuilder->get()
#3 /var/www/vhosts/samug.com/jobs.samug.com/adminPanel/app/Controllers/Login.php(19): App\Models\Common_model->getLoginRecord()
#4 /var/www/vhosts/samug.com/jobs.samug.com/adminPanel/system/CodeIgniter.php(832): App\Controllers\Login->loginPage()
#5 /var/www/vhosts/samug.com/jobs.samug.com/adminPanel/system/CodeIgniter.php(419): CodeIgniter\CodeIgniter->runController()
#6 /var/www/vhosts/samug.com/jobs.samug.com/adminPanel/system/CodeIgniter.php(326): CodeIgniter\CodeIgniter->handleRequest()
#7 /var/www/vhosts/samug.com/jobs.samug.com/adminPanel/index.php(37): CodeIgniter\CodeIgniter->run()
#8 {main}
ERROR - 2022-05-11 09:05:56 --> Error connecting to the database: Access denied for user '****'@'localhost' (using password: YES)
CRITICAL - 2022-05-11 09:05:56 --> Unable to connect to the database.
Main connection [MySQLi]: Access denied for user '****'@'localhost' (using password: YES)
#0 /var/www/vhosts/samug.com/jobs.samug.com/adminPanel/system/Database/BaseConnection.php(577): CodeIgniter\Database\BaseConnection->initialize()
#1 /var/www/vhosts/samug.com/jobs.samug.com/adminPanel/system/Database/BaseBuilder.php(1455): CodeIgniter\Database\BaseConnection->query()
#2 /var/www/vhosts/samug.com/jobs.samug.com/adminPanel/app/Models/Common_model.php(41): CodeIgniter\Database\BaseBuilder->get()
#3 /var/www/vhosts/samug.com/jobs.samug.com/adminPanel/app/Controllers/Login.php(19): App\Models\Common_model->getLoginRecord()
#4 /var/www/vhosts/samug.com/jobs.samug.com/adminPanel/system/CodeIgniter.php(832): App\Controllers\Login->loginPage()
#5 /var/www/vhosts/samug.com/jobs.samug.com/adminPanel/system/CodeIgniter.php(419): CodeIgniter\CodeIgniter->runController()
#6 /var/www/vhosts/samug.com/jobs.samug.com/adminPanel/system/CodeIgniter.php(326): CodeIgniter\CodeIgniter->handleRequest()
#7 /var/www/vhosts/samug.com/jobs.samug.com/adminPanel/index.php(37): CodeIgniter\CodeIgniter->run()
#8 {main}
ERROR - 2022-05-11 09:06:00 --> Error connecting to the database: Access denied for user '****'@'localhost' (using password: YES)
CRITICAL - 2022-05-11 09:06:00 --> Unable to connect to the database.
Main connection [MySQLi]: Access denied for user '****'@'localhost' (using password: YES)
#0 /var/www/vhosts/samug.com/jobs.samug.com/adminPanel/system/Database/BaseConnection.php(577): CodeIgniter\Database\BaseConnection->initialize()
#1 /var/www/vhosts/samug.com/jobs.samug.com/adminPanel/system/Database/BaseBuilder.php(1455): CodeIgniter\Database\BaseConnection->query()
#2 /var/www/vhosts/samug.com/jobs.samug.com/adminPanel/app/Models/Common_model.php(41): CodeIgniter\Database\BaseBuilder->get()
#3 /var/www/vhosts/samug.com/jobs.samug.com/adminPanel/app/Controllers/Login.php(19): App\Models\Common_model->getLoginRecord()
#4 /var/www/vhosts/samug.com/jobs.samug.com/adminPanel/system/CodeIgniter.php(832): App\Controllers\Login->loginPage()
#5 /var/www/vhosts/samug.com/jobs.samug.com/adminPanel/system/CodeIgniter.php(419): CodeIgniter\CodeIgniter->runController()
#6 /var/www/vhosts/samug.com/jobs.samug.com/adminPanel/system/CodeIgniter.php(326): CodeIgniter\CodeIgniter->handleRequest()
#7 /var/www/vhosts/samug.com/jobs.samug.com/adminPanel/index.php(37): CodeIgniter\CodeIgniter->run()
#8 {main}
ERROR - 2022-05-11 09:07:16 --> Error connecting to the database: Access denied for user '****'@'localhost' (using password: YES)
CRITICAL - 2022-05-11 09:07:16 --> Unable to connect to the database.
Main connection [MySQLi]: Access denied for user '****'@'localhost' (using password: YES)
#0 /var/www/vhosts/samug.com/jobs.samug.com/adminPanel/system/Database/BaseConnection.php(577): CodeIgniter\Database\BaseConnection->initialize()
#1 /var/www/vhosts/samug.com/jobs.samug.com/adminPanel/system/Database/BaseBuilder.php(1455): CodeIgniter\Database\BaseConnection->query()
#2 /var/www/vhosts/samug.com/jobs.samug.com/adminPanel/app/Models/Common_model.php(41): CodeIgniter\Database\BaseBuilder->get()
#3 /var/www/vhosts/samug.com/jobs.samug.com/adminPanel/app/Controllers/Login.php(19): App\Models\Common_model->getLoginRecord()
#4 /var/www/vhosts/samug.com/jobs.samug.com/adminPanel/system/CodeIgniter.php(832): App\Controllers\Login->loginPage()
#5 /var/www/vhosts/samug.com/jobs.samug.com/adminPanel/system/CodeIgniter.php(419): CodeIgniter\CodeIgniter->runController()
#6 /var/www/vhosts/samug.com/jobs.samug.com/adminPanel/system/CodeIgniter.php(326): CodeIgniter\CodeIgniter->handleRequest()
#7 /var/www/vhosts/samug.com/jobs.samug.com/adminPanel/index.php(37): CodeIgniter\CodeIgniter->run()
#8 {main}
ERROR - 2022-05-11 09:07:19 --> Error connecting to the database: Access denied for user '****'@'localhost' (using password: YES)
CRITICAL - 2022-05-11 09:07:19 --> Unable to connect to the database.
Main connection [MySQLi]: Access denied for user '****'@'localhost' (using password: YES)
#0 /var/www/vhosts/samug.com/jobs.samug.com/adminPanel/system/Database/BaseConnection.php(577): CodeIgniter\Database\BaseConnection->initialize()
#1 /var/www/vhosts/samug.com/jobs.samug.com/adminPanel/system/Database/BaseBuilder.php(1455): CodeIgniter\Database\BaseConnection->query()
#2 /var/www/vhosts/samug.com/jobs.samug.com/adminPanel/app/Models/Common_model.php(41): CodeIgniter\Database\BaseBuilder->get()
#3 /var/www/vhosts/samug.com/jobs.samug.com/adminPanel/app/Controllers/Login.php(19): App\Models\Common_model->getLoginRecord()
#4 /var/www/vhosts/samug.com/jobs.samug.com/adminPanel/system/CodeIgniter.php(832): App\Controllers\Login->loginPage()
#5 /var/www/vhosts/samug.com/jobs.samug.com/adminPanel/system/CodeIgniter.php(419): CodeIgniter\CodeIgniter->runController()
#6 /var/www/vhosts/samug.com/jobs.samug.com/adminPanel/system/CodeIgniter.php(326): CodeIgniter\CodeIgniter->handleRequest()
#7 /var/www/vhosts/samug.com/jobs.samug.com/adminPanel/index.php(37): CodeIgniter\CodeIgniter->run()
#8 {main}
ERROR - 2022-05-11 09:07:53 --> Error connecting to the database: Access denied for user '****'@'localhost' (using password: YES)
CRITICAL - 2022-05-11 09:07:53 --> Unable to connect to the database.
Main connection [MySQLi]: Access denied for user '****'@'localhost' (using password: YES)
#0 /var/www/vhosts/samug.com/jobs.samug.com/adminPanel/system/Database/BaseConnection.php(577): CodeIgniter\Database\BaseConnection->initialize()
#1 /var/www/vhosts/samug.com/jobs.samug.com/adminPanel/system/Database/BaseBuilder.php(1455): CodeIgniter\Database\BaseConnection->query()
#2 /var/www/vhosts/samug.com/jobs.samug.com/adminPanel/app/Models/Common_model.php(41): CodeIgniter\Database\BaseBuilder->get()
#3 /var/www/vhosts/samug.com/jobs.samug.com/adminPanel/app/Controllers/Login.php(19): App\Models\Common_model->getLoginRecord()
#4 /var/www/vhosts/samug.com/jobs.samug.com/adminPanel/system/CodeIgniter.php(832): App\Controllers\Login->loginPage()
#5 /var/www/vhosts/samug.com/jobs.samug.com/adminPanel/system/CodeIgniter.php(419): CodeIgniter\CodeIgniter->runController()
#6 /var/www/vhosts/samug.com/jobs.samug.com/adminPanel/system/CodeIgniter.php(326): CodeIgniter\CodeIgniter->handleRequest()
#7 /var/www/vhosts/samug.com/jobs.samug.com/adminPanel/index.php(37): CodeIgniter\CodeIgniter->run()
#8 {main}
ERROR - 2022-05-11 09:07:55 --> Error connecting to the database: Access denied for user '****'@'localhost' (using password: YES)
CRITICAL - 2022-05-11 09:07:55 --> Unable to connect to the database.
Main connection [MySQLi]: Access denied for user '****'@'localhost' (using password: YES)
#0 /var/www/vhosts/samug.com/jobs.samug.com/adminPanel/system/Database/BaseConnection.php(577): CodeIgniter\Database\BaseConnection->initialize()
#1 /var/www/vhosts/samug.com/jobs.samug.com/adminPanel/system/Database/BaseBuilder.php(1455): CodeIgniter\Database\BaseConnection->query()
#2 /var/www/vhosts/samug.com/jobs.samug.com/adminPanel/app/Models/Common_model.php(41): CodeIgniter\Database\BaseBuilder->get()
#3 /var/www/vhosts/samug.com/jobs.samug.com/adminPanel/app/Controllers/Login.php(19): App\Models\Common_model->getLoginRecord()
#4 /var/www/vhosts/samug.com/jobs.samug.com/adminPanel/system/CodeIgniter.php(832): App\Controllers\Login->loginPage()
#5 /var/www/vhosts/samug.com/jobs.samug.com/adminPanel/system/CodeIgniter.php(419): CodeIgniter\CodeIgniter->runController()
#6 /var/www/vhosts/samug.com/jobs.samug.com/adminPanel/system/CodeIgniter.php(326): CodeIgniter\CodeIgniter->handleRequest()
#7 /var/www/vhosts/samug.com/jobs.samug.com/adminPanel/index.php(37): CodeIgniter\CodeIgniter->run()
#8 {main}
ERROR - 2022-05-11 09:08:04 --> Error connecting to the database: Access denied for user '****'@'localhost' (using password: YES)
CRITICAL - 2022-05-11 09:08:04 --> Unable to connect to the database.
Main connection [MySQLi]: Access denied for user '****'@'localhost' (using password: YES)
#0 /var/www/vhosts/samug.com/jobs.samug.com/adminPanel/system/Database/BaseConnection.php(577): CodeIgniter\Database\BaseConnection->initialize()
#1 /var/www/vhosts/samug.com/jobs.samug.com/adminPanel/system/Database/BaseBuilder.php(1455): CodeIgniter\Database\BaseConnection->query()
#2 /var/www/vhosts/samug.com/jobs.samug.com/adminPanel/app/Models/Common_model.php(41): CodeIgniter\Database\BaseBuilder->get()
#3 /var/www/vhosts/samug.com/jobs.samug.com/adminPanel/app/Controllers/Login.php(19): App\Models\Common_model->getLoginRecord()
#4 /var/www/vhosts/samug.com/jobs.samug.com/adminPanel/system/CodeIgniter.php(832): App\Controllers\Login->loginPage()
#5 /var/www/vhosts/samug.com/jobs.samug.com/adminPanel/system/CodeIgniter.php(419): CodeIgniter\CodeIgniter->runController()
#6 /var/www/vhosts/samug.com/jobs.samug.com/adminPanel/system/CodeIgniter.php(326): CodeIgniter\CodeIgniter->handleRequest()
#7 /var/www/vhosts/samug.com/jobs.samug.com/adminPanel/index.php(37): CodeIgniter\CodeIgniter->run()
#8 {main}
CRITICAL - 2022-05-11 09:09:15 --> Invalid file: Dashboard/dashboard.php
#0 /var/www/vhosts/samug.com/jobs.samug.com/adminPanel/system/View/View.php(198): CodeIgniter\Exceptions\FrameworkException::forInvalidFile()
#1 /var/www/vhosts/samug.com/jobs.samug.com/adminPanel/system/Common.php(1089): CodeIgniter\View\View->render()
#2 /var/www/vhosts/samug.com/jobs.samug.com/adminPanel/app/Views/BasicTemplate/content.php(4): view()
#3 /var/www/vhosts/samug.com/jobs.samug.com/adminPanel/system/View/View.php(210): include('/var/www/vhosts...')
#4 /var/www/vhosts/samug.com/jobs.samug.com/adminPanel/system/View/View.php(213): CodeIgniter\View\View->CodeIgniter\View\{closure}()
#5 /var/www/vhosts/samug.com/jobs.samug.com/adminPanel/system/Common.php(1089): CodeIgniter\View\View->render()
#6 /var/www/vhosts/samug.com/jobs.samug.com/adminPanel/app/Controllers/Dashboard.php(10): view()
#7 /var/www/vhosts/samug.com/jobs.samug.com/adminPanel/system/CodeIgniter.php(832): App\Controllers\Dashboard->index()
#8 /var/www/vhosts/samug.com/jobs.samug.com/adminPanel/system/CodeIgniter.php(419): CodeIgniter\CodeIgniter->runController()
#9 /var/www/vhosts/samug.com/jobs.samug.com/adminPanel/system/CodeIgniter.php(326): CodeIgniter\CodeIgniter->handleRequest()
#10 /var/www/vhosts/samug.com/jobs.samug.com/adminPanel/index.php(37): CodeIgniter\CodeIgniter->run()
#11 {main}
