CRITICAL - 2022-05-07 04:34:12 --> CodeIgniter\Database\BaseBuilder::get(): Argument #1 ($limit) must be of type ?int, string given, called in C:\xampp\htdocs\adminPanel\app\Models\Common_model.php on line 22
#0 C:\xampp\htdocs\adminPanel\app\Models\Common_model.php(22): CodeIgniter\Database\BaseBuilder->get('*')
#1 C:\xampp\htdocs\adminPanel\app\Controllers\Adminpage.php(280): App\Models\Common_model->getRecords('jobs', '*')
#2 C:\xampp\htdocs\adminPanel\system\CodeIgniter.php(832): App\Controllers\Adminpage->recordChange()
#3 C:\xampp\htdocs\adminPanel\system\CodeIgniter.php(419): CodeIgniter\CodeIgniter->runController(Object(App\Controllers\Adminpage))
#4 C:\xampp\htdocs\adminPanel\system\CodeIgniter.php(326): CodeIgniter\CodeIgniter->handleRequest(NULL, Object(Config\Cache), false)
#5 C:\xampp\htdocs\adminPanel\index.php(37): CodeIgniter\CodeIgniter->run()
#6 {main}
ERROR - 2022-05-07 05:46:44 --> Column 'city' cannot be null
CRITICAL - 2022-05-07 05:46:44 --> Column 'city' cannot be null
#0 C:\xampp\htdocs\adminPanel\system\Database\MySQLi\Connection.php(292): mysqli->query('INSERT INTO `jo...', 0)
#1 C:\xampp\htdocs\adminPanel\system\Database\BaseConnection.php(670): CodeIgniter\Database\MySQLi\Connection->execute('INSERT INTO `jo...')
#2 C:\xampp\htdocs\adminPanel\system\Database\BaseConnection.php(598): CodeIgniter\Database\BaseConnection->simpleQuery('INSERT INTO `jo...')
#3 C:\xampp\htdocs\adminPanel\system\Database\BaseBuilder.php(1771): CodeIgniter\Database\BaseConnection->query('INSERT INTO `jo...', Array, false)
#4 C:\xampp\htdocs\adminPanel\app\Models\Common_model.php(70): CodeIgniter\Database\BaseBuilder->insert(Array)
#5 C:\xampp\htdocs\adminPanel\app\Controllers\Adminpage.php(322): App\Models\Common_model->newJobDescription('jobs', Array)
#6 C:\xampp\htdocs\adminPanel\system\CodeIgniter.php(832): App\Controllers\Adminpage->addNewJobDescription()
#7 C:\xampp\htdocs\adminPanel\system\CodeIgniter.php(419): CodeIgniter\CodeIgniter->runController(Object(App\Controllers\Adminpage))
#8 C:\xampp\htdocs\adminPanel\system\CodeIgniter.php(326): CodeIgniter\CodeIgniter->handleRequest(NULL, Object(Config\Cache), false)
#9 C:\xampp\htdocs\adminPanel\index.php(37): CodeIgniter\CodeIgniter->run()
#10 {main}
