CRITICAL - 2022-04-22 00:28:48 --> foreach() argument must be of type array|object, null given
#0 C:\xampp\htdocs\ci4\app\Views\Jobs_details.php(179): CodeIgniter\Debug\Exceptions->errorHandler(2, 'foreach() argum...', 'C:\\xampp\\htdocs...', 179)
#1 C:\xampp\htdocs\ci4\system\View\View.php(210): include('C:\\xampp\\htdocs...')
#2 C:\xampp\htdocs\ci4\system\View\View.php(213): CodeIgniter\View\View->CodeIgniter\View\{closure}()
#3 C:\xampp\htdocs\ci4\system\Common.php(1089): CodeIgniter\View\View->render('Jobs_details', Array, true)
#4 C:\xampp\htdocs\ci4\app\Controllers\Home.php(30): view('Jobs_details', Array)
#5 C:\xampp\htdocs\ci4\system\CodeIgniter.php(832): App\Controllers\Home->Jobs_Details('2', '0')
#6 C:\xampp\htdocs\ci4\system\CodeIgniter.php(419): CodeIgniter\CodeIgniter->runController(Object(App\Controllers\Home))
#7 C:\xampp\htdocs\ci4\system\CodeIgniter.php(326): CodeIgniter\CodeIgniter->handleRequest(NULL, Object(Config\Cache), false)
#8 C:\xampp\htdocs\ci4\index.php(37): CodeIgniter\CodeIgniter->run()
#9 {main}
CRITICAL - 2022-04-22 00:45:29 --> foreach() argument must be of type array|object, null given
#0 C:\xampp\htdocs\ci4\app\Views\Jobs_details.php(179): CodeIgniter\Debug\Exceptions->errorHandler(2, 'foreach() argum...', 'C:\\xampp\\htdocs...', 179)
#1 C:\xampp\htdocs\ci4\system\View\View.php(210): include('C:\\xampp\\htdocs...')
#2 C:\xampp\htdocs\ci4\system\View\View.php(213): CodeIgniter\View\View->CodeIgniter\View\{closure}()
#3 C:\xampp\htdocs\ci4\system\Common.php(1089): CodeIgniter\View\View->render('Jobs_details', Array, true)
#4 C:\xampp\htdocs\ci4\app\Controllers\Home.php(30): view('Jobs_details', Array)
#5 C:\xampp\htdocs\ci4\system\CodeIgniter.php(832): App\Controllers\Home->Jobs_Details('2', '0')
#6 C:\xampp\htdocs\ci4\system\CodeIgniter.php(419): CodeIgniter\CodeIgniter->runController(Object(App\Controllers\Home))
#7 C:\xampp\htdocs\ci4\system\CodeIgniter.php(326): CodeIgniter\CodeIgniter->handleRequest(NULL, Object(Config\Cache), false)
#8 C:\xampp\htdocs\ci4\index.php(37): CodeIgniter\CodeIgniter->run()
#9 {main}
CRITICAL - 2022-04-22 00:52:14 --> Attempt to read property "description" on string
#0 C:\xampp\htdocs\ci4\app\Views\Jobs_details.php(182): CodeIgniter\Debug\Exceptions->errorHandler(2, 'Attempt to read...', 'C:\\xampp\\htdocs...', 182)
#1 C:\xampp\htdocs\ci4\system\View\View.php(210): include('C:\\xampp\\htdocs...')
#2 C:\xampp\htdocs\ci4\system\View\View.php(213): CodeIgniter\View\View->CodeIgniter\View\{closure}()
#3 C:\xampp\htdocs\ci4\system\Common.php(1089): CodeIgniter\View\View->render('Jobs_details', Array, true)
#4 C:\xampp\htdocs\ci4\app\Controllers\Home.php(30): view('Jobs_details', Array)
#5 C:\xampp\htdocs\ci4\system\CodeIgniter.php(832): App\Controllers\Home->Jobs_Details('2', '0')
#6 C:\xampp\htdocs\ci4\system\CodeIgniter.php(419): CodeIgniter\CodeIgniter->runController(Object(App\Controllers\Home))
#7 C:\xampp\htdocs\ci4\system\CodeIgniter.php(326): CodeIgniter\CodeIgniter->handleRequest(NULL, Object(Config\Cache), false)
#8 C:\xampp\htdocs\ci4\index.php(37): CodeIgniter\CodeIgniter->run()
#9 {main}
CRITICAL - 2022-04-22 00:59:31 --> foreach() argument must be of type array|object, null given
#0 C:\xampp\htdocs\ci4\app\Views\Jobs_details.php(180): CodeIgniter\Debug\Exceptions->errorHandler(2, 'foreach() argum...', 'C:\\xampp\\htdocs...', 180)
#1 C:\xampp\htdocs\ci4\system\View\View.php(210): include('C:\\xampp\\htdocs...')
#2 C:\xampp\htdocs\ci4\system\View\View.php(213): CodeIgniter\View\View->CodeIgniter\View\{closure}()
#3 C:\xampp\htdocs\ci4\system\Common.php(1089): CodeIgniter\View\View->render('Jobs_details', Array, true)
#4 C:\xampp\htdocs\ci4\app\Controllers\Home.php(30): view('Jobs_details', Array)
#5 C:\xampp\htdocs\ci4\system\CodeIgniter.php(832): App\Controllers\Home->Jobs_Details('2', '0')
#6 C:\xampp\htdocs\ci4\system\CodeIgniter.php(419): CodeIgniter\CodeIgniter->runController(Object(App\Controllers\Home))
#7 C:\xampp\htdocs\ci4\system\CodeIgniter.php(326): CodeIgniter\CodeIgniter->handleRequest(NULL, Object(Config\Cache), false)
#8 C:\xampp\htdocs\ci4\index.php(37): CodeIgniter\CodeIgniter->run()
#9 {main}
CRITICAL - 2022-04-22 01:07:42 --> Attempt to read property "description" on array
#0 C:\xampp\htdocs\ci4\app\Views\Jobs_details.php(183): CodeIgniter\Debug\Exceptions->errorHandler(2, 'Attempt to read...', 'C:\\xampp\\htdocs...', 183)
#1 C:\xampp\htdocs\ci4\system\View\View.php(210): include('C:\\xampp\\htdocs...')
#2 C:\xampp\htdocs\ci4\system\View\View.php(213): CodeIgniter\View\View->CodeIgniter\View\{closure}()
#3 C:\xampp\htdocs\ci4\system\Common.php(1089): CodeIgniter\View\View->render('Jobs_details', Array, true)
#4 C:\xampp\htdocs\ci4\app\Controllers\Home.php(30): view('Jobs_details', Array)
#5 C:\xampp\htdocs\ci4\system\CodeIgniter.php(832): App\Controllers\Home->Jobs_Details('2', '0')
#6 C:\xampp\htdocs\ci4\system\CodeIgniter.php(419): CodeIgniter\CodeIgniter->runController(Object(App\Controllers\Home))
#7 C:\xampp\htdocs\ci4\system\CodeIgniter.php(326): CodeIgniter\CodeIgniter->handleRequest(NULL, Object(Config\Cache), false)
#8 C:\xampp\htdocs\ci4\index.php(37): CodeIgniter\CodeIgniter->run()
#9 {main}
CRITICAL - 2022-04-22 01:07:44 --> Attempt to read property "description" on array
#0 C:\xampp\htdocs\ci4\app\Views\Jobs_details.php(183): CodeIgniter\Debug\Exceptions->errorHandler(2, 'Attempt to read...', 'C:\\xampp\\htdocs...', 183)
#1 C:\xampp\htdocs\ci4\system\View\View.php(210): include('C:\\xampp\\htdocs...')
#2 C:\xampp\htdocs\ci4\system\View\View.php(213): CodeIgniter\View\View->CodeIgniter\View\{closure}()
#3 C:\xampp\htdocs\ci4\system\Common.php(1089): CodeIgniter\View\View->render('Jobs_details', Array, true)
#4 C:\xampp\htdocs\ci4\app\Controllers\Home.php(30): view('Jobs_details', Array)
#5 C:\xampp\htdocs\ci4\system\CodeIgniter.php(832): App\Controllers\Home->Jobs_Details('2', '0')
#6 C:\xampp\htdocs\ci4\system\CodeIgniter.php(419): CodeIgniter\CodeIgniter->runController(Object(App\Controllers\Home))
#7 C:\xampp\htdocs\ci4\system\CodeIgniter.php(326): CodeIgniter\CodeIgniter->handleRequest(NULL, Object(Config\Cache), false)
#8 C:\xampp\htdocs\ci4\index.php(37): CodeIgniter\CodeIgniter->run()
#9 {main}
CRITICAL - 2022-04-22 01:10:12 --> Attempt to read property "description" on array
#0 C:\xampp\htdocs\ci4\app\Views\Jobs_details.php(186): CodeIgniter\Debug\Exceptions->errorHandler(2, 'Attempt to read...', 'C:\\xampp\\htdocs...', 186)
#1 C:\xampp\htdocs\ci4\system\View\View.php(210): include('C:\\xampp\\htdocs...')
#2 C:\xampp\htdocs\ci4\system\View\View.php(213): CodeIgniter\View\View->CodeIgniter\View\{closure}()
#3 C:\xampp\htdocs\ci4\system\Common.php(1089): CodeIgniter\View\View->render('Jobs_details', Array, true)
#4 C:\xampp\htdocs\ci4\app\Controllers\Home.php(30): view('Jobs_details', Array)
#5 C:\xampp\htdocs\ci4\system\CodeIgniter.php(832): App\Controllers\Home->Jobs_Details('2', '0')
#6 C:\xampp\htdocs\ci4\system\CodeIgniter.php(419): CodeIgniter\CodeIgniter->runController(Object(App\Controllers\Home))
#7 C:\xampp\htdocs\ci4\system\CodeIgniter.php(326): CodeIgniter\CodeIgniter->handleRequest(NULL, Object(Config\Cache), false)
#8 C:\xampp\htdocs\ci4\index.php(37): CodeIgniter\CodeIgniter->run()
#9 {main}
CRITICAL - 2022-04-22 01:10:45 --> Attempt to read property "description" on array
#0 C:\xampp\htdocs\ci4\app\Views\Jobs_details.php(187): CodeIgniter\Debug\Exceptions->errorHandler(2, 'Attempt to read...', 'C:\\xampp\\htdocs...', 187)
#1 C:\xampp\htdocs\ci4\system\View\View.php(210): include('C:\\xampp\\htdocs...')
#2 C:\xampp\htdocs\ci4\system\View\View.php(213): CodeIgniter\View\View->CodeIgniter\View\{closure}()
#3 C:\xampp\htdocs\ci4\system\Common.php(1089): CodeIgniter\View\View->render('Jobs_details', Array, true)
#4 C:\xampp\htdocs\ci4\app\Controllers\Home.php(30): view('Jobs_details', Array)
#5 C:\xampp\htdocs\ci4\system\CodeIgniter.php(832): App\Controllers\Home->Jobs_Details('2', '0')
#6 C:\xampp\htdocs\ci4\system\CodeIgniter.php(419): CodeIgniter\CodeIgniter->runController(Object(App\Controllers\Home))
#7 C:\xampp\htdocs\ci4\system\CodeIgniter.php(326): CodeIgniter\CodeIgniter->handleRequest(NULL, Object(Config\Cache), false)
#8 C:\xampp\htdocs\ci4\index.php(37): CodeIgniter\CodeIgniter->run()
#9 {main}
CRITICAL - 2022-04-22 01:12:04 --> Attempt to read property "description" on array
#0 C:\xampp\htdocs\ci4\app\Views\Jobs_details.php(186): CodeIgniter\Debug\Exceptions->errorHandler(2, 'Attempt to read...', 'C:\\xampp\\htdocs...', 186)
#1 C:\xampp\htdocs\ci4\system\View\View.php(210): include('C:\\xampp\\htdocs...')
#2 C:\xampp\htdocs\ci4\system\View\View.php(213): CodeIgniter\View\View->CodeIgniter\View\{closure}()
#3 C:\xampp\htdocs\ci4\system\Common.php(1089): CodeIgniter\View\View->render('Jobs_details', Array, true)
#4 C:\xampp\htdocs\ci4\app\Controllers\Home.php(30): view('Jobs_details', Array)
#5 C:\xampp\htdocs\ci4\system\CodeIgniter.php(832): App\Controllers\Home->Jobs_Details('2', '0')
#6 C:\xampp\htdocs\ci4\system\CodeIgniter.php(419): CodeIgniter\CodeIgniter->runController(Object(App\Controllers\Home))
#7 C:\xampp\htdocs\ci4\system\CodeIgniter.php(326): CodeIgniter\CodeIgniter->handleRequest(NULL, Object(Config\Cache), false)
#8 C:\xampp\htdocs\ci4\index.php(37): CodeIgniter\CodeIgniter->run()
#9 {main}
CRITICAL - 2022-04-22 01:12:54 --> Undefined variable $temp
#0 C:\xampp\htdocs\ci4\app\Views\Jobs_details.php(187): CodeIgniter\Debug\Exceptions->errorHandler(2, 'Undefined varia...', 'C:\\xampp\\htdocs...', 187)
#1 C:\xampp\htdocs\ci4\system\View\View.php(210): include('C:\\xampp\\htdocs...')
#2 C:\xampp\htdocs\ci4\system\View\View.php(213): CodeIgniter\View\View->CodeIgniter\View\{closure}()
#3 C:\xampp\htdocs\ci4\system\Common.php(1089): CodeIgniter\View\View->render('Jobs_details', Array, true)
#4 C:\xampp\htdocs\ci4\app\Controllers\Home.php(30): view('Jobs_details', Array)
#5 C:\xampp\htdocs\ci4\system\CodeIgniter.php(832): App\Controllers\Home->Jobs_Details('2', '0')
#6 C:\xampp\htdocs\ci4\system\CodeIgniter.php(419): CodeIgniter\CodeIgniter->runController(Object(App\Controllers\Home))
#7 C:\xampp\htdocs\ci4\system\CodeIgniter.php(326): CodeIgniter\CodeIgniter->handleRequest(NULL, Object(Config\Cache), false)
#8 C:\xampp\htdocs\ci4\index.php(37): CodeIgniter\CodeIgniter->run()
#9 {main}
CRITICAL - 2022-04-22 01:12:55 --> Undefined variable $temp
#0 C:\xampp\htdocs\ci4\app\Views\Jobs_details.php(187): CodeIgniter\Debug\Exceptions->errorHandler(2, 'Undefined varia...', 'C:\\xampp\\htdocs...', 187)
#1 C:\xampp\htdocs\ci4\system\View\View.php(210): include('C:\\xampp\\htdocs...')
#2 C:\xampp\htdocs\ci4\system\View\View.php(213): CodeIgniter\View\View->CodeIgniter\View\{closure}()
#3 C:\xampp\htdocs\ci4\system\Common.php(1089): CodeIgniter\View\View->render('Jobs_details', Array, true)
#4 C:\xampp\htdocs\ci4\app\Controllers\Home.php(30): view('Jobs_details', Array)
#5 C:\xampp\htdocs\ci4\system\CodeIgniter.php(832): App\Controllers\Home->Jobs_Details('2', '0')
#6 C:\xampp\htdocs\ci4\system\CodeIgniter.php(419): CodeIgniter\CodeIgniter->runController(Object(App\Controllers\Home))
#7 C:\xampp\htdocs\ci4\system\CodeIgniter.php(326): CodeIgniter\CodeIgniter->handleRequest(NULL, Object(Config\Cache), false)
#8 C:\xampp\htdocs\ci4\index.php(37): CodeIgniter\CodeIgniter->run()
#9 {main}
CRITICAL - 2022-04-22 01:13:22 --> Undefined variable $temp
#0 C:\xampp\htdocs\ci4\app\Views\Jobs_details.php(187): CodeIgniter\Debug\Exceptions->errorHandler(2, 'Undefined varia...', 'C:\\xampp\\htdocs...', 187)
#1 C:\xampp\htdocs\ci4\system\View\View.php(210): include('C:\\xampp\\htdocs...')
#2 C:\xampp\htdocs\ci4\system\View\View.php(213): CodeIgniter\View\View->CodeIgniter\View\{closure}()
#3 C:\xampp\htdocs\ci4\system\Common.php(1089): CodeIgniter\View\View->render('Jobs_details', Array, true)
#4 C:\xampp\htdocs\ci4\app\Controllers\Home.php(30): view('Jobs_details', Array)
#5 C:\xampp\htdocs\ci4\system\CodeIgniter.php(832): App\Controllers\Home->Jobs_Details('2', '0')
#6 C:\xampp\htdocs\ci4\system\CodeIgniter.php(419): CodeIgniter\CodeIgniter->runController(Object(App\Controllers\Home))
#7 C:\xampp\htdocs\ci4\system\CodeIgniter.php(326): CodeIgniter\CodeIgniter->handleRequest(NULL, Object(Config\Cache), false)
#8 C:\xampp\htdocs\ci4\index.php(37): CodeIgniter\CodeIgniter->run()
#9 {main}
CRITICAL - 2022-04-22 01:13:23 --> Undefined variable $temp
#0 C:\xampp\htdocs\ci4\app\Views\Jobs_details.php(187): CodeIgniter\Debug\Exceptions->errorHandler(2, 'Undefined varia...', 'C:\\xampp\\htdocs...', 187)
#1 C:\xampp\htdocs\ci4\system\View\View.php(210): include('C:\\xampp\\htdocs...')
#2 C:\xampp\htdocs\ci4\system\View\View.php(213): CodeIgniter\View\View->CodeIgniter\View\{closure}()
#3 C:\xampp\htdocs\ci4\system\Common.php(1089): CodeIgniter\View\View->render('Jobs_details', Array, true)
#4 C:\xampp\htdocs\ci4\app\Controllers\Home.php(30): view('Jobs_details', Array)
#5 C:\xampp\htdocs\ci4\system\CodeIgniter.php(832): App\Controllers\Home->Jobs_Details('2', '0')
#6 C:\xampp\htdocs\ci4\system\CodeIgniter.php(419): CodeIgniter\CodeIgniter->runController(Object(App\Controllers\Home))
#7 C:\xampp\htdocs\ci4\system\CodeIgniter.php(326): CodeIgniter\CodeIgniter->handleRequest(NULL, Object(Config\Cache), false)
#8 C:\xampp\htdocs\ci4\index.php(37): CodeIgniter\CodeIgniter->run()
#9 {main}
CRITICAL - 2022-04-22 01:14:34 --> Undefined variable $eduData
#0 C:\xampp\htdocs\ci4\app\Views\Jobs_details.php(184): CodeIgniter\Debug\Exceptions->errorHandler(2, 'Undefined varia...', 'C:\\xampp\\htdocs...', 184)
#1 C:\xampp\htdocs\ci4\system\View\View.php(210): include('C:\\xampp\\htdocs...')
#2 C:\xampp\htdocs\ci4\system\View\View.php(213): CodeIgniter\View\View->CodeIgniter\View\{closure}()
#3 C:\xampp\htdocs\ci4\system\Common.php(1089): CodeIgniter\View\View->render('Jobs_details', Array, true)
#4 C:\xampp\htdocs\ci4\app\Controllers\Home.php(30): view('Jobs_details', Array)
#5 C:\xampp\htdocs\ci4\system\CodeIgniter.php(832): App\Controllers\Home->Jobs_Details('2', '0')
#6 C:\xampp\htdocs\ci4\system\CodeIgniter.php(419): CodeIgniter\CodeIgniter->runController(Object(App\Controllers\Home))
#7 C:\xampp\htdocs\ci4\system\CodeIgniter.php(326): CodeIgniter\CodeIgniter->handleRequest(NULL, Object(Config\Cache), false)
#8 C:\xampp\htdocs\ci4\index.php(37): CodeIgniter\CodeIgniter->run()
#9 {main}
CRITICAL - 2022-04-22 01:17:54 --> Attempt to read property "description" on array
#0 C:\xampp\htdocs\ci4\app\Views\Jobs_details.php(189): CodeIgniter\Debug\Exceptions->errorHandler(2, 'Attempt to read...', 'C:\\xampp\\htdocs...', 189)
#1 C:\xampp\htdocs\ci4\system\View\View.php(210): include('C:\\xampp\\htdocs...')
#2 C:\xampp\htdocs\ci4\system\View\View.php(213): CodeIgniter\View\View->CodeIgniter\View\{closure}()
#3 C:\xampp\htdocs\ci4\system\Common.php(1089): CodeIgniter\View\View->render('Jobs_details', Array, true)
#4 C:\xampp\htdocs\ci4\app\Controllers\Home.php(30): view('Jobs_details', Array)
#5 C:\xampp\htdocs\ci4\system\CodeIgniter.php(832): App\Controllers\Home->Jobs_Details('2', '0')
#6 C:\xampp\htdocs\ci4\system\CodeIgniter.php(419): CodeIgniter\CodeIgniter->runController(Object(App\Controllers\Home))
#7 C:\xampp\htdocs\ci4\system\CodeIgniter.php(326): CodeIgniter\CodeIgniter->handleRequest(NULL, Object(Config\Cache), false)
#8 C:\xampp\htdocs\ci4\index.php(37): CodeIgniter\CodeIgniter->run()
#9 {main}
CRITICAL - 2022-04-22 01:19:50 --> Attempt to read property "id" on array
#0 C:\xampp\htdocs\ci4\app\Views\Jobs_details.php(187): CodeIgniter\Debug\Exceptions->errorHandler(2, 'Attempt to read...', 'C:\\xampp\\htdocs...', 187)
#1 C:\xampp\htdocs\ci4\system\View\View.php(210): include('C:\\xampp\\htdocs...')
#2 C:\xampp\htdocs\ci4\system\View\View.php(213): CodeIgniter\View\View->CodeIgniter\View\{closure}()
#3 C:\xampp\htdocs\ci4\system\Common.php(1089): CodeIgniter\View\View->render('Jobs_details', Array, true)
#4 C:\xampp\htdocs\ci4\app\Controllers\Home.php(30): view('Jobs_details', Array)
#5 C:\xampp\htdocs\ci4\system\CodeIgniter.php(832): App\Controllers\Home->Jobs_Details('2', '0')
#6 C:\xampp\htdocs\ci4\system\CodeIgniter.php(419): CodeIgniter\CodeIgniter->runController(Object(App\Controllers\Home))
#7 C:\xampp\htdocs\ci4\system\CodeIgniter.php(326): CodeIgniter\CodeIgniter->handleRequest(NULL, Object(Config\Cache), false)
#8 C:\xampp\htdocs\ci4\index.php(37): CodeIgniter\CodeIgniter->run()
#9 {main}
CRITICAL - 2022-04-22 01:34:31 --> Call to undefined function educationDetails()
#0 C:\xampp\htdocs\ci4\system\View\View.php(210): include()
#1 C:\xampp\htdocs\ci4\system\View\View.php(213): CodeIgniter\View\View->CodeIgniter\View\{closure}()
#2 C:\xampp\htdocs\ci4\system\Common.php(1089): CodeIgniter\View\View->render('Jobs_details', Array, true)
#3 C:\xampp\htdocs\ci4\app\Controllers\Home.php(30): view('Jobs_details', Array)
#4 C:\xampp\htdocs\ci4\system\CodeIgniter.php(832): App\Controllers\Home->Jobs_Details('2', '0')
#5 C:\xampp\htdocs\ci4\system\CodeIgniter.php(419): CodeIgniter\CodeIgniter->runController(Object(App\Controllers\Home))
#6 C:\xampp\htdocs\ci4\system\CodeIgniter.php(326): CodeIgniter\CodeIgniter->handleRequest(NULL, Object(Config\Cache), false)
#7 C:\xampp\htdocs\ci4\index.php(37): CodeIgniter\CodeIgniter->run()
#8 {main}
CRITICAL - 2022-04-22 02:58:11 --> Undefined property: stdClass::$job_id
#0 C:\xampp\htdocs\ci4\app\Views\Jobs_details.php(272): CodeIgniter\Debug\Exceptions->errorHandler(2, 'Undefined prope...', 'C:\\xampp\\htdocs...', 272)
#1 C:\xampp\htdocs\ci4\system\View\View.php(210): include('C:\\xampp\\htdocs...')
#2 C:\xampp\htdocs\ci4\system\View\View.php(213): CodeIgniter\View\View->CodeIgniter\View\{closure}()
#3 C:\xampp\htdocs\ci4\system\Common.php(1089): CodeIgniter\View\View->render('Jobs_details', Array, true)
#4 C:\xampp\htdocs\ci4\app\Controllers\Home.php(28): view('Jobs_details', Array)
#5 C:\xampp\htdocs\ci4\system\CodeIgniter.php(832): App\Controllers\Home->Jobs_Details('1', '0')
#6 C:\xampp\htdocs\ci4\system\CodeIgniter.php(419): CodeIgniter\CodeIgniter->runController(Object(App\Controllers\Home))
#7 C:\xampp\htdocs\ci4\system\CodeIgniter.php(326): CodeIgniter\CodeIgniter->handleRequest(NULL, Object(Config\Cache), false)
#8 C:\xampp\htdocs\ci4\index.php(37): CodeIgniter\CodeIgniter->run()
#9 {main}
CRITICAL - 2022-04-22 02:58:26 --> Undefined property: stdClass::$job_id
#0 C:\xampp\htdocs\ci4\app\Views\Jobs_details.php(272): CodeIgniter\Debug\Exceptions->errorHandler(2, 'Undefined prope...', 'C:\\xampp\\htdocs...', 272)
#1 C:\xampp\htdocs\ci4\system\View\View.php(210): include('C:\\xampp\\htdocs...')
#2 C:\xampp\htdocs\ci4\system\View\View.php(213): CodeIgniter\View\View->CodeIgniter\View\{closure}()
#3 C:\xampp\htdocs\ci4\system\Common.php(1089): CodeIgniter\View\View->render('Jobs_details', Array, true)
#4 C:\xampp\htdocs\ci4\app\Controllers\Home.php(28): view('Jobs_details', Array)
#5 C:\xampp\htdocs\ci4\system\CodeIgniter.php(832): App\Controllers\Home->Jobs_Details('1', '0')
#6 C:\xampp\htdocs\ci4\system\CodeIgniter.php(419): CodeIgniter\CodeIgniter->runController(Object(App\Controllers\Home))
#7 C:\xampp\htdocs\ci4\system\CodeIgniter.php(326): CodeIgniter\CodeIgniter->handleRequest(NULL, Object(Config\Cache), false)
#8 C:\xampp\htdocs\ci4\index.php(37): CodeIgniter\CodeIgniter->run()
#9 {main}
CRITICAL - 2022-04-22 02:58:27 --> Undefined property: stdClass::$job_id
#0 C:\xampp\htdocs\ci4\app\Views\Jobs_details.php(272): CodeIgniter\Debug\Exceptions->errorHandler(2, 'Undefined prope...', 'C:\\xampp\\htdocs...', 272)
#1 C:\xampp\htdocs\ci4\system\View\View.php(210): include('C:\\xampp\\htdocs...')
#2 C:\xampp\htdocs\ci4\system\View\View.php(213): CodeIgniter\View\View->CodeIgniter\View\{closure}()
#3 C:\xampp\htdocs\ci4\system\Common.php(1089): CodeIgniter\View\View->render('Jobs_details', Array, true)
#4 C:\xampp\htdocs\ci4\app\Controllers\Home.php(28): view('Jobs_details', Array)
#5 C:\xampp\htdocs\ci4\system\CodeIgniter.php(832): App\Controllers\Home->Jobs_Details('1', '0')
#6 C:\xampp\htdocs\ci4\system\CodeIgniter.php(419): CodeIgniter\CodeIgniter->runController(Object(App\Controllers\Home))
#7 C:\xampp\htdocs\ci4\system\CodeIgniter.php(326): CodeIgniter\CodeIgniter->handleRequest(NULL, Object(Config\Cache), false)
#8 C:\xampp\htdocs\ci4\index.php(37): CodeIgniter\CodeIgniter->run()
#9 {main}
CRITICAL - 2022-04-22 02:58:49 --> Undefined property: stdClass::$job_id
#0 C:\xampp\htdocs\ci4\app\Views\Jobs_details.php(272): CodeIgniter\Debug\Exceptions->errorHandler(2, 'Undefined prope...', 'C:\\xampp\\htdocs...', 272)
#1 C:\xampp\htdocs\ci4\system\View\View.php(210): include('C:\\xampp\\htdocs...')
#2 C:\xampp\htdocs\ci4\system\View\View.php(213): CodeIgniter\View\View->CodeIgniter\View\{closure}()
#3 C:\xampp\htdocs\ci4\system\Common.php(1089): CodeIgniter\View\View->render('Jobs_details', Array, true)
#4 C:\xampp\htdocs\ci4\app\Controllers\Home.php(28): view('Jobs_details', Array)
#5 C:\xampp\htdocs\ci4\system\CodeIgniter.php(832): App\Controllers\Home->Jobs_Details('1', '0')
#6 C:\xampp\htdocs\ci4\system\CodeIgniter.php(419): CodeIgniter\CodeIgniter->runController(Object(App\Controllers\Home))
#7 C:\xampp\htdocs\ci4\system\CodeIgniter.php(326): CodeIgniter\CodeIgniter->handleRequest(NULL, Object(Config\Cache), false)
#8 C:\xampp\htdocs\ci4\index.php(37): CodeIgniter\CodeIgniter->run()
#9 {main}
CRITICAL - 2022-04-22 03:00:02 --> Undefined property: stdClass::$job_id
#0 C:\xampp\htdocs\ci4\app\Views\Jobs_details.php(272): CodeIgniter\Debug\Exceptions->errorHandler(2, 'Undefined prope...', 'C:\\xampp\\htdocs...', 272)
#1 C:\xampp\htdocs\ci4\system\View\View.php(210): include('C:\\xampp\\htdocs...')
#2 C:\xampp\htdocs\ci4\system\View\View.php(213): CodeIgniter\View\View->CodeIgniter\View\{closure}()
#3 C:\xampp\htdocs\ci4\system\Common.php(1089): CodeIgniter\View\View->render('Jobs_details', Array, true)
#4 C:\xampp\htdocs\ci4\app\Controllers\Home.php(28): view('Jobs_details', Array)
#5 C:\xampp\htdocs\ci4\system\CodeIgniter.php(832): App\Controllers\Home->Jobs_Details('1', '0')
#6 C:\xampp\htdocs\ci4\system\CodeIgniter.php(419): CodeIgniter\CodeIgniter->runController(Object(App\Controllers\Home))
#7 C:\xampp\htdocs\ci4\system\CodeIgniter.php(326): CodeIgniter\CodeIgniter->handleRequest(NULL, Object(Config\Cache), false)
#8 C:\xampp\htdocs\ci4\index.php(37): CodeIgniter\CodeIgniter->run()
#9 {main}
CRITICAL - 2022-04-22 03:00:03 --> Undefined property: stdClass::$job_id
#0 C:\xampp\htdocs\ci4\app\Views\Jobs_details.php(272): CodeIgniter\Debug\Exceptions->errorHandler(2, 'Undefined prope...', 'C:\\xampp\\htdocs...', 272)
#1 C:\xampp\htdocs\ci4\system\View\View.php(210): include('C:\\xampp\\htdocs...')
#2 C:\xampp\htdocs\ci4\system\View\View.php(213): CodeIgniter\View\View->CodeIgniter\View\{closure}()
#3 C:\xampp\htdocs\ci4\system\Common.php(1089): CodeIgniter\View\View->render('Jobs_details', Array, true)
#4 C:\xampp\htdocs\ci4\app\Controllers\Home.php(28): view('Jobs_details', Array)
#5 C:\xampp\htdocs\ci4\system\CodeIgniter.php(832): App\Controllers\Home->Jobs_Details('1', '0')
#6 C:\xampp\htdocs\ci4\system\CodeIgniter.php(419): CodeIgniter\CodeIgniter->runController(Object(App\Controllers\Home))
#7 C:\xampp\htdocs\ci4\system\CodeIgniter.php(326): CodeIgniter\CodeIgniter->handleRequest(NULL, Object(Config\Cache), false)
#8 C:\xampp\htdocs\ci4\index.php(37): CodeIgniter\CodeIgniter->run()
#9 {main}
CRITICAL - 2022-04-22 03:00:03 --> Undefined property: stdClass::$job_id
#0 C:\xampp\htdocs\ci4\app\Views\Jobs_details.php(272): CodeIgniter\Debug\Exceptions->errorHandler(2, 'Undefined prope...', 'C:\\xampp\\htdocs...', 272)
#1 C:\xampp\htdocs\ci4\system\View\View.php(210): include('C:\\xampp\\htdocs...')
#2 C:\xampp\htdocs\ci4\system\View\View.php(213): CodeIgniter\View\View->CodeIgniter\View\{closure}()
#3 C:\xampp\htdocs\ci4\system\Common.php(1089): CodeIgniter\View\View->render('Jobs_details', Array, true)
#4 C:\xampp\htdocs\ci4\app\Controllers\Home.php(28): view('Jobs_details', Array)
#5 C:\xampp\htdocs\ci4\system\CodeIgniter.php(832): App\Controllers\Home->Jobs_Details('1', '0')
#6 C:\xampp\htdocs\ci4\system\CodeIgniter.php(419): CodeIgniter\CodeIgniter->runController(Object(App\Controllers\Home))
#7 C:\xampp\htdocs\ci4\system\CodeIgniter.php(326): CodeIgniter\CodeIgniter->handleRequest(NULL, Object(Config\Cache), false)
#8 C:\xampp\htdocs\ci4\index.php(37): CodeIgniter\CodeIgniter->run()
#9 {main}
CRITICAL - 2022-04-22 03:00:40 --> Undefined property: stdClass::$job_id
#0 C:\xampp\htdocs\ci4\app\Views\Jobs_details.php(272): CodeIgniter\Debug\Exceptions->errorHandler(2, 'Undefined prope...', 'C:\\xampp\\htdocs...', 272)
#1 C:\xampp\htdocs\ci4\system\View\View.php(210): include('C:\\xampp\\htdocs...')
#2 C:\xampp\htdocs\ci4\system\View\View.php(213): CodeIgniter\View\View->CodeIgniter\View\{closure}()
#3 C:\xampp\htdocs\ci4\system\Common.php(1089): CodeIgniter\View\View->render('Jobs_details', Array, true)
#4 C:\xampp\htdocs\ci4\app\Controllers\Home.php(28): view('Jobs_details', Array)
#5 C:\xampp\htdocs\ci4\system\CodeIgniter.php(832): App\Controllers\Home->Jobs_Details('1')
#6 C:\xampp\htdocs\ci4\system\CodeIgniter.php(419): CodeIgniter\CodeIgniter->runController(Object(App\Controllers\Home))
#7 C:\xampp\htdocs\ci4\system\CodeIgniter.php(326): CodeIgniter\CodeIgniter->handleRequest(NULL, Object(Config\Cache), false)
#8 C:\xampp\htdocs\ci4\index.php(37): CodeIgniter\CodeIgniter->run()
#9 {main}
CRITICAL - 2022-04-22 03:01:04 --> Undefined property: stdClass::$job_id
#0 C:\xampp\htdocs\ci4\app\Views\Jobs_details.php(272): CodeIgniter\Debug\Exceptions->errorHandler(2, 'Undefined prope...', 'C:\\xampp\\htdocs...', 272)
#1 C:\xampp\htdocs\ci4\system\View\View.php(210): include('C:\\xampp\\htdocs...')
#2 C:\xampp\htdocs\ci4\system\View\View.php(213): CodeIgniter\View\View->CodeIgniter\View\{closure}()
#3 C:\xampp\htdocs\ci4\system\Common.php(1089): CodeIgniter\View\View->render('Jobs_details', Array, true)
#4 C:\xampp\htdocs\ci4\app\Controllers\Home.php(28): view('Jobs_details', Array)
#5 C:\xampp\htdocs\ci4\system\CodeIgniter.php(832): App\Controllers\Home->Jobs_Details('1')
#6 C:\xampp\htdocs\ci4\system\CodeIgniter.php(419): CodeIgniter\CodeIgniter->runController(Object(App\Controllers\Home))
#7 C:\xampp\htdocs\ci4\system\CodeIgniter.php(326): CodeIgniter\CodeIgniter->handleRequest(NULL, Object(Config\Cache), false)
#8 C:\xampp\htdocs\ci4\index.php(37): CodeIgniter\CodeIgniter->run()
#9 {main}
CRITICAL - 2022-04-22 03:01:05 --> Undefined property: stdClass::$job_id
#0 C:\xampp\htdocs\ci4\app\Views\Jobs_details.php(272): CodeIgniter\Debug\Exceptions->errorHandler(2, 'Undefined prope...', 'C:\\xampp\\htdocs...', 272)
#1 C:\xampp\htdocs\ci4\system\View\View.php(210): include('C:\\xampp\\htdocs...')
#2 C:\xampp\htdocs\ci4\system\View\View.php(213): CodeIgniter\View\View->CodeIgniter\View\{closure}()
#3 C:\xampp\htdocs\ci4\system\Common.php(1089): CodeIgniter\View\View->render('Jobs_details', Array, true)
#4 C:\xampp\htdocs\ci4\app\Controllers\Home.php(28): view('Jobs_details', Array)
#5 C:\xampp\htdocs\ci4\system\CodeIgniter.php(832): App\Controllers\Home->Jobs_Details('1')
#6 C:\xampp\htdocs\ci4\system\CodeIgniter.php(419): CodeIgniter\CodeIgniter->runController(Object(App\Controllers\Home))
#7 C:\xampp\htdocs\ci4\system\CodeIgniter.php(326): CodeIgniter\CodeIgniter->handleRequest(NULL, Object(Config\Cache), false)
#8 C:\xampp\htdocs\ci4\index.php(37): CodeIgniter\CodeIgniter->run()
#9 {main}
CRITICAL - 2022-04-22 03:01:10 --> Undefined property: stdClass::$job_id
#0 C:\xampp\htdocs\ci4\app\Views\Jobs_details.php(272): CodeIgniter\Debug\Exceptions->errorHandler(2, 'Undefined prope...', 'C:\\xampp\\htdocs...', 272)
#1 C:\xampp\htdocs\ci4\system\View\View.php(210): include('C:\\xampp\\htdocs...')
#2 C:\xampp\htdocs\ci4\system\View\View.php(213): CodeIgniter\View\View->CodeIgniter\View\{closure}()
#3 C:\xampp\htdocs\ci4\system\Common.php(1089): CodeIgniter\View\View->render('Jobs_details', Array, true)
#4 C:\xampp\htdocs\ci4\app\Controllers\Home.php(28): view('Jobs_details', Array)
#5 C:\xampp\htdocs\ci4\system\CodeIgniter.php(832): App\Controllers\Home->Jobs_Details('1', '0')
#6 C:\xampp\htdocs\ci4\system\CodeIgniter.php(419): CodeIgniter\CodeIgniter->runController(Object(App\Controllers\Home))
#7 C:\xampp\htdocs\ci4\system\CodeIgniter.php(326): CodeIgniter\CodeIgniter->handleRequest(NULL, Object(Config\Cache), false)
#8 C:\xampp\htdocs\ci4\index.php(37): CodeIgniter\CodeIgniter->run()
#9 {main}
CRITICAL - 2022-04-22 03:02:58 --> Undefined property: stdClass::$job_id
#0 C:\xampp\htdocs\ci4\app\Views\Jobs_details.php(272): CodeIgniter\Debug\Exceptions->errorHandler(2, 'Undefined prope...', 'C:\\xampp\\htdocs...', 272)
#1 C:\xampp\htdocs\ci4\system\View\View.php(210): include('C:\\xampp\\htdocs...')
#2 C:\xampp\htdocs\ci4\system\View\View.php(213): CodeIgniter\View\View->CodeIgniter\View\{closure}()
#3 C:\xampp\htdocs\ci4\system\Common.php(1089): CodeIgniter\View\View->render('Jobs_details', Array, true)
#4 C:\xampp\htdocs\ci4\app\Controllers\Home.php(28): view('Jobs_details', Array)
#5 C:\xampp\htdocs\ci4\system\CodeIgniter.php(832): App\Controllers\Home->Jobs_Details('1', '0')
#6 C:\xampp\htdocs\ci4\system\CodeIgniter.php(419): CodeIgniter\CodeIgniter->runController(Object(App\Controllers\Home))
#7 C:\xampp\htdocs\ci4\system\CodeIgniter.php(326): CodeIgniter\CodeIgniter->handleRequest(NULL, Object(Config\Cache), false)
#8 C:\xampp\htdocs\ci4\index.php(37): CodeIgniter\CodeIgniter->run()
#9 {main}
CRITICAL - 2022-04-22 03:02:58 --> Undefined property: stdClass::$job_id
#0 C:\xampp\htdocs\ci4\app\Views\Jobs_details.php(272): CodeIgniter\Debug\Exceptions->errorHandler(2, 'Undefined prope...', 'C:\\xampp\\htdocs...', 272)
#1 C:\xampp\htdocs\ci4\system\View\View.php(210): include('C:\\xampp\\htdocs...')
#2 C:\xampp\htdocs\ci4\system\View\View.php(213): CodeIgniter\View\View->CodeIgniter\View\{closure}()
#3 C:\xampp\htdocs\ci4\system\Common.php(1089): CodeIgniter\View\View->render('Jobs_details', Array, true)
#4 C:\xampp\htdocs\ci4\app\Controllers\Home.php(28): view('Jobs_details', Array)
#5 C:\xampp\htdocs\ci4\system\CodeIgniter.php(832): App\Controllers\Home->Jobs_Details('1', '0')
#6 C:\xampp\htdocs\ci4\system\CodeIgniter.php(419): CodeIgniter\CodeIgniter->runController(Object(App\Controllers\Home))
#7 C:\xampp\htdocs\ci4\system\CodeIgniter.php(326): CodeIgniter\CodeIgniter->handleRequest(NULL, Object(Config\Cache), false)
#8 C:\xampp\htdocs\ci4\index.php(37): CodeIgniter\CodeIgniter->run()
#9 {main}
CRITICAL - 2022-04-22 03:02:59 --> Undefined property: stdClass::$job_id
#0 C:\xampp\htdocs\ci4\app\Views\Jobs_details.php(272): CodeIgniter\Debug\Exceptions->errorHandler(2, 'Undefined prope...', 'C:\\xampp\\htdocs...', 272)
#1 C:\xampp\htdocs\ci4\system\View\View.php(210): include('C:\\xampp\\htdocs...')
#2 C:\xampp\htdocs\ci4\system\View\View.php(213): CodeIgniter\View\View->CodeIgniter\View\{closure}()
#3 C:\xampp\htdocs\ci4\system\Common.php(1089): CodeIgniter\View\View->render('Jobs_details', Array, true)
#4 C:\xampp\htdocs\ci4\app\Controllers\Home.php(28): view('Jobs_details', Array)
#5 C:\xampp\htdocs\ci4\system\CodeIgniter.php(832): App\Controllers\Home->Jobs_Details('1', '0')
#6 C:\xampp\htdocs\ci4\system\CodeIgniter.php(419): CodeIgniter\CodeIgniter->runController(Object(App\Controllers\Home))
#7 C:\xampp\htdocs\ci4\system\CodeIgniter.php(326): CodeIgniter\CodeIgniter->handleRequest(NULL, Object(Config\Cache), false)
#8 C:\xampp\htdocs\ci4\index.php(37): CodeIgniter\CodeIgniter->run()
#9 {main}
CRITICAL - 2022-04-22 03:02:59 --> Undefined property: stdClass::$job_id
#0 C:\xampp\htdocs\ci4\app\Views\Jobs_details.php(272): CodeIgniter\Debug\Exceptions->errorHandler(2, 'Undefined prope...', 'C:\\xampp\\htdocs...', 272)
#1 C:\xampp\htdocs\ci4\system\View\View.php(210): include('C:\\xampp\\htdocs...')
#2 C:\xampp\htdocs\ci4\system\View\View.php(213): CodeIgniter\View\View->CodeIgniter\View\{closure}()
#3 C:\xampp\htdocs\ci4\system\Common.php(1089): CodeIgniter\View\View->render('Jobs_details', Array, true)
#4 C:\xampp\htdocs\ci4\app\Controllers\Home.php(28): view('Jobs_details', Array)
#5 C:\xampp\htdocs\ci4\system\CodeIgniter.php(832): App\Controllers\Home->Jobs_Details('1', '0')
#6 C:\xampp\htdocs\ci4\system\CodeIgniter.php(419): CodeIgniter\CodeIgniter->runController(Object(App\Controllers\Home))
#7 C:\xampp\htdocs\ci4\system\CodeIgniter.php(326): CodeIgniter\CodeIgniter->handleRequest(NULL, Object(Config\Cache), false)
#8 C:\xampp\htdocs\ci4\index.php(37): CodeIgniter\CodeIgniter->run()
#9 {main}
CRITICAL - 2022-04-22 03:02:59 --> Undefined property: stdClass::$job_id
#0 C:\xampp\htdocs\ci4\app\Views\Jobs_details.php(272): CodeIgniter\Debug\Exceptions->errorHandler(2, 'Undefined prope...', 'C:\\xampp\\htdocs...', 272)
#1 C:\xampp\htdocs\ci4\system\View\View.php(210): include('C:\\xampp\\htdocs...')
#2 C:\xampp\htdocs\ci4\system\View\View.php(213): CodeIgniter\View\View->CodeIgniter\View\{closure}()
#3 C:\xampp\htdocs\ci4\system\Common.php(1089): CodeIgniter\View\View->render('Jobs_details', Array, true)
#4 C:\xampp\htdocs\ci4\app\Controllers\Home.php(28): view('Jobs_details', Array)
#5 C:\xampp\htdocs\ci4\system\CodeIgniter.php(832): App\Controllers\Home->Jobs_Details('1', '0')
#6 C:\xampp\htdocs\ci4\system\CodeIgniter.php(419): CodeIgniter\CodeIgniter->runController(Object(App\Controllers\Home))
#7 C:\xampp\htdocs\ci4\system\CodeIgniter.php(326): CodeIgniter\CodeIgniter->handleRequest(NULL, Object(Config\Cache), false)
#8 C:\xampp\htdocs\ci4\index.php(37): CodeIgniter\CodeIgniter->run()
#9 {main}
CRITICAL - 2022-04-22 03:02:59 --> Undefined property: stdClass::$job_id
#0 C:\xampp\htdocs\ci4\app\Views\Jobs_details.php(272): CodeIgniter\Debug\Exceptions->errorHandler(2, 'Undefined prope...', 'C:\\xampp\\htdocs...', 272)
#1 C:\xampp\htdocs\ci4\system\View\View.php(210): include('C:\\xampp\\htdocs...')
#2 C:\xampp\htdocs\ci4\system\View\View.php(213): CodeIgniter\View\View->CodeIgniter\View\{closure}()
#3 C:\xampp\htdocs\ci4\system\Common.php(1089): CodeIgniter\View\View->render('Jobs_details', Array, true)
#4 C:\xampp\htdocs\ci4\app\Controllers\Home.php(28): view('Jobs_details', Array)
#5 C:\xampp\htdocs\ci4\system\CodeIgniter.php(832): App\Controllers\Home->Jobs_Details('1', '0')
#6 C:\xampp\htdocs\ci4\system\CodeIgniter.php(419): CodeIgniter\CodeIgniter->runController(Object(App\Controllers\Home))
#7 C:\xampp\htdocs\ci4\system\CodeIgniter.php(326): CodeIgniter\CodeIgniter->handleRequest(NULL, Object(Config\Cache), false)
#8 C:\xampp\htdocs\ci4\index.php(37): CodeIgniter\CodeIgniter->run()
#9 {main}
CRITICAL - 2022-04-22 03:03:08 --> Undefined property: stdClass::$job_id
#0 C:\xampp\htdocs\ci4\app\Views\Jobs_details.php(272): CodeIgniter\Debug\Exceptions->errorHandler(2, 'Undefined prope...', 'C:\\xampp\\htdocs...', 272)
#1 C:\xampp\htdocs\ci4\system\View\View.php(210): include('C:\\xampp\\htdocs...')
#2 C:\xampp\htdocs\ci4\system\View\View.php(213): CodeIgniter\View\View->CodeIgniter\View\{closure}()
#3 C:\xampp\htdocs\ci4\system\Common.php(1089): CodeIgniter\View\View->render('Jobs_details', Array, true)
#4 C:\xampp\htdocs\ci4\app\Controllers\Home.php(28): view('Jobs_details', Array)
#5 C:\xampp\htdocs\ci4\system\CodeIgniter.php(832): App\Controllers\Home->Jobs_Details('1', '0')
#6 C:\xampp\htdocs\ci4\system\CodeIgniter.php(419): CodeIgniter\CodeIgniter->runController(Object(App\Controllers\Home))
#7 C:\xampp\htdocs\ci4\system\CodeIgniter.php(326): CodeIgniter\CodeIgniter->handleRequest(NULL, Object(Config\Cache), false)
#8 C:\xampp\htdocs\ci4\index.php(37): CodeIgniter\CodeIgniter->run()
#9 {main}
CRITICAL - 2022-04-22 03:03:42 --> Undefined property: stdClass::$job_id
#0 C:\xampp\htdocs\ci4\app\Views\Jobs_details.php(272): CodeIgniter\Debug\Exceptions->errorHandler(2, 'Undefined prope...', 'C:\\xampp\\htdocs...', 272)
#1 C:\xampp\htdocs\ci4\system\View\View.php(210): include('C:\\xampp\\htdocs...')
#2 C:\xampp\htdocs\ci4\system\View\View.php(213): CodeIgniter\View\View->CodeIgniter\View\{closure}()
#3 C:\xampp\htdocs\ci4\system\Common.php(1089): CodeIgniter\View\View->render('Jobs_details', Array, true)
#4 C:\xampp\htdocs\ci4\app\Controllers\Home.php(28): view('Jobs_details', Array)
#5 C:\xampp\htdocs\ci4\system\CodeIgniter.php(832): App\Controllers\Home->Jobs_Details('1', '0')
#6 C:\xampp\htdocs\ci4\system\CodeIgniter.php(419): CodeIgniter\CodeIgniter->runController(Object(App\Controllers\Home))
#7 C:\xampp\htdocs\ci4\system\CodeIgniter.php(326): CodeIgniter\CodeIgniter->handleRequest(NULL, Object(Config\Cache), false)
#8 C:\xampp\htdocs\ci4\index.php(37): CodeIgniter\CodeIgniter->run()
#9 {main}
CRITICAL - 2022-04-22 03:03:56 --> Undefined property: stdClass::$job_id
#0 C:\xampp\htdocs\ci4\app\Views\Jobs_details.php(272): CodeIgniter\Debug\Exceptions->errorHandler(2, 'Undefined prope...', 'C:\\xampp\\htdocs...', 272)
#1 C:\xampp\htdocs\ci4\system\View\View.php(210): include('C:\\xampp\\htdocs...')
#2 C:\xampp\htdocs\ci4\system\View\View.php(213): CodeIgniter\View\View->CodeIgniter\View\{closure}()
#3 C:\xampp\htdocs\ci4\system\Common.php(1089): CodeIgniter\View\View->render('Jobs_details', Array, true)
#4 C:\xampp\htdocs\ci4\app\Controllers\Home.php(28): view('Jobs_details', Array)
#5 C:\xampp\htdocs\ci4\system\CodeIgniter.php(832): App\Controllers\Home->Jobs_Details('1', '0')
#6 C:\xampp\htdocs\ci4\system\CodeIgniter.php(419): CodeIgniter\CodeIgniter->runController(Object(App\Controllers\Home))
#7 C:\xampp\htdocs\ci4\system\CodeIgniter.php(326): CodeIgniter\CodeIgniter->handleRequest(NULL, Object(Config\Cache), false)
#8 C:\xampp\htdocs\ci4\index.php(37): CodeIgniter\CodeIgniter->run()
#9 {main}
CRITICAL - 2022-04-22 03:04:26 --> Undefined property: stdClass::$job_id
#0 C:\xampp\htdocs\ci4\app\Views\Jobs_details.php(272): CodeIgniter\Debug\Exceptions->errorHandler(2, 'Undefined prope...', 'C:\\xampp\\htdocs...', 272)
#1 C:\xampp\htdocs\ci4\system\View\View.php(210): include('C:\\xampp\\htdocs...')
#2 C:\xampp\htdocs\ci4\system\View\View.php(213): CodeIgniter\View\View->CodeIgniter\View\{closure}()
#3 C:\xampp\htdocs\ci4\system\Common.php(1089): CodeIgniter\View\View->render('Jobs_details', Array, true)
#4 C:\xampp\htdocs\ci4\app\Controllers\Home.php(28): view('Jobs_details', Array)
#5 C:\xampp\htdocs\ci4\system\CodeIgniter.php(832): App\Controllers\Home->Jobs_Details('1', '0')
#6 C:\xampp\htdocs\ci4\system\CodeIgniter.php(419): CodeIgniter\CodeIgniter->runController(Object(App\Controllers\Home))
#7 C:\xampp\htdocs\ci4\system\CodeIgniter.php(326): CodeIgniter\CodeIgniter->handleRequest(NULL, Object(Config\Cache), false)
#8 C:\xampp\htdocs\ci4\index.php(37): CodeIgniter\CodeIgniter->run()
#9 {main}
CRITICAL - 2022-04-22 03:04:27 --> Undefined property: stdClass::$job_id
#0 C:\xampp\htdocs\ci4\app\Views\Jobs_details.php(272): CodeIgniter\Debug\Exceptions->errorHandler(2, 'Undefined prope...', 'C:\\xampp\\htdocs...', 272)
#1 C:\xampp\htdocs\ci4\system\View\View.php(210): include('C:\\xampp\\htdocs...')
#2 C:\xampp\htdocs\ci4\system\View\View.php(213): CodeIgniter\View\View->CodeIgniter\View\{closure}()
#3 C:\xampp\htdocs\ci4\system\Common.php(1089): CodeIgniter\View\View->render('Jobs_details', Array, true)
#4 C:\xampp\htdocs\ci4\app\Controllers\Home.php(28): view('Jobs_details', Array)
#5 C:\xampp\htdocs\ci4\system\CodeIgniter.php(832): App\Controllers\Home->Jobs_Details('1', '0')
#6 C:\xampp\htdocs\ci4\system\CodeIgniter.php(419): CodeIgniter\CodeIgniter->runController(Object(App\Controllers\Home))
#7 C:\xampp\htdocs\ci4\system\CodeIgniter.php(326): CodeIgniter\CodeIgniter->handleRequest(NULL, Object(Config\Cache), false)
#8 C:\xampp\htdocs\ci4\index.php(37): CodeIgniter\CodeIgniter->run()
#9 {main}
CRITICAL - 2022-04-22 03:04:27 --> Undefined property: stdClass::$job_id
#0 C:\xampp\htdocs\ci4\app\Views\Jobs_details.php(272): CodeIgniter\Debug\Exceptions->errorHandler(2, 'Undefined prope...', 'C:\\xampp\\htdocs...', 272)
#1 C:\xampp\htdocs\ci4\system\View\View.php(210): include('C:\\xampp\\htdocs...')
#2 C:\xampp\htdocs\ci4\system\View\View.php(213): CodeIgniter\View\View->CodeIgniter\View\{closure}()
#3 C:\xampp\htdocs\ci4\system\Common.php(1089): CodeIgniter\View\View->render('Jobs_details', Array, true)
#4 C:\xampp\htdocs\ci4\app\Controllers\Home.php(28): view('Jobs_details', Array)
#5 C:\xampp\htdocs\ci4\system\CodeIgniter.php(832): App\Controllers\Home->Jobs_Details('1', '0')
#6 C:\xampp\htdocs\ci4\system\CodeIgniter.php(419): CodeIgniter\CodeIgniter->runController(Object(App\Controllers\Home))
#7 C:\xampp\htdocs\ci4\system\CodeIgniter.php(326): CodeIgniter\CodeIgniter->handleRequest(NULL, Object(Config\Cache), false)
#8 C:\xampp\htdocs\ci4\index.php(37): CodeIgniter\CodeIgniter->run()
#9 {main}
CRITICAL - 2022-04-22 03:04:27 --> Undefined property: stdClass::$job_id
#0 C:\xampp\htdocs\ci4\app\Views\Jobs_details.php(272): CodeIgniter\Debug\Exceptions->errorHandler(2, 'Undefined prope...', 'C:\\xampp\\htdocs...', 272)
#1 C:\xampp\htdocs\ci4\system\View\View.php(210): include('C:\\xampp\\htdocs...')
#2 C:\xampp\htdocs\ci4\system\View\View.php(213): CodeIgniter\View\View->CodeIgniter\View\{closure}()
#3 C:\xampp\htdocs\ci4\system\Common.php(1089): CodeIgniter\View\View->render('Jobs_details', Array, true)
#4 C:\xampp\htdocs\ci4\app\Controllers\Home.php(28): view('Jobs_details', Array)
#5 C:\xampp\htdocs\ci4\system\CodeIgniter.php(832): App\Controllers\Home->Jobs_Details('1', '0')
#6 C:\xampp\htdocs\ci4\system\CodeIgniter.php(419): CodeIgniter\CodeIgniter->runController(Object(App\Controllers\Home))
#7 C:\xampp\htdocs\ci4\system\CodeIgniter.php(326): CodeIgniter\CodeIgniter->handleRequest(NULL, Object(Config\Cache), false)
#8 C:\xampp\htdocs\ci4\index.php(37): CodeIgniter\CodeIgniter->run()
#9 {main}
CRITICAL - 2022-04-22 03:04:27 --> Undefined property: stdClass::$job_id
#0 C:\xampp\htdocs\ci4\app\Views\Jobs_details.php(272): CodeIgniter\Debug\Exceptions->errorHandler(2, 'Undefined prope...', 'C:\\xampp\\htdocs...', 272)
#1 C:\xampp\htdocs\ci4\system\View\View.php(210): include('C:\\xampp\\htdocs...')
#2 C:\xampp\htdocs\ci4\system\View\View.php(213): CodeIgniter\View\View->CodeIgniter\View\{closure}()
#3 C:\xampp\htdocs\ci4\system\Common.php(1089): CodeIgniter\View\View->render('Jobs_details', Array, true)
#4 C:\xampp\htdocs\ci4\app\Controllers\Home.php(28): view('Jobs_details', Array)
#5 C:\xampp\htdocs\ci4\system\CodeIgniter.php(832): App\Controllers\Home->Jobs_Details('1', '0')
#6 C:\xampp\htdocs\ci4\system\CodeIgniter.php(419): CodeIgniter\CodeIgniter->runController(Object(App\Controllers\Home))
#7 C:\xampp\htdocs\ci4\system\CodeIgniter.php(326): CodeIgniter\CodeIgniter->handleRequest(NULL, Object(Config\Cache), false)
#8 C:\xampp\htdocs\ci4\index.php(37): CodeIgniter\CodeIgniter->run()
#9 {main}
CRITICAL - 2022-04-22 03:04:28 --> Undefined property: stdClass::$job_id
#0 C:\xampp\htdocs\ci4\app\Views\Jobs_details.php(272): CodeIgniter\Debug\Exceptions->errorHandler(2, 'Undefined prope...', 'C:\\xampp\\htdocs...', 272)
#1 C:\xampp\htdocs\ci4\system\View\View.php(210): include('C:\\xampp\\htdocs...')
#2 C:\xampp\htdocs\ci4\system\View\View.php(213): CodeIgniter\View\View->CodeIgniter\View\{closure}()
#3 C:\xampp\htdocs\ci4\system\Common.php(1089): CodeIgniter\View\View->render('Jobs_details', Array, true)
#4 C:\xampp\htdocs\ci4\app\Controllers\Home.php(28): view('Jobs_details', Array)
#5 C:\xampp\htdocs\ci4\system\CodeIgniter.php(832): App\Controllers\Home->Jobs_Details('1', '0')
#6 C:\xampp\htdocs\ci4\system\CodeIgniter.php(419): CodeIgniter\CodeIgniter->runController(Object(App\Controllers\Home))
#7 C:\xampp\htdocs\ci4\system\CodeIgniter.php(326): CodeIgniter\CodeIgniter->handleRequest(NULL, Object(Config\Cache), false)
#8 C:\xampp\htdocs\ci4\index.php(37): CodeIgniter\CodeIgniter->run()
#9 {main}
CRITICAL - 2022-04-22 03:05:37 --> Undefined property: stdClass::$job_id
#0 C:\xampp\htdocs\ci4\app\Views\Jobs_details.php(272): CodeIgniter\Debug\Exceptions->errorHandler(2, 'Undefined prope...', 'C:\\xampp\\htdocs...', 272)
#1 C:\xampp\htdocs\ci4\system\View\View.php(210): include('C:\\xampp\\htdocs...')
#2 C:\xampp\htdocs\ci4\system\View\View.php(213): CodeIgniter\View\View->CodeIgniter\View\{closure}()
#3 C:\xampp\htdocs\ci4\system\Common.php(1089): CodeIgniter\View\View->render('Jobs_details', Array, true)
#4 C:\xampp\htdocs\ci4\app\Controllers\Home.php(28): view('Jobs_details', Array)
#5 C:\xampp\htdocs\ci4\system\CodeIgniter.php(832): App\Controllers\Home->Jobs_Details('1', '0')
#6 C:\xampp\htdocs\ci4\system\CodeIgniter.php(419): CodeIgniter\CodeIgniter->runController(Object(App\Controllers\Home))
#7 C:\xampp\htdocs\ci4\system\CodeIgniter.php(326): CodeIgniter\CodeIgniter->handleRequest(NULL, Object(Config\Cache), false)
#8 C:\xampp\htdocs\ci4\index.php(37): CodeIgniter\CodeIgniter->run()
#9 {main}
CRITICAL - 2022-04-22 03:06:12 --> Undefined property: stdClass::$job_id
#0 C:\xampp\htdocs\ci4\app\Views\Jobs_details.php(272): CodeIgniter\Debug\Exceptions->errorHandler(2, 'Undefined prope...', 'C:\\xampp\\htdocs...', 272)
#1 C:\xampp\htdocs\ci4\system\View\View.php(210): include('C:\\xampp\\htdocs...')
#2 C:\xampp\htdocs\ci4\system\View\View.php(213): CodeIgniter\View\View->CodeIgniter\View\{closure}()
#3 C:\xampp\htdocs\ci4\system\Common.php(1089): CodeIgniter\View\View->render('Jobs_details', Array, true)
#4 C:\xampp\htdocs\ci4\app\Controllers\Home.php(28): view('Jobs_details', Array)
#5 C:\xampp\htdocs\ci4\system\CodeIgniter.php(832): App\Controllers\Home->Jobs_Details('1', '0')
#6 C:\xampp\htdocs\ci4\system\CodeIgniter.php(419): CodeIgniter\CodeIgniter->runController(Object(App\Controllers\Home))
#7 C:\xampp\htdocs\ci4\system\CodeIgniter.php(326): CodeIgniter\CodeIgniter->handleRequest(NULL, Object(Config\Cache), false)
#8 C:\xampp\htdocs\ci4\index.php(37): CodeIgniter\CodeIgniter->run()
#9 {main}
CRITICAL - 2022-04-22 03:07:54 --> Undefined property: stdClass::$job_id
#0 C:\xampp\htdocs\ci4\app\Views\Jobs_details.php(272): CodeIgniter\Debug\Exceptions->errorHandler(2, 'Undefined prope...', 'C:\\xampp\\htdocs...', 272)
#1 C:\xampp\htdocs\ci4\system\View\View.php(210): include('C:\\xampp\\htdocs...')
#2 C:\xampp\htdocs\ci4\system\View\View.php(213): CodeIgniter\View\View->CodeIgniter\View\{closure}()
#3 C:\xampp\htdocs\ci4\system\Common.php(1089): CodeIgniter\View\View->render('Jobs_details', Array, true)
#4 C:\xampp\htdocs\ci4\app\Controllers\Home.php(28): view('Jobs_details', Array)
#5 C:\xampp\htdocs\ci4\system\CodeIgniter.php(832): App\Controllers\Home->Jobs_Details('1', '0')
#6 C:\xampp\htdocs\ci4\system\CodeIgniter.php(419): CodeIgniter\CodeIgniter->runController(Object(App\Controllers\Home))
#7 C:\xampp\htdocs\ci4\system\CodeIgniter.php(326): CodeIgniter\CodeIgniter->handleRequest(NULL, Object(Config\Cache), false)
#8 C:\xampp\htdocs\ci4\index.php(37): CodeIgniter\CodeIgniter->run()
#9 {main}
CRITICAL - 2022-04-22 03:08:07 --> Too few arguments to function App\Controllers\Home::Jobs_Details(), 0 passed in C:\xampp\htdocs\ci4\system\CodeIgniter.php on line 832 and exactly 1 expected
#0 C:\xampp\htdocs\ci4\system\CodeIgniter.php(832): App\Controllers\Home->Jobs_Details()
#1 C:\xampp\htdocs\ci4\system\CodeIgniter.php(419): CodeIgniter\CodeIgniter->runController(Object(App\Controllers\Home))
#2 C:\xampp\htdocs\ci4\system\CodeIgniter.php(326): CodeIgniter\CodeIgniter->handleRequest(NULL, Object(Config\Cache), false)
#3 C:\xampp\htdocs\ci4\index.php(37): CodeIgniter\CodeIgniter->run()
#4 {main}
CRITICAL - 2022-04-22 03:08:47 --> Too few arguments to function App\Controllers\Home::Jobs_Details(), 0 passed in C:\xampp\htdocs\ci4\system\CodeIgniter.php on line 832 and exactly 1 expected
#0 C:\xampp\htdocs\ci4\system\CodeIgniter.php(832): App\Controllers\Home->Jobs_Details()
#1 C:\xampp\htdocs\ci4\system\CodeIgniter.php(419): CodeIgniter\CodeIgniter->runController(Object(App\Controllers\Home))
#2 C:\xampp\htdocs\ci4\system\CodeIgniter.php(326): CodeIgniter\CodeIgniter->handleRequest(NULL, Object(Config\Cache), false)
#3 C:\xampp\htdocs\ci4\index.php(37): CodeIgniter\CodeIgniter->run()
#4 {main}
CRITICAL - 2022-04-22 03:11:03 --> Undefined property: stdClass::$job_id
#0 C:\xampp\htdocs\ci4\app\Views\Jobs_details.php(272): CodeIgniter\Debug\Exceptions->errorHandler(2, 'Undefined prope...', 'C:\\xampp\\htdocs...', 272)
#1 C:\xampp\htdocs\ci4\system\View\View.php(210): include('C:\\xampp\\htdocs...')
#2 C:\xampp\htdocs\ci4\system\View\View.php(213): CodeIgniter\View\View->CodeIgniter\View\{closure}()
#3 C:\xampp\htdocs\ci4\system\Common.php(1089): CodeIgniter\View\View->render('Jobs_details', Array, true)
#4 C:\xampp\htdocs\ci4\app\Controllers\Home.php(28): view('Jobs_details', Array)
#5 C:\xampp\htdocs\ci4\system\CodeIgniter.php(832): App\Controllers\Home->Jobs_Details('1', '0')
#6 C:\xampp\htdocs\ci4\system\CodeIgniter.php(419): CodeIgniter\CodeIgniter->runController(Object(App\Controllers\Home))
#7 C:\xampp\htdocs\ci4\system\CodeIgniter.php(326): CodeIgniter\CodeIgniter->handleRequest(NULL, Object(Config\Cache), false)
#8 C:\xampp\htdocs\ci4\index.php(37): CodeIgniter\CodeIgniter->run()
#9 {main}
CRITICAL - 2022-04-22 03:28:46 --> Undefined property: stdClass::$job_id
#0 C:\xampp\htdocs\ci4\app\Views\Jobs_details.php(272): CodeIgniter\Debug\Exceptions->errorHandler(2, 'Undefined prope...', 'C:\\xampp\\htdocs...', 272)
#1 C:\xampp\htdocs\ci4\system\View\View.php(210): include('C:\\xampp\\htdocs...')
#2 C:\xampp\htdocs\ci4\system\View\View.php(213): CodeIgniter\View\View->CodeIgniter\View\{closure}()
#3 C:\xampp\htdocs\ci4\system\Common.php(1089): CodeIgniter\View\View->render('Jobs_details', Array, true)
#4 C:\xampp\htdocs\ci4\app\Controllers\Home.php(28): view('Jobs_details', Array)
#5 C:\xampp\htdocs\ci4\system\CodeIgniter.php(832): App\Controllers\Home->Jobs_Details('1', '0')
#6 C:\xampp\htdocs\ci4\system\CodeIgniter.php(419): CodeIgniter\CodeIgniter->runController(Object(App\Controllers\Home))
#7 C:\xampp\htdocs\ci4\system\CodeIgniter.php(326): CodeIgniter\CodeIgniter->handleRequest(NULL, Object(Config\Cache), false)
#8 C:\xampp\htdocs\ci4\index.php(37): CodeIgniter\CodeIgniter->run()
#9 {main}
CRITICAL - 2022-04-22 03:29:08 --> Undefined property: stdClass::$job_id
#0 C:\xampp\htdocs\ci4\app\Views\Jobs_details.php(272): CodeIgniter\Debug\Exceptions->errorHandler(2, 'Undefined prope...', 'C:\\xampp\\htdocs...', 272)
#1 C:\xampp\htdocs\ci4\system\View\View.php(210): include('C:\\xampp\\htdocs...')
#2 C:\xampp\htdocs\ci4\system\View\View.php(213): CodeIgniter\View\View->CodeIgniter\View\{closure}()
#3 C:\xampp\htdocs\ci4\system\Common.php(1089): CodeIgniter\View\View->render('Jobs_details', Array, true)
#4 C:\xampp\htdocs\ci4\app\Controllers\Home.php(28): view('Jobs_details', Array)
#5 C:\xampp\htdocs\ci4\system\CodeIgniter.php(832): App\Controllers\Home->Jobs_Details('1', '0')
#6 C:\xampp\htdocs\ci4\system\CodeIgniter.php(419): CodeIgniter\CodeIgniter->runController(Object(App\Controllers\Home))
#7 C:\xampp\htdocs\ci4\system\CodeIgniter.php(326): CodeIgniter\CodeIgniter->handleRequest(NULL, Object(Config\Cache), false)
#8 C:\xampp\htdocs\ci4\index.php(37): CodeIgniter\CodeIgniter->run()
#9 {main}
CRITICAL - 2022-04-22 03:29:47 --> Undefined property: stdClass::$job_id
#0 C:\xampp\htdocs\ci4\app\Views\Jobs_details.php(272): CodeIgniter\Debug\Exceptions->errorHandler(2, 'Undefined prope...', 'C:\\xampp\\htdocs...', 272)
#1 C:\xampp\htdocs\ci4\system\View\View.php(210): include('C:\\xampp\\htdocs...')
#2 C:\xampp\htdocs\ci4\system\View\View.php(213): CodeIgniter\View\View->CodeIgniter\View\{closure}()
#3 C:\xampp\htdocs\ci4\system\Common.php(1089): CodeIgniter\View\View->render('Jobs_details', Array, true)
#4 C:\xampp\htdocs\ci4\app\Controllers\Home.php(28): view('Jobs_details', Array)
#5 C:\xampp\htdocs\ci4\system\CodeIgniter.php(832): App\Controllers\Home->Jobs_Details('1', '0')
#6 C:\xampp\htdocs\ci4\system\CodeIgniter.php(419): CodeIgniter\CodeIgniter->runController(Object(App\Controllers\Home))
#7 C:\xampp\htdocs\ci4\system\CodeIgniter.php(326): CodeIgniter\CodeIgniter->handleRequest(NULL, Object(Config\Cache), false)
#8 C:\xampp\htdocs\ci4\index.php(37): CodeIgniter\CodeIgniter->run()
#9 {main}
CRITICAL - 2022-04-22 03:29:48 --> Undefined property: stdClass::$job_id
#0 C:\xampp\htdocs\ci4\app\Views\Jobs_details.php(272): CodeIgniter\Debug\Exceptions->errorHandler(2, 'Undefined prope...', 'C:\\xampp\\htdocs...', 272)
#1 C:\xampp\htdocs\ci4\system\View\View.php(210): include('C:\\xampp\\htdocs...')
#2 C:\xampp\htdocs\ci4\system\View\View.php(213): CodeIgniter\View\View->CodeIgniter\View\{closure}()
#3 C:\xampp\htdocs\ci4\system\Common.php(1089): CodeIgniter\View\View->render('Jobs_details', Array, true)
#4 C:\xampp\htdocs\ci4\app\Controllers\Home.php(28): view('Jobs_details', Array)
#5 C:\xampp\htdocs\ci4\system\CodeIgniter.php(832): App\Controllers\Home->Jobs_Details('1', '0')
#6 C:\xampp\htdocs\ci4\system\CodeIgniter.php(419): CodeIgniter\CodeIgniter->runController(Object(App\Controllers\Home))
#7 C:\xampp\htdocs\ci4\system\CodeIgniter.php(326): CodeIgniter\CodeIgniter->handleRequest(NULL, Object(Config\Cache), false)
#8 C:\xampp\htdocs\ci4\index.php(37): CodeIgniter\CodeIgniter->run()
#9 {main}
CRITICAL - 2022-04-22 03:29:49 --> Undefined property: stdClass::$job_id
#0 C:\xampp\htdocs\ci4\app\Views\Jobs_details.php(272): CodeIgniter\Debug\Exceptions->errorHandler(2, 'Undefined prope...', 'C:\\xampp\\htdocs...', 272)
#1 C:\xampp\htdocs\ci4\system\View\View.php(210): include('C:\\xampp\\htdocs...')
#2 C:\xampp\htdocs\ci4\system\View\View.php(213): CodeIgniter\View\View->CodeIgniter\View\{closure}()
#3 C:\xampp\htdocs\ci4\system\Common.php(1089): CodeIgniter\View\View->render('Jobs_details', Array, true)
#4 C:\xampp\htdocs\ci4\app\Controllers\Home.php(28): view('Jobs_details', Array)
#5 C:\xampp\htdocs\ci4\system\CodeIgniter.php(832): App\Controllers\Home->Jobs_Details('1', '0')
#6 C:\xampp\htdocs\ci4\system\CodeIgniter.php(419): CodeIgniter\CodeIgniter->runController(Object(App\Controllers\Home))
#7 C:\xampp\htdocs\ci4\system\CodeIgniter.php(326): CodeIgniter\CodeIgniter->handleRequest(NULL, Object(Config\Cache), false)
#8 C:\xampp\htdocs\ci4\index.php(37): CodeIgniter\CodeIgniter->run()
#9 {main}
CRITICAL - 2022-04-22 03:29:49 --> Undefined property: stdClass::$job_id
#0 C:\xampp\htdocs\ci4\app\Views\Jobs_details.php(272): CodeIgniter\Debug\Exceptions->errorHandler(2, 'Undefined prope...', 'C:\\xampp\\htdocs...', 272)
#1 C:\xampp\htdocs\ci4\system\View\View.php(210): include('C:\\xampp\\htdocs...')
#2 C:\xampp\htdocs\ci4\system\View\View.php(213): CodeIgniter\View\View->CodeIgniter\View\{closure}()
#3 C:\xampp\htdocs\ci4\system\Common.php(1089): CodeIgniter\View\View->render('Jobs_details', Array, true)
#4 C:\xampp\htdocs\ci4\app\Controllers\Home.php(28): view('Jobs_details', Array)
#5 C:\xampp\htdocs\ci4\system\CodeIgniter.php(832): App\Controllers\Home->Jobs_Details('1', '0')
#6 C:\xampp\htdocs\ci4\system\CodeIgniter.php(419): CodeIgniter\CodeIgniter->runController(Object(App\Controllers\Home))
#7 C:\xampp\htdocs\ci4\system\CodeIgniter.php(326): CodeIgniter\CodeIgniter->handleRequest(NULL, Object(Config\Cache), false)
#8 C:\xampp\htdocs\ci4\index.php(37): CodeIgniter\CodeIgniter->run()
#9 {main}
CRITICAL - 2022-04-22 03:29:49 --> Undefined property: stdClass::$job_id
#0 C:\xampp\htdocs\ci4\app\Views\Jobs_details.php(272): CodeIgniter\Debug\Exceptions->errorHandler(2, 'Undefined prope...', 'C:\\xampp\\htdocs...', 272)
#1 C:\xampp\htdocs\ci4\system\View\View.php(210): include('C:\\xampp\\htdocs...')
#2 C:\xampp\htdocs\ci4\system\View\View.php(213): CodeIgniter\View\View->CodeIgniter\View\{closure}()
#3 C:\xampp\htdocs\ci4\system\Common.php(1089): CodeIgniter\View\View->render('Jobs_details', Array, true)
#4 C:\xampp\htdocs\ci4\app\Controllers\Home.php(28): view('Jobs_details', Array)
#5 C:\xampp\htdocs\ci4\system\CodeIgniter.php(832): App\Controllers\Home->Jobs_Details('1', '0')
#6 C:\xampp\htdocs\ci4\system\CodeIgniter.php(419): CodeIgniter\CodeIgniter->runController(Object(App\Controllers\Home))
#7 C:\xampp\htdocs\ci4\system\CodeIgniter.php(326): CodeIgniter\CodeIgniter->handleRequest(NULL, Object(Config\Cache), false)
#8 C:\xampp\htdocs\ci4\index.php(37): CodeIgniter\CodeIgniter->run()
#9 {main}
CRITICAL - 2022-04-22 03:31:05 --> Too few arguments to function App\Controllers\Home::Jobs_Details(), 0 passed in C:\xampp\htdocs\ci4\system\CodeIgniter.php on line 832 and exactly 1 expected
#0 C:\xampp\htdocs\ci4\system\CodeIgniter.php(832): App\Controllers\Home->Jobs_Details()
#1 C:\xampp\htdocs\ci4\system\CodeIgniter.php(419): CodeIgniter\CodeIgniter->runController(Object(App\Controllers\Home))
#2 C:\xampp\htdocs\ci4\system\CodeIgniter.php(326): CodeIgniter\CodeIgniter->handleRequest(NULL, Object(Config\Cache), false)
#3 C:\xampp\htdocs\ci4\index.php(37): CodeIgniter\CodeIgniter->run()
#4 {main}
CRITICAL - 2022-04-22 03:32:09 --> Too few arguments to function App\Controllers\Home::Jobs_Details(), 0 passed in C:\xampp\htdocs\ci4\system\CodeIgniter.php on line 832 and exactly 1 expected
#0 C:\xampp\htdocs\ci4\system\CodeIgniter.php(832): App\Controllers\Home->Jobs_Details()
#1 C:\xampp\htdocs\ci4\system\CodeIgniter.php(419): CodeIgniter\CodeIgniter->runController(Object(App\Controllers\Home))
#2 C:\xampp\htdocs\ci4\system\CodeIgniter.php(326): CodeIgniter\CodeIgniter->handleRequest(NULL, Object(Config\Cache), false)
#3 C:\xampp\htdocs\ci4\index.php(37): CodeIgniter\CodeIgniter->run()
#4 {main}
CRITICAL - 2022-04-22 03:33:08 --> Too few arguments to function App\Controllers\Home::Jobs_Details(), 0 passed in C:\xampp\htdocs\ci4\system\CodeIgniter.php on line 832 and exactly 1 expected
#0 C:\xampp\htdocs\ci4\system\CodeIgniter.php(832): App\Controllers\Home->Jobs_Details()
#1 C:\xampp\htdocs\ci4\system\CodeIgniter.php(419): CodeIgniter\CodeIgniter->runController(Object(App\Controllers\Home))
#2 C:\xampp\htdocs\ci4\system\CodeIgniter.php(326): CodeIgniter\CodeIgniter->handleRequest(NULL, Object(Config\Cache), false)
#3 C:\xampp\htdocs\ci4\index.php(37): CodeIgniter\CodeIgniter->run()
#4 {main}
CRITICAL - 2022-04-22 03:33:09 --> Too few arguments to function App\Controllers\Home::Jobs_Details(), 0 passed in C:\xampp\htdocs\ci4\system\CodeIgniter.php on line 832 and exactly 1 expected
#0 C:\xampp\htdocs\ci4\system\CodeIgniter.php(832): App\Controllers\Home->Jobs_Details()
#1 C:\xampp\htdocs\ci4\system\CodeIgniter.php(419): CodeIgniter\CodeIgniter->runController(Object(App\Controllers\Home))
#2 C:\xampp\htdocs\ci4\system\CodeIgniter.php(326): CodeIgniter\CodeIgniter->handleRequest(NULL, Object(Config\Cache), false)
#3 C:\xampp\htdocs\ci4\index.php(37): CodeIgniter\CodeIgniter->run()
#4 {main}
CRITICAL - 2022-04-22 03:33:09 --> Too few arguments to function App\Controllers\Home::Jobs_Details(), 0 passed in C:\xampp\htdocs\ci4\system\CodeIgniter.php on line 832 and exactly 1 expected
#0 C:\xampp\htdocs\ci4\system\CodeIgniter.php(832): App\Controllers\Home->Jobs_Details()
#1 C:\xampp\htdocs\ci4\system\CodeIgniter.php(419): CodeIgniter\CodeIgniter->runController(Object(App\Controllers\Home))
#2 C:\xampp\htdocs\ci4\system\CodeIgniter.php(326): CodeIgniter\CodeIgniter->handleRequest(NULL, Object(Config\Cache), false)
#3 C:\xampp\htdocs\ci4\index.php(37): CodeIgniter\CodeIgniter->run()
#4 {main}
CRITICAL - 2022-04-22 03:33:09 --> Too few arguments to function App\Controllers\Home::Jobs_Details(), 0 passed in C:\xampp\htdocs\ci4\system\CodeIgniter.php on line 832 and exactly 1 expected
#0 C:\xampp\htdocs\ci4\system\CodeIgniter.php(832): App\Controllers\Home->Jobs_Details()
#1 C:\xampp\htdocs\ci4\system\CodeIgniter.php(419): CodeIgniter\CodeIgniter->runController(Object(App\Controllers\Home))
#2 C:\xampp\htdocs\ci4\system\CodeIgniter.php(326): CodeIgniter\CodeIgniter->handleRequest(NULL, Object(Config\Cache), false)
#3 C:\xampp\htdocs\ci4\index.php(37): CodeIgniter\CodeIgniter->run()
#4 {main}
CRITICAL - 2022-04-22 03:33:10 --> Too few arguments to function App\Controllers\Home::Jobs_Details(), 0 passed in C:\xampp\htdocs\ci4\system\CodeIgniter.php on line 832 and exactly 1 expected
#0 C:\xampp\htdocs\ci4\system\CodeIgniter.php(832): App\Controllers\Home->Jobs_Details()
#1 C:\xampp\htdocs\ci4\system\CodeIgniter.php(419): CodeIgniter\CodeIgniter->runController(Object(App\Controllers\Home))
#2 C:\xampp\htdocs\ci4\system\CodeIgniter.php(326): CodeIgniter\CodeIgniter->handleRequest(NULL, Object(Config\Cache), false)
#3 C:\xampp\htdocs\ci4\index.php(37): CodeIgniter\CodeIgniter->run()
#4 {main}
CRITICAL - 2022-04-22 03:34:48 --> Undefined property: stdClass::$job_id
#0 C:\xampp\htdocs\ci4\app\Views\Jobs_details.php(272): CodeIgniter\Debug\Exceptions->errorHandler(2, 'Undefined prope...', 'C:\\xampp\\htdocs...', 272)
#1 C:\xampp\htdocs\ci4\system\View\View.php(210): include('C:\\xampp\\htdocs...')
#2 C:\xampp\htdocs\ci4\system\View\View.php(213): CodeIgniter\View\View->CodeIgniter\View\{closure}()
#3 C:\xampp\htdocs\ci4\system\Common.php(1089): CodeIgniter\View\View->render('Jobs_details', Array, true)
#4 C:\xampp\htdocs\ci4\app\Controllers\Home.php(28): view('Jobs_details', Array)
#5 C:\xampp\htdocs\ci4\system\CodeIgniter.php(832): App\Controllers\Home->Jobs_Details('1')
#6 C:\xampp\htdocs\ci4\system\CodeIgniter.php(419): CodeIgniter\CodeIgniter->runController(Object(App\Controllers\Home))
#7 C:\xampp\htdocs\ci4\system\CodeIgniter.php(326): CodeIgniter\CodeIgniter->handleRequest(NULL, Object(Config\Cache), false)
#8 C:\xampp\htdocs\ci4\index.php(37): CodeIgniter\CodeIgniter->run()
#9 {main}
CRITICAL - 2022-04-22 03:36:48 --> Undefined property: stdClass::$job_id
#0 C:\xampp\htdocs\ci4\app\Views\Jobs_details.php(272): CodeIgniter\Debug\Exceptions->errorHandler(2, 'Undefined prope...', 'C:\\xampp\\htdocs...', 272)
#1 C:\xampp\htdocs\ci4\system\View\View.php(210): include('C:\\xampp\\htdocs...')
#2 C:\xampp\htdocs\ci4\system\View\View.php(213): CodeIgniter\View\View->CodeIgniter\View\{closure}()
#3 C:\xampp\htdocs\ci4\system\Common.php(1089): CodeIgniter\View\View->render('Jobs_details', Array, true)
#4 C:\xampp\htdocs\ci4\app\Controllers\Home.php(28): view('Jobs_details', Array)
#5 C:\xampp\htdocs\ci4\system\CodeIgniter.php(832): App\Controllers\Home->Jobs_Details('1', '0')
#6 C:\xampp\htdocs\ci4\system\CodeIgniter.php(419): CodeIgniter\CodeIgniter->runController(Object(App\Controllers\Home))
#7 C:\xampp\htdocs\ci4\system\CodeIgniter.php(326): CodeIgniter\CodeIgniter->handleRequest(NULL, Object(Config\Cache), false)
#8 C:\xampp\htdocs\ci4\index.php(37): CodeIgniter\CodeIgniter->run()
#9 {main}
CRITICAL - 2022-04-22 03:37:47 --> Undefined property: stdClass::$job_id
#0 C:\xampp\htdocs\ci4\app\Views\Jobs_details.php(272): CodeIgniter\Debug\Exceptions->errorHandler(2, 'Undefined prope...', 'C:\\xampp\\htdocs...', 272)
#1 C:\xampp\htdocs\ci4\system\View\View.php(210): include('C:\\xampp\\htdocs...')
#2 C:\xampp\htdocs\ci4\system\View\View.php(213): CodeIgniter\View\View->CodeIgniter\View\{closure}()
#3 C:\xampp\htdocs\ci4\system\Common.php(1089): CodeIgniter\View\View->render('Jobs_details', Array, true)
#4 C:\xampp\htdocs\ci4\app\Controllers\Home.php(28): view('Jobs_details', Array)
#5 C:\xampp\htdocs\ci4\system\CodeIgniter.php(832): App\Controllers\Home->Jobs_Details('1', '0')
#6 C:\xampp\htdocs\ci4\system\CodeIgniter.php(419): CodeIgniter\CodeIgniter->runController(Object(App\Controllers\Home))
#7 C:\xampp\htdocs\ci4\system\CodeIgniter.php(326): CodeIgniter\CodeIgniter->handleRequest(NULL, Object(Config\Cache), false)
#8 C:\xampp\htdocs\ci4\index.php(37): CodeIgniter\CodeIgniter->run()
#9 {main}
CRITICAL - 2022-04-22 03:37:48 --> Undefined property: stdClass::$job_id
#0 C:\xampp\htdocs\ci4\app\Views\Jobs_details.php(272): CodeIgniter\Debug\Exceptions->errorHandler(2, 'Undefined prope...', 'C:\\xampp\\htdocs...', 272)
#1 C:\xampp\htdocs\ci4\system\View\View.php(210): include('C:\\xampp\\htdocs...')
#2 C:\xampp\htdocs\ci4\system\View\View.php(213): CodeIgniter\View\View->CodeIgniter\View\{closure}()
#3 C:\xampp\htdocs\ci4\system\Common.php(1089): CodeIgniter\View\View->render('Jobs_details', Array, true)
#4 C:\xampp\htdocs\ci4\app\Controllers\Home.php(28): view('Jobs_details', Array)
#5 C:\xampp\htdocs\ci4\system\CodeIgniter.php(832): App\Controllers\Home->Jobs_Details('1', '0')
#6 C:\xampp\htdocs\ci4\system\CodeIgniter.php(419): CodeIgniter\CodeIgniter->runController(Object(App\Controllers\Home))
#7 C:\xampp\htdocs\ci4\system\CodeIgniter.php(326): CodeIgniter\CodeIgniter->handleRequest(NULL, Object(Config\Cache), false)
#8 C:\xampp\htdocs\ci4\index.php(37): CodeIgniter\CodeIgniter->run()
#9 {main}
CRITICAL - 2022-04-22 03:37:48 --> Undefined property: stdClass::$job_id
#0 C:\xampp\htdocs\ci4\app\Views\Jobs_details.php(272): CodeIgniter\Debug\Exceptions->errorHandler(2, 'Undefined prope...', 'C:\\xampp\\htdocs...', 272)
#1 C:\xampp\htdocs\ci4\system\View\View.php(210): include('C:\\xampp\\htdocs...')
#2 C:\xampp\htdocs\ci4\system\View\View.php(213): CodeIgniter\View\View->CodeIgniter\View\{closure}()
#3 C:\xampp\htdocs\ci4\system\Common.php(1089): CodeIgniter\View\View->render('Jobs_details', Array, true)
#4 C:\xampp\htdocs\ci4\app\Controllers\Home.php(28): view('Jobs_details', Array)
#5 C:\xampp\htdocs\ci4\system\CodeIgniter.php(832): App\Controllers\Home->Jobs_Details('1', '0')
#6 C:\xampp\htdocs\ci4\system\CodeIgniter.php(419): CodeIgniter\CodeIgniter->runController(Object(App\Controllers\Home))
#7 C:\xampp\htdocs\ci4\system\CodeIgniter.php(326): CodeIgniter\CodeIgniter->handleRequest(NULL, Object(Config\Cache), false)
#8 C:\xampp\htdocs\ci4\index.php(37): CodeIgniter\CodeIgniter->run()
#9 {main}
CRITICAL - 2022-04-22 03:39:58 --> Undefined property: stdClass::$job_id
#0 C:\xampp\htdocs\ci4\app\Views\Jobs_details.php(272): CodeIgniter\Debug\Exceptions->errorHandler(2, 'Undefined prope...', 'C:\\xampp\\htdocs...', 272)
#1 C:\xampp\htdocs\ci4\system\View\View.php(210): include('C:\\xampp\\htdocs...')
#2 C:\xampp\htdocs\ci4\system\View\View.php(213): CodeIgniter\View\View->CodeIgniter\View\{closure}()
#3 C:\xampp\htdocs\ci4\system\Common.php(1089): CodeIgniter\View\View->render('Jobs_details', Array, true)
#4 C:\xampp\htdocs\ci4\app\Controllers\Home.php(28): view('Jobs_details', Array)
#5 C:\xampp\htdocs\ci4\system\CodeIgniter.php(832): App\Controllers\Home->Jobs_Details('1', '0')
#6 C:\xampp\htdocs\ci4\system\CodeIgniter.php(419): CodeIgniter\CodeIgniter->runController(Object(App\Controllers\Home))
#7 C:\xampp\htdocs\ci4\system\CodeIgniter.php(326): CodeIgniter\CodeIgniter->handleRequest(NULL, Object(Config\Cache), false)
#8 C:\xampp\htdocs\ci4\index.php(37): CodeIgniter\CodeIgniter->run()
#9 {main}
CRITICAL - 2022-04-22 03:40:05 --> Undefined property: stdClass::$job_id
#0 C:\xampp\htdocs\ci4\app\Views\Jobs_details.php(272): CodeIgniter\Debug\Exceptions->errorHandler(2, 'Undefined prope...', 'C:\\xampp\\htdocs...', 272)
#1 C:\xampp\htdocs\ci4\system\View\View.php(210): include('C:\\xampp\\htdocs...')
#2 C:\xampp\htdocs\ci4\system\View\View.php(213): CodeIgniter\View\View->CodeIgniter\View\{closure}()
#3 C:\xampp\htdocs\ci4\system\Common.php(1089): CodeIgniter\View\View->render('Jobs_details', Array, true)
#4 C:\xampp\htdocs\ci4\app\Controllers\Home.php(28): view('Jobs_details', Array)
#5 C:\xampp\htdocs\ci4\system\CodeIgniter.php(832): App\Controllers\Home->Jobs_Details('1', '0')
#6 C:\xampp\htdocs\ci4\system\CodeIgniter.php(419): CodeIgniter\CodeIgniter->runController(Object(App\Controllers\Home))
#7 C:\xampp\htdocs\ci4\system\CodeIgniter.php(326): CodeIgniter\CodeIgniter->handleRequest(NULL, Object(Config\Cache), false)
#8 C:\xampp\htdocs\ci4\index.php(37): CodeIgniter\CodeIgniter->run()
#9 {main}
CRITICAL - 2022-04-22 03:41:56 --> Undefined property: stdClass::$job_id
#0 C:\xampp\htdocs\ci4\app\Views\Jobs_details.php(272): CodeIgniter\Debug\Exceptions->errorHandler(2, 'Undefined prope...', 'C:\\xampp\\htdocs...', 272)
#1 C:\xampp\htdocs\ci4\system\View\View.php(210): include('C:\\xampp\\htdocs...')
#2 C:\xampp\htdocs\ci4\system\View\View.php(213): CodeIgniter\View\View->CodeIgniter\View\{closure}()
#3 C:\xampp\htdocs\ci4\system\Common.php(1089): CodeIgniter\View\View->render('Jobs_details', Array, true)
#4 C:\xampp\htdocs\ci4\app\Controllers\Home.php(28): view('Jobs_details', Array)
#5 C:\xampp\htdocs\ci4\system\CodeIgniter.php(832): App\Controllers\Home->Jobs_Details('1', '0')
#6 C:\xampp\htdocs\ci4\system\CodeIgniter.php(419): CodeIgniter\CodeIgniter->runController(Object(App\Controllers\Home))
#7 C:\xampp\htdocs\ci4\system\CodeIgniter.php(326): CodeIgniter\CodeIgniter->handleRequest(NULL, Object(Config\Cache), false)
#8 C:\xampp\htdocs\ci4\index.php(37): CodeIgniter\CodeIgniter->run()
#9 {main}
CRITICAL - 2022-04-22 03:42:49 --> Undefined property: stdClass::$job_id
#0 C:\xampp\htdocs\ci4\app\Views\Jobs_details.php(272): CodeIgniter\Debug\Exceptions->errorHandler(2, 'Undefined prope...', 'C:\\xampp\\htdocs...', 272)
#1 C:\xampp\htdocs\ci4\system\View\View.php(210): include('C:\\xampp\\htdocs...')
#2 C:\xampp\htdocs\ci4\system\View\View.php(213): CodeIgniter\View\View->CodeIgniter\View\{closure}()
#3 C:\xampp\htdocs\ci4\system\Common.php(1089): CodeIgniter\View\View->render('Jobs_details', Array, true)
#4 C:\xampp\htdocs\ci4\app\Controllers\Home.php(28): view('Jobs_details', Array)
#5 C:\xampp\htdocs\ci4\system\CodeIgniter.php(832): App\Controllers\Home->Jobs_Details('1', '0')
#6 C:\xampp\htdocs\ci4\system\CodeIgniter.php(419): CodeIgniter\CodeIgniter->runController(Object(App\Controllers\Home))
#7 C:\xampp\htdocs\ci4\system\CodeIgniter.php(326): CodeIgniter\CodeIgniter->handleRequest(NULL, Object(Config\Cache), false)
#8 C:\xampp\htdocs\ci4\index.php(37): CodeIgniter\CodeIgniter->run()
#9 {main}
CRITICAL - 2022-04-22 04:37:25 --> view(): Argument #2 ($data) must be of type array, string given, called in C:\xampp\htdocs\ci4\app\Controllers\Home.php on line 33
#0 C:\xampp\htdocs\ci4\app\Controllers\Home.php(33): view('ApplicationForm', '1')
#1 C:\xampp\htdocs\ci4\system\CodeIgniter.php(832): App\Controllers\Home->Application('1', '0')
#2 C:\xampp\htdocs\ci4\system\CodeIgniter.php(419): CodeIgniter\CodeIgniter->runController(Object(App\Controllers\Home))
#3 C:\xampp\htdocs\ci4\system\CodeIgniter.php(326): CodeIgniter\CodeIgniter->handleRequest(NULL, Object(Config\Cache), false)
#4 C:\xampp\htdocs\ci4\index.php(37): CodeIgniter\CodeIgniter->run()
#5 {main}
CRITICAL - 2022-04-22 04:38:06 --> view(): Argument #2 ($data) must be of type array, string given, called in C:\xampp\htdocs\ci4\app\Controllers\Home.php on line 33
#0 C:\xampp\htdocs\ci4\app\Controllers\Home.php(33): view('ApplicationForm', '1')
#1 C:\xampp\htdocs\ci4\system\CodeIgniter.php(832): App\Controllers\Home->Application('1', '0')
#2 C:\xampp\htdocs\ci4\system\CodeIgniter.php(419): CodeIgniter\CodeIgniter->runController(Object(App\Controllers\Home))
#3 C:\xampp\htdocs\ci4\system\CodeIgniter.php(326): CodeIgniter\CodeIgniter->handleRequest(NULL, Object(Config\Cache), false)
#4 C:\xampp\htdocs\ci4\index.php(37): CodeIgniter\CodeIgniter->run()
#5 {main}
CRITICAL - 2022-04-22 06:16:17 --> Too few arguments to function App\Controllers\Home::Jobs(), 0 passed in C:\xampp\htdocs\ci4\system\CodeIgniter.php on line 832 and exactly 1 expected
#0 C:\xampp\htdocs\ci4\system\CodeIgniter.php(832): App\Controllers\Home->Jobs()
#1 C:\xampp\htdocs\ci4\system\CodeIgniter.php(419): CodeIgniter\CodeIgniter->runController(Object(App\Controllers\Home))
#2 C:\xampp\htdocs\ci4\system\CodeIgniter.php(326): CodeIgniter\CodeIgniter->handleRequest(NULL, Object(Config\Cache), false)
#3 C:\xampp\htdocs\ci4\index.php(37): CodeIgniter\CodeIgniter->run()
#4 {main}
CRITICAL - 2022-04-22 06:17:08 --> Too few arguments to function App\Controllers\Home::Jobs(), 0 passed in C:\xampp\htdocs\ci4\system\CodeIgniter.php on line 832 and exactly 1 expected
#0 C:\xampp\htdocs\ci4\system\CodeIgniter.php(832): App\Controllers\Home->Jobs()
#1 C:\xampp\htdocs\ci4\system\CodeIgniter.php(419): CodeIgniter\CodeIgniter->runController(Object(App\Controllers\Home))
#2 C:\xampp\htdocs\ci4\system\CodeIgniter.php(326): CodeIgniter\CodeIgniter->handleRequest(NULL, Object(Config\Cache), false)
#3 C:\xampp\htdocs\ci4\index.php(37): CodeIgniter\CodeIgniter->run()
#4 {main}
